((venv) ) yonghyeon@DESKTOP-OAFQIA8:~/2025miraeAIfestival$ python3 -m scripts.prefetch_yf --start 2024-11-01 --end 2024-12-01

1 Failed download:
['499790.KS']: YFPricesMissingError('possibly delisted; no price data found  (1d 2024-11-01 -> 2024-12-01) (Yahoo error = "Data doesn\'t exist for startDate = 1730386800, endDate = 1732978800")')

1 Failed download:
['064400.KS']: YFPricesMissingError('possibly delisted; no price data found  (1d 2024-11-01 -> 2024-12-01) (Yahoo error = "Data doesn\'t exist for startDate = 1730386800, endDate = 1732978800")')

2 Failed downloads:
['0030R0.KS', '483650.KS']: YFPricesMissingError('possibly delisted; no price data found  (1d 2024-11-01 -> 2024-12-01) (Yahoo error = "Data doesn\'t exist for startDate = 1730386800, endDate = 1732978800")')

2 Failed downloads:
['031210.KS', '480370.KS']: YFPricesMissingError('possibly delisted; no price data found  (1d 2024-11-01 -> 2024-12-01) (Yahoo error = "Data doesn\'t exist for startDate = 1730386800, endDate = 1732978800")')

1 Failed download:
['484870.KS']: YFPricesMissingError('possibly delisted; no price data found  (1d 2024-11-01 -> 2024-12-01) (Yahoo error = "Data doesn\'t exist for startDate = 1730386800, endDate = 1732978800")')

1 Failed download:
['099520.KQ']: YFTzMissingError('possibly delisted; no timezone found')

4 Failed downloads:
['226360.KQ', '111870.KQ']: YFPricesMissingError('possibly delisted; no price data found  (1d 2024-11-01 -> 2024-12-01)')
['0037T0.KQ', '492220.KQ']: YFPricesMissingError('possibly delisted; no price data found  (1d 2024-11-01 -> 2024-12-01) (Yahoo error = "Data doesn\'t exist for startDate = 1730386800, endDate = 1732978800")')

2 Failed downloads:
['463020.KQ', '459510.KQ']: YFPricesMissingError('possibly delisted; no price data found  (1d 2024-11-01 -> 2024-12-01) (Yahoo error = "Data doesn\'t exist for startDate = 1730386800, endDate = 1732978800")')

6 Failed downloads:
['462310.KQ', '373160.KQ', '462860.KQ', '303810.KQ', '393970.KQ', '240550.KQ']: YFPricesMissingError('possibly delisted; no price data found  (1d 2024-11-01 -> 2024-12-01) (Yahoo error = "Data doesn\'t exist for startDate = 1730386800, endDate = 1732978800")')

2 Failed downloads:
['376900.KQ', '474650.KQ']: YFPricesMissingError('possibly delisted; no price data found  (1d 2024-11-01 -> 2024-12-01) (Yahoo error = "Data doesn\'t exist for startDate = 1730386800, endDate = 1732978800")')

6 Failed downloads:
['489460.KQ', '463480.KQ', '478560.KQ', '457600.KQ', '475460.KQ']: YFPricesMissingError('possibly delisted; no price data found  (1d 2024-11-01 -> 2024-12-01) (Yahoo error = "Data doesn\'t exist for startDate = 1730386800, endDate = 1732978800")')
['188040.KQ']: YFPricesMissingError('possibly delisted; no price data found  (1d 2024-11-01 -> 2024-12-01)')

1 Failed download:
['482630.KQ']: YFPricesMissingError('possibly delisted; no price data found  (1d 2024-11-01 -> 2024-12-01) (Yahoo error = "Data doesn\'t exist for startDate = 1730386800, endDate = 1732978800")')

3 Failed downloads:
['471820.KQ', '496070.KQ', '487360.KQ']: YFPricesMissingError('possibly delisted; no price data found  (1d 2024-11-01 -> 2024-12-01) (Yahoo error = "Data doesn\'t exist for startDate = 1730386800, endDate = 1732978800")')

8 Failed downloads:
['462980.KQ', '331740.KQ', '212710.KQ', '177900.KQ', '234030.KQ', '081180.KQ', '450950.KQ', '444530.KQ']: YFPricesMissingError('possibly delisted; no price data found  (1d 2024-11-01 -> 2024-12-01) (Yahoo error = "Data doesn\'t exist for startDate = 1730386800, endDate = 1732978800")')

3 Failed downloads:
['460870.KQ', '435570.KQ', '398120.KQ']: YFPricesMissingError('possibly delisted; no price data found  (1d 2024-11-01 -> 2024-12-01) (Yahoo error = "Data doesn\'t exist for startDate = 1730386800, endDate = 1732978800")')

5 Failed downloads:
['489500.KQ', '481070.KQ', '364950.KQ', '226590.KQ', '432980.KQ']: YFPricesMissingError('possibly delisted; no price data found  (1d 2024-11-01 -> 2024-12-01) (Yahoo error = "Data doesn\'t exist for startDate = 1730386800, endDate = 1732978800")')

7 Failed downloads:
['136150.KQ', '475830.KQ', '476040.KQ', '382150.KQ', '096250.KQ', '476060.KQ', '101970.KQ']: YFPricesMissingError('possibly delisted; no price data found  (1d 2024-11-01 -> 2024-12-01) (Yahoo error = "Data doesn\'t exist for startDate = 1730386800, endDate = 1732978800")')

3 Failed downloads:
['424870.KQ', '479960.KQ', '493790.KQ']: YFPricesMissingError('possibly delisted; no price data found  (1d 2024-11-01 -> 2024-12-01) (Yahoo error = "Data doesn\'t exist for startDate = 1730386800, endDate = 1732978800")')

2 Failed downloads:
['174880.KQ']: YFPricesMissingError('possibly delisted; no price data found  (1d 2024-11-01 -> 2024-12-01)')
['287840.KQ']: YFPricesMissingError('possibly delisted; no price data found  (1d 2024-11-01 -> 2024-12-01) (Yahoo error = "Data doesn\'t exist for startDate = 1730386800, endDate = 1732978800")')

2 Failed downloads:
['455180.KQ', '340450.KQ']: YFPricesMissingError('possibly delisted; no price data found  (1d 2024-11-01 -> 2024-12-01) (Yahoo error = "Data doesn\'t exist for startDate = 1730386800, endDate = 1732978800")')

3 Failed downloads:
['475430.KQ', '489480.KQ', '487720.KQ']: YFPricesMissingError('possibly delisted; no price data found  (1d 2024-11-01 -> 2024-12-01) (Yahoo error = "Data doesn\'t exist for startDate = 1730386800, endDate = 1732978800")')

3 Failed downloads:
['125020.KQ', '484810.KQ', '387570.KQ']: YFPricesMissingError('possibly delisted; no price data found  (1d 2024-11-01 -> 2024-12-01) (Yahoo error = "Data doesn\'t exist for startDate = 1730386800, endDate = 1732978800")')

1 Failed download:
['452450.KQ']: YFPricesMissingError('possibly delisted; no price data found  (1d 2024-11-01 -> 2024-12-01) (Yahoo error = "Data doesn\'t exist for startDate = 1730386800, endDate = 1732978800")')

3 Failed downloads:
['^KQ100']: YFPricesMissingError('possibly delisted; no price data found  (1d 2024-11-01 -> 2024-12-01)')
['498390.KQ', '098070.KQ']: YFPricesMissingError('possibly delisted; no price data found  (1d 2024-11-01 -> 2024-12-01) (Yahoo error = "Data doesn\'t exist for startDate = 1730386800, endDate = 1732978800")')
[OK] Rate-limit 없이 모든 티커 수집 완료