((venv) ) yonghyeon@DESKTOP-OAFQIA8:~/2025miraeAIfestival$ python3 -m scripts.prefetch_yf --start 2024-02-01 --end 2024-03-01

4 Failed downloads:
['443060.KS', '499790.KS', '415640.KS', '487570.KS']: YFPricesMissingError('possibly delisted; no price data found  (1d 2024-02-01 -> 2024-03-02) (Yahoo error = "Data doesn\'t exist for startDate = 1706713200, endDate = 1709305200")')

2 Failed downloads:
['475150.KS', '064400.KS']: YFPricesMissingError('possibly delisted; no price data found  (1d 2024-02-01 -> 2024-03-02) (Yahoo error = "Data doesn\'t exist for startDate = 1706713200, endDate = 1709305200")')

2 Failed downloads:
['0030R0.KS', '483650.KS']: YFPricesMissingError('possibly delisted; no price data found  (1d 2024-02-01 -> 2024-03-02) (Yahoo error = "Data doesn\'t exist for startDate = 1706713200, endDate = 1709305200")')

1 Failed download:
['475560.KS']: YFPricesMissingError('possibly delisted; no price data found  (1d 2024-02-01 -> 2024-03-02) (Yahoo error = "Data doesn\'t exist for startDate = 1706713200, endDate = 1709305200")')

1 Failed download:
['062040.KS']: YFPricesMissingError('possibly delisted; no price data found  (1d 2024-02-01 -> 2024-03-02) (Yahoo error = "Data doesn\'t exist for startDate = 1706713200, endDate = 1709305200")')

4 Failed downloads:
['031210.KS', '462870.KS', '480370.KS', '481850.KS']: YFPricesMissingError('possibly delisted; no price data found  (1d 2024-02-01 -> 2024-03-02) (Yahoo error = "Data doesn\'t exist for startDate = 1706713200, endDate = 1709305200")')

2 Failed downloads:
['079900.KS', '484870.KS']: YFPricesMissingError('possibly delisted; no price data found  (1d 2024-02-01 -> 2024-03-02) (Yahoo error = "Data doesn\'t exist for startDate = 1706713200, endDate = 1709305200")')

1 Failed download:
['489790.KS']: YFPricesMissingError('possibly delisted; no price data found  (1d 2024-02-01 -> 2024-03-02) (Yahoo error = "Data doesn\'t exist for startDate = 1706713200, endDate = 1709305200")')

2 Failed downloads:
['477760.KQ']: YFPricesMissingError('possibly delisted; no price data found  (1d 2024-02-01 -> 2024-03-02) (Yahoo error = "Data doesn\'t exist for startDate = 1706713200, endDate = 1709305200")')
['099520.KQ']: YFTzMissingError('possibly delisted; no timezone found')

6 Failed downloads:
['486630.KQ', '478390.KQ', '492220.KQ', '476080.KQ', '0037T0.KQ', '474610.KQ']: YFPricesMissingError('possibly delisted; no price data found  (1d 2024-02-01 -> 2024-03-02) (Yahoo error = "Data doesn\'t exist for startDate = 1706713200, endDate = 1709305200")')

8 Failed downloads:
['482520.KQ', '389650.KQ', '453450.KQ', '463020.KQ', '145170.KQ', '489210.KQ', '473980.KQ', '459510.KQ']: YFPricesMissingError('possibly delisted; no price data found  (1d 2024-02-01 -> 2024-03-02) (Yahoo error = "Data doesn\'t exist for startDate = 1706713200, endDate = 1709305200")')

10 Failed downloads:
['323350.KQ', '373160.KQ', '482690.KQ', '393970.KQ', '462860.KQ', '303810.KQ', '478780.KQ', '240550.KQ', '462310.KQ', '464580.KQ']: YFPricesMissingError('possibly delisted; no price data found  (1d 2024-02-01 -> 2024-03-02) (Yahoo error = "Data doesn\'t exist for startDate = 1706713200, endDate = 1709305200")')

6 Failed downloads:
['489730.KQ', '462510.KQ', '376900.KQ', '474650.KQ', '347850.KQ', '474170.KQ']: YFPricesMissingError('possibly delisted; no price data found  (1d 2024-02-01 -> 2024-03-02) (Yahoo error = "Data doesn\'t exist for startDate = 1706713200, endDate = 1709305200")')

11 Failed downloads:
['478560.KQ', '199480.KQ', '477380.KQ', '482680.KQ', '489460.KQ', '452200.KQ', '475460.KQ', '477470.KQ', '457600.KQ', '478440.KQ', '463480.KQ']: YFPricesMissingError('possibly delisted; no price data found  (1d 2024-02-01 -> 2024-03-02) (Yahoo error = "Data doesn\'t exist for startDate = 1706713200, endDate = 1709305200")')

6 Failed downloads:
['458650.KQ', '473370.KQ', '466410.KQ', '437730.KQ', '451250.KQ', '482630.KQ']: YFPricesMissingError('possibly delisted; no price data found  (1d 2024-02-01 -> 2024-03-02) (Yahoo error = "Data doesn\'t exist for startDate = 1706713200, endDate = 1709305200")')

8 Failed downloads:
['471820.KQ', '056090.KQ', '474930.KQ', '487360.KQ', '487830.KQ', '308430.KQ', '474660.KQ', '496070.KQ']: YFPricesMissingError('possibly delisted; no price data found  (1d 2024-02-01 -> 2024-03-02) (Yahoo error = "Data doesn\'t exist for startDate = 1706713200, endDate = 1709305200")')

17 Failed downloads:
['450950.KQ', '475400.KQ', '212710.KQ', '331740.KQ', '464500.KQ', '461030.KQ', '177900.KQ', '462980.KQ', '234030.KQ', '394800.KQ', '469750.KQ', '458870.KQ', '456010.KQ', '461300.KQ', '460470.KQ', '444530.KQ', '081180.KQ']: YFPricesMissingError('possibly delisted; no price data found  (1d 2024-02-01 -> 2024-03-02) (Yahoo error = "Data doesn\'t exist for startDate = 1706713200, endDate = 1709305200")')

10 Failed downloads:
['473950.KQ', '475580.KQ', '460870.KQ', '472230.KQ', '473000.KQ', '435570.KQ', '398120.KQ', '163280.KQ', '464080.KQ', '475660.KQ']: YFPricesMissingError('possibly delisted; no price data found  (1d 2024-02-01 -> 2024-03-02) (Yahoo error = "Data doesn\'t exist for startDate = 1706713200, endDate = 1709305200")')

12 Failed downloads:
['481070.KQ', '364950.KQ', '489500.KQ', '226590.KQ', '295310.KQ', '413390.KQ', '373110.KQ', '481890.KQ', '376270.KQ', '432980.KQ', '477340.KQ', '455900.KQ']: YFPricesMissingError('possibly delisted; no price data found  (1d 2024-02-01 -> 2024-03-02) (Yahoo error = "Data doesn\'t exist for startDate = 1706713200, endDate = 1709305200")')

9 Failed downloads:
['036220.KQ', '101970.KQ', '382150.KQ', '209640.KQ', '136150.KQ', '476060.KQ', '475830.KQ', '476040.KQ', '096250.KQ']: YFPricesMissingError('possibly delisted; no price data found  (1d 2024-02-01 -> 2024-03-02) (Yahoo error = "Data doesn\'t exist for startDate = 1706713200, endDate = 1709305200")')

11 Failed downloads:
['459100.KQ', '462350.KQ', '479960.KQ', '424870.KQ', '474490.KQ', '088340.KQ', '289930.KQ', '478110.KQ', '493790.KQ', '389680.KQ', '488060.KQ']: YFPricesMissingError('possibly delisted; no price data found  (1d 2024-02-01 -> 2024-03-02) (Yahoo error = "Data doesn\'t exist for startDate = 1706713200, endDate = 1709305200")')

6 Failed downloads:
['456070.KQ', '420570.KQ', '287840.KQ', '412540.KQ', '381620.KQ', '465480.KQ']: YFPricesMissingError('possibly delisted; no price data found  (1d 2024-02-01 -> 2024-03-02) (Yahoo error = "Data doesn\'t exist for startDate = 1706713200, endDate = 1709305200")')

6 Failed downloads:
['351870.KQ', '431190.KQ', '140430.KQ', '455180.KQ', '340450.KQ', '199430.KQ']: YFPricesMissingError('possibly delisted; no price data found  (1d 2024-02-01 -> 2024-03-02) (Yahoo error = "Data doesn\'t exist for startDate = 1706713200, endDate = 1709305200")')

7 Failed downloads:
['475960.KQ', '466100.KQ', '126730.KQ', '489480.KQ', '487720.KQ', '336680.KQ', '475430.KQ']: YFPricesMissingError('possibly delisted; no price data found  (1d 2024-02-01 -> 2024-03-02) (Yahoo error = "Data doesn\'t exist for startDate = 1706713200, endDate = 1709305200")')

5 Failed downloads:
['484810.KQ', '387570.KQ', '464280.KQ', '125020.KQ', '318020.KQ']: YFPricesMissingError('possibly delisted; no price data found  (1d 2024-02-01 -> 2024-03-02) (Yahoo error = "Data doesn\'t exist for startDate = 1706713200, endDate = 1709305200")')

9 Failed downloads:
['475240.KQ', '160190.KQ', '452450.KQ', '450330.KQ', '469900.KQ', '479880.KQ', '484130.KQ', '460940.KQ', '475250.KQ']: YFPricesMissingError('possibly delisted; no price data found  (1d 2024-02-01 -> 2024-03-02) (Yahoo error = "Data doesn\'t exist for startDate = 1706713200, endDate = 1709305200")')

4 Failed downloads:
['098070.KQ', '457370.KQ', '498390.KQ']: YFPricesMissingError('possibly delisted; no price data found  (1d 2024-02-01 -> 2024-03-02) (Yahoo error = "Data doesn\'t exist for startDate = 1706713200, endDate = 1709305200")')
['^KQ100']: YFPricesMissingError('possibly delisted; no price data found  (1d 2024-02-01 -> 2024-03-02)')
[OK] Rate-limit 없이 모든 티커 수집 완료