((venv) ) yonghyeon@DESKTOP-OAFQIA8:~/2025miraeAIfestival$ python3 -m scripts.prefetch_yf --start 2024-12-01 --end 2025-01-01

1 Failed download:
['064400.KS']: YFPricesMissingError('possibly delisted; no price data found  (1d 2024-12-01 -> 2025-01-01) (Yahoo error = "Data doesn\'t exist for startDate = 1732978800, endDate = 1735657200")')

2 Failed downloads:
['483650.KS', '0030R0.KS']: YFPricesMissingError('possibly delisted; no price data found  (1d 2024-12-01 -> 2025-01-01) (Yahoo error = "Data doesn\'t exist for startDate = 1732978800, endDate = 1735657200")')

2 Failed downloads:
['480370.KS', '031210.KS']: YFPricesMissingError('possibly delisted; no price data found  (1d 2024-12-01 -> 2025-01-01) (Yahoo error = "Data doesn\'t exist for startDate = 1732978800, endDate = 1735657200")')

1 Failed download:
['099520.KQ']: YFTzMissingError('possibly delisted; no timezone found')

3 Failed downloads:
['111870.KQ', '226360.KQ']: YFPricesMissingError('possibly delisted; no price data found  (1d 2024-12-01 -> 2025-01-01)')
['0037T0.KQ']: YFPricesMissingError('possibly delisted; no price data found  (1d 2024-12-01 -> 2025-01-01) (Yahoo error = "Data doesn\'t exist for startDate = 1732978800, endDate = 1735657200")')

2 Failed downloads:
['459510.KQ', '463020.KQ']: YFPricesMissingError('possibly delisted; no price data found  (1d 2024-12-01 -> 2025-01-01) (Yahoo error = "Data doesn\'t exist for startDate = 1732978800, endDate = 1735657200")')

6 Failed downloads:
['462860.KQ', '240550.KQ', '373160.KQ', '303810.KQ', '462310.KQ', '393970.KQ']: YFPricesMissingError('possibly delisted; no price data found  (1d 2024-12-01 -> 2025-01-01) (Yahoo error = "Data doesn\'t exist for startDate = 1732978800, endDate = 1735657200")')

2 Failed downloads:
['474650.KQ', '376900.KQ']: YFPricesMissingError('possibly delisted; no price data found  (1d 2024-12-01 -> 2025-01-01) (Yahoo error = "Data doesn\'t exist for startDate = 1732978800, endDate = 1735657200")')

5 Failed downloads:
['188040.KQ']: YFPricesMissingError('possibly delisted; no price data found  (1d 2024-12-01 -> 2025-01-01)')
['478560.KQ', '463480.KQ', '475460.KQ', '489460.KQ']: YFPricesMissingError('possibly delisted; no price data found  (1d 2024-12-01 -> 2025-01-01) (Yahoo error = "Data doesn\'t exist for startDate = 1732978800, endDate = 1735657200")')

1 Failed download:
['482630.KQ']: YFPricesMissingError('possibly delisted; no price data found  (1d 2024-12-01 -> 2025-01-01) (Yahoo error = "Data doesn\'t exist for startDate = 1732978800, endDate = 1735657200")')

1 Failed download:
['496070.KQ']: YFPricesMissingError('possibly delisted; no price data found  (1d 2024-12-01 -> 2025-01-01) (Yahoo error = "Data doesn\'t exist for startDate = 1732978800, endDate = 1735657200")')

7 Failed downloads:
['212710.KQ', '331740.KQ', '462980.KQ', '081180.KQ', '234030.KQ', '444530.KQ', '450950.KQ']: YFPricesMissingError('possibly delisted; no price data found  (1d 2024-12-01 -> 2025-01-01) (Yahoo error = "Data doesn\'t exist for startDate = 1732978800, endDate = 1735657200")')

2 Failed downloads:
['460870.KQ', '435570.KQ']: YFPricesMissingError('possibly delisted; no price data found  (1d 2024-12-01 -> 2025-01-01) (Yahoo error = "Data doesn\'t exist for startDate = 1732978800, endDate = 1735657200")')

4 Failed downloads:
['481070.KQ', '489500.KQ', '226590.KQ', '364950.KQ']: YFPricesMissingError('possibly delisted; no price data found  (1d 2024-12-01 -> 2025-01-01) (Yahoo error = "Data doesn\'t exist for startDate = 1732978800, endDate = 1735657200")')

5 Failed downloads:
['096250.KQ', '136150.KQ', '475830.KQ', '476040.KQ', '101970.KQ']: YFPricesMissingError('possibly delisted; no price data found  (1d 2024-12-01 -> 2025-01-01) (Yahoo error = "Data doesn\'t exist for startDate = 1732978800, endDate = 1735657200")')

3 Failed downloads:
['493790.KQ', '424870.KQ', '479960.KQ']: YFPricesMissingError('possibly delisted; no price data found  (1d 2024-12-01 -> 2025-01-01) (Yahoo error = "Data doesn\'t exist for startDate = 1732978800, endDate = 1735657200")')

2 Failed downloads:
['287840.KQ']: YFPricesMissingError('possibly delisted; no price data found  (1d 2024-12-01 -> 2025-01-01) (Yahoo error = "Data doesn\'t exist for startDate = 1732978800, endDate = 1735657200")')
['174880.KQ']: YFPricesMissingError('possibly delisted; no price data found  (1d 2024-12-01 -> 2025-01-01)')

2 Failed downloads:
['455180.KQ', '340450.KQ']: YFPricesMissingError('possibly delisted; no price data found  (1d 2024-12-01 -> 2025-01-01) (Yahoo error = "Data doesn\'t exist for startDate = 1732978800, endDate = 1735657200")')

1 Failed download:
['475430.KQ']: YFPricesMissingError('possibly delisted; no price data found  (1d 2024-12-01 -> 2025-01-01) (Yahoo error = "Data doesn\'t exist for startDate = 1732978800, endDate = 1735657200")')

2 Failed downloads:
['125020.KQ', '484810.KQ']: YFPricesMissingError('possibly delisted; no price data found  (1d 2024-12-01 -> 2025-01-01) (Yahoo error = "Data doesn\'t exist for startDate = 1732978800, endDate = 1735657200")')

1 Failed download:
['452450.KQ']: YFPricesMissingError('possibly delisted; no price data found  (1d 2024-12-01 -> 2025-01-01) (Yahoo error = "Data doesn\'t exist for startDate = 1732978800, endDate = 1735657200")')

3 Failed downloads:
['098070.KQ', '498390.KQ']: YFPricesMissingError('possibly delisted; no price data found  (1d 2024-12-01 -> 2025-01-01) (Yahoo error = "Data doesn\'t exist for startDate = 1732978800, endDate = 1735657200")')
['^KQ100']: YFPricesMissingError('possibly delisted; no price data found  (1d 2024-12-01 -> 2025-01-01)')
[OK] Rate-limit 없이 모든 티커 수집 완료