((venv) ) yonghyeon@DESKTOP-OAFQIA8:~/2025miraeAIfestival$ python3 -m scripts.prefetch_yf --start 2025-04-01 --end 2025-05-01

2 Failed downloads:
['483650.KS', '0030R0.KS']: YFPricesMissingError('possibly delisted; no price data found  (1d 2025-04-01 -> 2025-05-01) (Yahoo error = "Data doesn\'t exist for startDate = 1743433200, endDate = 1746025200")')

1 Failed download:
['099520.KQ']: YFTzMissingError('possibly delisted; no timezone found')

3 Failed downloads:
['111870.KQ', '226360.KQ']: YFPricesMissingError('possibly delisted; no price data found  (1d 2025-04-01 -> 2025-05-01)')
['0037T0.KQ']: YFPricesMissingError('possibly delisted; no price data found  (1d 2025-04-01 -> 2025-05-01) (Yahoo error = "Data doesn\'t exist for startDate = 1743433200, endDate = 1746025200")')

2 Failed downloads:
['463020.KQ', '459510.KQ']: YFPricesMissingError('possibly delisted; no price data found  (1d 2025-04-01 -> 2025-05-01) (Yahoo error = "Data doesn\'t exist for startDate = 1743433200, endDate = 1746025200")')

1 Failed download:
['462310.KQ']: YFPricesMissingError('possibly delisted; no price data found  (1d 2025-04-01 -> 2025-05-01) (Yahoo error = "Data doesn\'t exist for startDate = 1743433200, endDate = 1746025200")')

2 Failed downloads:
['376900.KQ', '474650.KQ']: YFPricesMissingError('possibly delisted; no price data found  (1d 2025-04-01 -> 2025-05-01) (Yahoo error = "Data doesn\'t exist for startDate = 1743433200, endDate = 1746025200")')

1 Failed download:
['489460.KQ']: YFPricesMissingError('possibly delisted; no price data found  (1d 2025-04-01 -> 2025-05-01) (Yahoo error = "Data doesn\'t exist for startDate = 1743433200, endDate = 1746025200")')

1 Failed download:
['496070.KQ']: YFPricesMissingError('possibly delisted; no price data found  (1d 2025-04-01 -> 2025-05-01) (Yahoo error = "Data doesn\'t exist for startDate = 1743433200, endDate = 1746025200")')

2 Failed downloads:
['331740.KQ', '234030.KQ']: YFPricesMissingError('possibly delisted; no price data found  (1d 2025-04-01 -> 2025-05-01) (Yahoo error = "Data doesn\'t exist for startDate = 1743433200, endDate = 1746025200")')

2 Failed downloads:
['136150.KQ', '476040.KQ']: YFPricesMissingError('possibly delisted; no price data found  (1d 2025-04-01 -> 2025-05-01) (Yahoo error = "Data doesn\'t exist for startDate = 1743433200, endDate = 1746025200")')

1 Failed download:
['424870.KQ']: YFPricesMissingError('possibly delisted; no price data found  (1d 2025-04-01 -> 2025-05-01) (Yahoo error = "Data doesn\'t exist for startDate = 1743433200, endDate = 1746025200")')

2 Failed downloads:
['174880.KQ']: YFPricesMissingError('possibly delisted; no price data found  (1d 2025-04-01 -> 2025-05-01)')
['287840.KQ']: YFPricesMissingError('possibly delisted; no price data found  (1d 2025-04-01 -> 2025-05-01) (Yahoo error = "Data doesn\'t exist for startDate = 1743433200, endDate = 1746025200")')

2 Failed downloads:
['340450.KQ', '455180.KQ']: YFPricesMissingError('possibly delisted; no price data found  (1d 2025-04-01 -> 2025-05-01) (Yahoo error = "Data doesn\'t exist for startDate = 1743433200, endDate = 1746025200")')

1 Failed download:
['475430.KQ']: YFPricesMissingError('possibly delisted; no price data found  (1d 2025-04-01 -> 2025-05-01) (Yahoo error = "Data doesn\'t exist for startDate = 1743433200, endDate = 1746025200")')

1 Failed download:
['125020.KQ']: YFPricesMissingError('possibly delisted; no price data found  (1d 2025-04-01 -> 2025-05-01) (Yahoo error = "Data doesn\'t exist for startDate = 1743433200, endDate = 1746025200")')

1 Failed download:
['^KQ100']: YFPricesMissingError('possibly delisted; no price data found  (1d 2025-04-01 -> 2025-05-01)')
[OK] Rate-limit 없이 모든 티커 수집 완료