((venv) ) yonghyeon@DESKTOP-OAFQIA8:~/2025miraeAIfestival$ python3 -m scripts.prefetch_yf --start 2025-03-01 --end 2025-04-01

2 Failed downloads:
['0030R0.KS', '483650.KS']: YFPricesMissingError('possibly delisted; no price data found  (1d 2025-03-01 -> 2025-04-02) (Yahoo error = "Data doesn\'t exist for startDate = 1740754800, endDate = 1743519600")')

1 Failed download:
['099520.KQ']: YFTzMissingError('possibly delisted; no timezone found')

3 Failed downloads:
['226360.KQ', '111870.KQ']: YFPricesMissingError('possibly delisted; no price data found  (1d 2025-03-01 -> 2025-04-02)')
['0037T0.KQ']: YFPricesMissingError('possibly delisted; no price data found  (1d 2025-03-01 -> 2025-04-02) (Yahoo error = "Data doesn\'t exist for startDate = 1740754800, endDate = 1743519600")')

2 Failed downloads:
['459510.KQ', '463020.KQ']: YFPricesMissingError('possibly delisted; no price data found  (1d 2025-03-01 -> 2025-04-02) (Yahoo error = "Data doesn\'t exist for startDate = 1740754800, endDate = 1743519600")')

1 Failed download:
['462310.KQ']: YFPricesMissingError('possibly delisted; no price data found  (1d 2025-03-01 -> 2025-04-02) (Yahoo error = "Data doesn\'t exist for startDate = 1740754800, endDate = 1743519600")')

2 Failed downloads:
['376900.KQ', '474650.KQ']: YFPricesMissingError('possibly delisted; no price data found  (1d 2025-03-01 -> 2025-04-02) (Yahoo error = "Data doesn\'t exist for startDate = 1740754800, endDate = 1743519600")')

1 Failed download:
['489460.KQ']: YFPricesMissingError('possibly delisted; no price data found  (1d 2025-03-01 -> 2025-04-02) (Yahoo error = "Data doesn\'t exist for startDate = 1740754800, endDate = 1743519600")')

1 Failed download:
['496070.KQ']: YFPricesMissingError('possibly delisted; no price data found  (1d 2025-03-01 -> 2025-04-02) (Yahoo error = "Data doesn\'t exist for startDate = 1740754800, endDate = 1743519600")')

3 Failed downloads:
['081180.KQ', '331740.KQ', '234030.KQ']: YFPricesMissingError('possibly delisted; no price data found  (1d 2025-03-01 -> 2025-04-02) (Yahoo error = "Data doesn\'t exist for startDate = 1740754800, endDate = 1743519600")')

2 Failed downloads:
['364950.KQ', '481070.KQ']: YFPricesMissingError('possibly delisted; no price data found  (1d 2025-03-01 -> 2025-04-02) (Yahoo error = "Data doesn\'t exist for startDate = 1740754800, endDate = 1743519600")')

2 Failed downloads:
['476040.KQ', '136150.KQ']: YFPricesMissingError('possibly delisted; no price data found  (1d 2025-03-01 -> 2025-04-02) (Yahoo error = "Data doesn\'t exist for startDate = 1740754800, endDate = 1743519600")')

1 Failed download:
['424870.KQ']: YFPricesMissingError('possibly delisted; no price data found  (1d 2025-03-01 -> 2025-04-02) (Yahoo error = "Data doesn\'t exist for startDate = 1740754800, endDate = 1743519600")')

2 Failed downloads:
['287840.KQ']: YFPricesMissingError('possibly delisted; no price data found  (1d 2025-03-01 -> 2025-04-02) (Yahoo error = "Data doesn\'t exist for startDate = 1740754800, endDate = 1743519600")')
['174880.KQ']: YFPricesMissingError('possibly delisted; no price data found  (1d 2025-03-01 -> 2025-04-02)')

2 Failed downloads:
['340450.KQ', '455180.KQ']: YFPricesMissingError('possibly delisted; no price data found  (1d 2025-03-01 -> 2025-04-02) (Yahoo error = "Data doesn\'t exist for startDate = 1740754800, endDate = 1743519600")')

1 Failed download:
['475430.KQ']: YFPricesMissingError('possibly delisted; no price data found  (1d 2025-03-01 -> 2025-04-02) (Yahoo error = "Data doesn\'t exist for startDate = 1740754800, endDate = 1743519600")')

1 Failed download:
['125020.KQ']: YFPricesMissingError('possibly delisted; no price data found  (1d 2025-03-01 -> 2025-04-02) (Yahoo error = "Data doesn\'t exist for startDate = 1740754800, endDate = 1743519600")')

1 Failed download:
['^KQ100']: YFPricesMissingError('possibly delisted; no price data found  (1d 2025-03-01 -> 2025-04-02)')
[OK] Rate-limit 없이 모든 티커 수집 완료