
[경고] 블록 5의 줄 수가 부족합니다. 건너뜀.
[경고] 블록 6의 줄 수가 부족합니다. 건너뜀.
============================================================
Q: 2024-12-27에 거래량이 전날대비 150% 이상 증가한 종목을 모두 보여줘

✅ 공통 종목:
대한광통신, 무림P&P, 삼영이엔씨, 서울바이오시스, 서울평가정보, 아이빔테크놀로지, 양지사, 에이팩트, 엘컴텍, 오에스피, 오픈베이스, 우리넷, 제이티, 제주은행, 지엔코, 코데즈컴바인, 큐캐피탈

❌ expected에만 있는 종목:
동양우, 드래곤플라이, 성문전자우

⚠️ actual에만 있는 종목:
CJ대한통운, CJ씨푸드, HLB제약, HS애드, IBKS제22호스팩, IBKS제23호스팩, IBKS제24호스팩, INVENI, SPC삼립, 경남제약, 경동인베스트, 고려신용정보, 금호전기, 나래나노텍, 다올투자증권, 대신밸런스제18호스팩, 대한화섬, 더테크놀로지, 동국알앤에스, 동양, 드림시큐리티, 디아이, 라온시큐어, 라이온켐텍, 로보티즈, 링크드, 블루콤, 삼성스팩8호, 삼성증권, 삼현, 삼화전자, 서울반도체, 성호전자, 세아특수강, 스마트레이더시스템, 신라섬유, 신세계 I&C, 신세계푸드, 신스틸, 신흥, 쏠리드, 아스타, 아이디스, 아이쓰리시스템, 아이씨티케이, 아이윈, 아이윈플러스, 아이티센피엔에스, 앤디포스, 에이엔피, 에이엘티, 오상헬스케어, 오이솔루션, 옵티시스, 우듬지팜, 우양, 우주일렉트로, 웰킵스하이텍, 유안타제13호스팩, 유엔젤, 이마트, 이엔셀, 인천도시가스, 일동홀딩스, 정상제이엘에스, 종근당홀딩스, 지역난방공사, 케이씨에스, 케이엠더블유, 코디, 코오롱모빌리티그룹우, 코위버, 큐라클, 큐에스아이, 클로봇, 파이버프로, 파인텍, 푸른저축은행, 하이트진로, 하이트진로2우B, 한샘, 한양증권, 한울소재과학, 한일철강, 흥국화재, 흥국화재우
============================================================
Q: 2024-08-16에 거래량이 전날대비 100% 이상 증가한 종목을 모두 보여줘

✅ 공통 종목:
JW중외제약우, KX, SG&G, 디에이치엑스컴퍼니, 바이오노트, 빌리언스, 성창오토텍, 세니젠, 스톰테크, 에이스테크, 인스코비, 제놀루션, 진흥기업2우B, 케스피온, 케이바이오, 큐로홀딩스, 파미셀, 한국화장품, 한진, 형지엘리트

❌ expected에만 있는 종목:
(없음)

⚠️ actual에만 있는 종목:
BGF, CJ, CJ CGV, CJ 바이오사이언스, CJ4우(전환), CJ씨푸드1우, CJ우, CS, DKME, DL우, DL이앤씨2우(전환), DSC인베스트먼트, DSR, E8, FSN, GH신소재, HJ중공업, HK이노엔, HLB, HLB바이오스텝, HLB이노베이션, HLB테라퓨틱스, HL만도, HS애드, HS효성첨단소재, IBKS제24호스팩, INVENI, KB제29호스팩, KCC글라스, KD, KISCO홀딩스, KPX케미칼, KSS해운, KTcs, KT나스미디어, KX하이텍, LX인터내셔널, MH에탄올, NE능률, NICE, NICE인프라, S-Oil, SBI핀테크솔루션즈, SGA솔루션즈, SJG세종, SK디스커버리우, SK바이오팜, SK우, SK이노베이션우, SNT모티브, SNT에너지, SNT홀딩스, SUN&L, TBH글로벌, TJ미디어, 계양전기, 계양전기우, 고려산업, 광무, 광주신세계, 교보14호스팩, 국보디자인, 글로벌텍스프리, 금호석유화학, 기아, 깨끗한나라, 깨끗한나라우, 나라셀라, 나이스정보통신, 남성, 남양유업, 남양유업우, 남해화학, 남화토건, 내츄럴엔도텍, 네오오토, 네오펙트, 넥센타이어, 넥스틴, 넷마블, 노랑풍선, 노루홀딩스, 녹십자엠에스, 녹십자웰빙, 녹십자홀딩스, 녹십자홀딩스2우, 농심, 농심홀딩스, 누리플랜, 누보, 뉴온, 다산솔루에타, 다올투자증권, 다이나믹디자인, 대교, 대구백화점, 대림제지, 대상, 대상우, 대상홀딩스, 대성파인텍, 대신밸런스제17호스팩, 대원강업, 대원미디어, 대원산업, 대유에이텍, 대주산업, 대창스틸, 대한과학, 대한광통신, 대한방직, 대한제당우, 대한항공우, 대호특수강우, 더바이오메드, 더블유에스아이, 데브시스터즈, 도이치모터스, 동국제약, 동국홀딩스, 동남합성, 동방선기, 동부건설, 동부건설우, 동아쏘시오홀딩스, 동아에스티, 동양2우B, 동우팜투테이블, 동원금속, 동원산업, 동일금속, 동일기연, 동일스틸럭스, 동화기업, 두산에너빌리티, 디모아, 디아이티, 디알젬, 디에스케이, 디와이덕양, 디와이디, 디지틀조선, 디케이티, 디티앤씨, 딜리, 라메디텍, 레이, 롯데칠성우, 롯데하이마트, 마녀공장, 마스턴프리미어리츠, 마이크로컨텍솔, 멀티캠퍼스, 메디앙스, 메디콕스, 메디톡스, 메리츠금융지주, 메카로, 메타바이오메드, 모나리자, 모나미, 모두투어, 모비릭스, 모아라이프플러스, 모아텍, 무림P&P, 무림SP, 무림페이퍼, 미래에셋드림스팩1호, 미래에셋벤처투자, 미스토홀딩스, 미원에스씨, 미원홀딩스, 미원화학, 미창석유, 바른손이앤에이, 바이넥스, 바이브컴퍼니, 바이오솔루션, 바이오포트, 바이온, 바텍, 방림, 배럴, 베노티앤알, 베뉴지, 벽산, 보령, 보해양조, 본느, 부국증권, 부스타, 뷰티스킨, 비비안, 비씨월드제약, 비아트론, 비엘팜텍, 비츠로시스, 비트컴퓨터, 빙그레, 빛과전자, 삐아, 산일전기, 삼기, 삼기에너지솔루션즈, 삼목에스폼, 삼보판지, 삼성FN리츠, 삼성물산우B, 삼양패키징, 삼원강재, 삼일, 삼일씨엔에스, 삼진제약, 삼화왕관, 상상인증권, 샘표식품, 서연, 서울리거, 서플러스글로벌, 서한, 성신양회, 성신양회우, 성호전자, 세방우, 세아메카닉스, 세우글로벌, 세운메디칼, 세원물산, 세중, 세진중공업, 세진티에스, 세화피앤씨, 셀트리온제약, 솔루스첨단소재2우B, 쇼박스, 수성웹툰, 슈프리마에이치큐, 슈피겐코리아, 스타코링크, 스타플렉스, 스톤브릿지벤처스, 스틱인베스트먼트, 시그네틱스, 시선AI, 시지메드텍, 신대양제지, 신라섬유, 신라에스지, 신시웨이, 신신제약, 신영스팩10호, 신한제13호스팩, 심텍홀딩스, 싸이토젠, 쎄니트, 쏘닉스, 씨씨에스, 씨앤투스, 씨유메디칼, 아모텍, 아세아제지, 아우딘퓨쳐스, 아이디스, 아이디스홀딩스, 아이퀘스트, 아이티센씨티에스, 아즈텍WB, 알서포트, 애드바이오텍, 앤씨앤, 앱코, 에스넷, 에스앤더블류, 에스제이그룹, 에스케이증권제10호스팩, 에스케이증권제11호스팩, 에스텍, 에스티오, 에스티팜, 에스폴리텍, 에어부산, 에이루트, 에이비프로바이오, 에이스침대, 에이치씨보광산업, 에이치엔에스하이텍, 에이치엘사이언스, 에이플러스에셋, 에코바이오, 에코볼트, 엑사이엔씨, 엑스플러스, 엘엠에스, 엠아이큐브솔루션, 엠에스씨, 엣지파운드리, 영보화학, 영원무역, 영원무역홀딩스, 예림당, 오공, 오로라, 오리콤, 오상자이엘, 오스템, 오이솔루션, 오텍, 옵투스제약, 옵트론텍, 옵티시스, 옵티팜, 와이바이오로직스, 와이솔, 와이엔텍, 와이엠, 와이지-원, 우리로, 우리이앤엘, 우정바이오, 우주일렉트로, 우진, 우진엔텍, 웅진씽크빅, 원림, 원익, 원일특강, 원풍물산, 웰크론, 웰크론한텍, 웹스, 위더스제약, 윙스풋, 유니드, 유니온, 유비벨록스, 유비쿼스, 유성티엔에스, 유신, 유아이디, 유안타제15호스팩, 유유제약, 유진투자증권, 유투바이오, 유한양행우, 유화증권우, 육일씨엔에쓰, 율촌, 이건산업, 이노스페이스, 이노진, 이닉스, 이베스트스팩6호, 이수페타시스, 이스트아시아홀딩스, 이씨에스, 이엘씨, 이엠코리아, 이연제약, 이오플로우, 이원컴포텍, 이지바이오, 이퓨쳐, 이화산업, 인바디, 인바이오, 인천도시가스, 인텍플러스, 인팩, 인포바인, 일성건설, 일지테크, 일진디스플, 잇츠한불, 자비스, 저스템, 전방, 정다운, 정원엔시스, 제넥신, 제노코, 제이스텍, 제이씨케미칼, 제이앤티씨, 제이에스코퍼레이션, 제이에스티나, 제이엠티, 제이준코스메틱, 제일기획, 젬백스, 조광페인트, 좋은사람들, 지니너스, 지엘팜텍, 지오엘리먼트, 진도, 진로발효, 진매트릭스, 진양화학, 진흥기업우B, 차백신연구소, 창해에탄올, 천일고속, 청담글로벌, 체리부로, 카스, 캔버스엔, 케이비아이동국실업, 케이씨, 케이엠더블유, 케이피엠테크, 케이피티유, 코나아이, 코데즈컴바인, 코디, 코리아나, 코리아써우, 코리아써키트2우B, 코리아에셋투자증권, 코메론, 코오롱우, 코웰패션, 콘텐트리중앙, 쿠쿠홀딩스, 쿠쿠홈시스, 퀀타매트릭스, 퀀텀온, 큐알티, 크라운제과우, 크리스에프앤씨, 크린앤사이언스, 키다리스튜디오, 킵스파마, 태경비케이, 태광산업, 태원물산, 테라젠이텍스, 테크엘, 토니모리, 토박스코리아, 티엔엔터테인먼트, 티피씨글로벌, 파워넷, 파인디지털, 파인테크닉스, 파커스, 팸텍, 퍼시스, 평화홀딩스, 포커스에이아이, 폰드그룹, 폴라리스AI파마, 폴라리스오피스, 풍산홀딩스, 프레스티지바이오로직스, 프롬바이오, 프리시젼바이오, 플라즈맵, 플랜티넷, 플레이그램, 피씨엘, 피엔에이치테크, 피엔케이피부임상연구센타, 핀텔, 하나26호스팩, 하나32호스팩, 하나금융지주, 하나제약, 하스, 하이로닉, 한국가구, 한국내화, 한국비엔씨, 한국알콜, 한국앤컴퍼니, 한국전자홀딩스, 한국정밀기계, 한국종합기술, 한국철강, 한국파마, 한국화장품제조, 한라IMS, 한빛소프트, 한성크린텍, 한솔PNS, 한양디지텍, 한울반도체, 한일철강, 한진칼, 한진칼우, 한화투자증권우, 해성옵틱스, 핸즈코퍼레이션, 현대엘리베이터, 현대오토에버, 현대이지웰, 현대지에프홀딩스, 현대차, 현대차증권, 형지I&C, 형지글로벌, 홈캐스트, 화승코퍼레이션, 화인베스틸, 화일약품, 환인제약, 휴네시온, 휴림로봇, 휴먼테크놀로지, 흥국화재, 흥국화재우, 희림
[경고] 블록 9의 줄 수가 부족합니다. 건너뜀.
============================================================
Q: 2025-04-22에 거래량이 전날대비 50% 이상 증가한 종목을 모두 보여줘

✅ 공통 종목:
SK이터닉스, 그린플러스, 금양그린파워, 동국S&C, 동성케미컬, 라파스, 리드코프, 무림페이퍼, 박셀바이오, 삼륭물산, 세림B&G, 씨티케이, 에코플라스틱, 와이지-원, 제이씨케미칼, 차이커뮤니케이션, 켐트로스, 코오롱ENP, 포인트모바일, 한국팩키지

❌ expected에만 있는 종목:
(없음)

⚠️ actual에만 있는 종목:
APS, BGF, BGF에코머티리얼즈, BYC, CJ ENM, CJ대한통운, CJ프레시웨이, CNT85, DB금융스팩12호, DB손해보험, DH오토리드, DH오토웨어, DS단석, ES큐브, F&F홀딩스, GS, GST, GS건설, HDC, HDC현대EP, HD현대건설기계, HD현대에너지솔루션, HD현대인프라코어, HD현대일렉트릭, HL D&I, HLB이노베이션, HLB펩, HL홀딩스, HS화성, IBKS제23호스팩, JW홀딩스, KB금융, KB제25호스팩, KB제29호스팩, KEC, KG스틸, KG에코솔루션, KISCO홀딩스, KPX케미칼, KT, KT&G, LB인베스트먼트, LG, LG우, LG헬로비전, LIG넥스원, LS마린솔루션, LS에코에너지, M83, MH에탄올, NAVER, NH투자증권, NICE, NICE평가정보, NI스틸, NPC, NPC우, PN풍년, RF머트리얼즈, RF시스템즈, S&K폴리텍, SBI핀테크솔루션즈, SBS, SB성보, SCL사이언스, SDN, SG, SG&G, SGC E&C, SGC에너지, SH에너지화학, SIMPAC, SJG세종, SK, SKC, SK디스커버리우, SK디앤디, SK스퀘어, SK오션플랜트, SK이노베이션우, SK텔레콤, SNT에너지, TBH글로벌, TCC스틸, TJ미디어, TKG휴켐스, TYM, YTN, iM금융지주, 가비아, 강동씨앤엘, 경남제약, 경농, 경방, 계양전기, 고려아연, 고려제강, 고려제약, 광동제약, 광전자, 광주신세계, 광진실업, 교보15호스팩, 교보증권, 교촌에프앤비, 구영테크, 국순당, 그리드위즈, 그린생명과학, 그린케미칼, 극동유화, 글로벌텍스프리, 금호석유화학우, 금호에이치티, 금호전기, 기가레인, 기가비스, 기업은행, 깨끗한나라, 깨끗한나라우, 꿈비, 남양유업우, 내츄럴엔도텍, 네오크레마, 네오티스, 네오팜, 네오펙트, 네이처셀, 넥센우, 넥센타이어, 넥스틴, 넥써쓰, 넵튠, 노바텍, 녹십자홀딩스, 농우바이오, 누리플랜, 뉴로메카, 다산네트웍스, 다산솔루에타, 대구백화점, 대동, 대동금속, 대동기어, 대림제지, 대명에너지, 대모, 대성미생물, 대성에너지, 대성파인텍, 대웅제약, 대원전선, 대원제약, 대진첨단소재, 대창단조, 대한뉴팜, 대한방직, 대한약품, 대한유화, 대한제강, 대한제분, 대한항공, 대한화섬, 대호에이엘, 덕산네오룩스, 데이원컴퍼니, 데이타솔루션, 덱스터, 도이치모터스, 도화엔지니어링, 동국산업, 동국생명과학, 동국씨엠, 동국제강, 동국홀딩스, 동아화성, 동양파일, 동우팜투테이블, 동운아나텍, 동원금속, 동원수산, 동인기연, 동일금속, 두산밥캣, 두산퓨얼셀, 두산퓨얼셀1우, 드림인사이트, 드림텍, 디바이스, 디씨엠, 디아이씨, 디아이티, 디와이덕양, 디와이씨, 디와이파워, 디와이피엔에프, 디티씨, 라닉스, 라메디텍, 라이온켐텍, 램테크놀러지, 레이언스, 로체시스템즈, 롯데이노베이트, 롯데지주우, 롯데칠성, 롯데케미칼, 롯데하이마트, 리가켐바이오, 리메드, 링크드, 마이크로투나노, 메드팩토, 메디앙스, 메디콕스, 메디포스트, 메이슨캐피탈, 메지온, 메타랩스, 메타바이오메드, 메타케어, 멕아이씨에스, 모나리자, 모나미, 모두투어, 모비릭스, 모아라이프플러스, 무림P&P, 무림SP, 미래나노텍, 미래생명자원, 미래에셋비전스팩3호, 미래에셋비전스팩4호, 미래에셋증권, 미래에셋증권우, 미원상사, 미원에스씨, 미원화학, 미트박스, 바른손, 바이오에프디엔씨, 바이오인프라, 바이오톡스텍, 바이오플러스, 바이젠셀, 방림, 배럴, 범한퓨얼셀, 베노티앤알, 베뉴지, 베셀, 보해양조, 부광약품, 부국증권우, 부스타, 뷰웍스, 브릿지바이오테라퓨틱스, 브이씨, 브이엠, 블루콤, 비상교육, 비씨엔씨, 비씨월드제약, 비엔케이제2호스팩, 비엘팜텍, 비엠티, 비츠로셀, 비큐AI, 비트맥스, 사람인, 사조산업, 산일전기, 삼기, 삼목에스폼, 삼성E&A, 삼성공조, 삼성물산, 삼성바이오로직스, 삼성생명, 삼성에스디에스, 삼성전기우, 삼성전자, 삼성제약, 삼성증권, 삼성카드, 삼성화재, 삼아알미늄, 삼아제약, 삼양사, 삼양통상, 삼양홀딩스, 삼양홀딩스우, 삼영무역, 삼영엠텍, 삼원강재, 삼정펄프, 삼진엘앤디, 삼천리, 삼표시멘트, 삼현, 삼호개발, 삼화네트웍스, 삼화왕관, 삼화페인트, 상보, 상상인제4호스팩, 상신이디피, 서부T&D, 서산, 서암기계공업, 서연, 서울가스, 서울제약, 서원, 서원인텍, 서진오토모티브, 서호전기, 서흥, 석경에이티, 선익시스템, 성문전자우, 성신양회, 성신양회우, 성우전자, 성우테크론, 세기상사, 세명전기, 세아제강, 세아제강지주, 세아홀딩스, 세진티에스, 세화피앤씨, 센코, 솔루스첨단소재1우, 슈프리마에이치큐, 슈피겐코리아, 스톰테크, 시노펙스, 시큐브, 신도기연, 신라섬유, 신라에스지, 신라젠, 신성이엔지, 신세계 I&C, 신세계푸드, 신스틸, 신영스팩10호, 신영증권, 신원, 신원종합개발, 신풍제약, 신화콘텍, 신흥, 신흥에스이씨, 싸이토젠, 쎄트렉아이, 씨에스베어링, 씨에스윈드, 씨엔플러스, 씨티알모빌리티, 아가방컴퍼니, 아모레퍼시픽홀딩스우, 아모센스, 아미노로직스, 아센디오, 아셈스, 아스트, 아스플로, 아시아경제, 아시아나IDT, 아이비김영, 아이빔테크놀로지, 아이쓰리시스템, 아이씨에이치, 아이엘, 아이엠비디엑스, 아이윈, 아이컴포넌트, 아이톡시, 아이티아이즈, 아이패밀리에스씨, 아주스틸, 아즈텍WB, 아진전자부품, 안트로젠, 알에프텍, 알엔투테크놀로지, 알파녹스, 애경케미칼, 앱코, 앱클론, 야스, 양지사, 에브리봇, 에스넷, 에스바이오메딕스, 에스비비테크, 에스에너지, 에스에이엠티, 에스와이, 에스와이스틸텍, 에스원, 에스제이그룹, 에스지헬스케어, 에스케이증권제10호스팩, 에스케이증권제12호스팩, 에스케이증권제13호스팩, 에스코넥, 에스트래픽, 에스티팜, 에스폴리텍, 에스퓨얼셀, 에스피시스템스, 에스피지, 에어레인, 에이블씨엔씨, 에이비엘바이오, 에이치브이엠, 에이치엠넥스, 에이치엠씨제6호스팩, 에이치와이티씨, 에이치피오, 에이프로, 에이프릴바이오, 에코바이오, 에코아이, 에코프로머티, 에코프로에이치엔, 엑사이엔씨, 엑세스바이오, 엑스페릭스, 엑시큐어하이트론, 엔바이오니아, 엔브이에이치코리아, 엔시트론, 엔에이치스팩27호, 엔에이치스팩29호, 엔에이치스팩31호, 엔에프씨, 엔젠바이오, 엔투텍, 엔피, 엔피케이, 엘앤씨바이오, 엘컴텍, 엘티씨, 엠앤씨솔루션, 엠에스씨, 엠투엔, 엣지파운드리, 영우디에스피, 영원무역홀딩스, 영화금속, 영화테크, 예스24, 오공, 오디텍, 오뚜기, 오상헬스케어, 오션인더블유, 오스코텍, 오스테오닉, 오이솔루션, 오토앤, 온타이드, 옴니시스템, 옵투스제약, 와이엠씨, 와이엠텍, 와이제이링크, 우듬지팜, 우리바이오, 우리산업, 우리엔터프라이즈, 우리이앤엘, 우림피티에스, 우수AMS, 우양에이치씨, 우정바이오, 우진아이엔에스, 우진플라임, 원익, 원익홀딩스, 원풍, 웨이브일렉트로, 웰크론, 웹케시, 위지윅스튜디오, 윈스테크넷, 윌비스, 윙스풋, 유니드, 유니슨, 유니트론텍, 유비쿼스, 유성기업, 유성티엔에스, 유수홀딩스, 유신, 유안타제11호스팩, 유안타제13호스팩, 유안타제14호스팩, 유안타증권, 유에스티, 유엔젤, 유진스팩10호, 유진스팩11호, 유진테크, 유화증권, 이건산업, 이건홀딩스, 이노뎁, 이노인스트루먼트, 이노진, 이닉스, 이랜텍, 이렘, 이마트, 이베스트스팩6호, 이삭엔지니어링, 이스트아시아홀딩스, 이엘씨, 이엠넷, 이지케어텍, 이지홀딩스, 인스코비, 인지디스플레, 인지컨트롤스, 인천도시가스, 인콘, 인팩, 인피니트헬스케어, 일성아이에스, 일승, 일정실업, 일지테크, 일진전기, 일진하이솔루스, 일진홀딩스, 자이글, 자이언트스텝, 자이에스앤디, 전진건설로봇, 제넥신, 제노코, 제닉, 제닉스, 제로투세븐, 제룡산업, 제이아이테크, 제이에스링크, 제이에스티나, 제이엔케이글로벌, 제이오, 제일일렉트릭, 제일테크노스, 제테마, 젝시믹스, 젬백스, 조광페인트, 조선내화, 종근당바이오, 종근당홀딩스, 중앙백신, 중앙에너비스, 지노믹트리, 지누스, 지란지교시큐리티, 지아이이노베이션, 지엔씨에너지, 지엘팜텍, 지엠비코리아, 지역난방공사, 진성티이씨, 진양홀딩스, 진에어, 진영, 차바이오텍, 차백신연구소, 참좋은여행, 천일고속, 청담글로벌, 초록뱀미디어, 카스, 카카오, 카카오뱅크, 캐리소프트, 캐스텍코리아, 컨텍, 컴퍼니케이, 케스피온, 케이디켐, 케이엔알시스템, 케이엠, 케이웨더, 케이피에프, 코렌텍, 코리아나, 코리아써우, 코리안리, 코미팜, 코스맥스엔비티, 코스메카코리아, 코스모화학, 코오롱, 코오롱글로벌, 코오롱모빌리티그룹, 코오롱생명과학, 코오롱우, 코오롱티슈진, 코웨이, 코위버, 코윈테크, 코츠테크놀로지, 코칩, 코텍, 쿠콘, 큐로셀, 크라운제과우, 크린앤사이언스, 클래시스, 키네마스터, 키움제11호스팩, 타이거일렉, 탑런토탈솔루션, 태경비케이, 태광산업, 태양, 태웅, 태원물산, 테라젠이텍스, 테크엘, 텔코웨어, 톱텍, 툴젠, 티로보틱스, 티앤엘, 티에스아이, 티엔엔터테인먼트, 티움바이오, 티케이지애강, 티케이케미칼, 파로스아이바이오, 파루, 파마리서치, 파워넷, 파인디앤씨, 파인디지털, 파인텍, 파커스, 파트론, 팜스토리, 팬스타엔터프라이즈, 팬오션, 퍼시스, 포스코DX, 포인트엔지니어링, 포톤, 폴라리스우노, 푸드웰, 풍원정밀, 퓨릿, 프로이천, 프로티아, 프롬바이오, 프리시젼바이오, 피에스텍, 피에이치에이, 피엔에이치테크, 피플바이오, 픽셀플러스, 하나27호스팩, 하나28호스팩, 하나34호스팩, 하나금융지주, 하이제8호스팩, 하이젠알앤엠, 하이즈항공, 하이트진로홀딩스, 하이트진로홀딩스우, 한국ANKOR유전, 한국공항, 한국철강, 한국타이어앤테크놀로지, 한국특강, 한국항공우주, 한글과컴퓨터, 한성기업, 한세엠케이, 한세예스24홀딩스, 한솔제지, 한솔홈데코, 한싹, 한양증권우, 한온시스템, 한일시멘트, 한일철강, 한일현대시멘트, 한일화학, 한진, 한진칼, 한텍, 한화갤러리아, 한화갤러리아우, 한화비전, 한화생명, 한화엔진, 해성에어로보틱스, 헬릭스미스, 현대건설, 현대무벡스, 현대백화점, 현대에버다임, 현대지에프홀딩스, 현대차3우B, 현대코퍼레이션, 현대해상, 현대홈쇼핑, 현대힘스, 협진, 화성밸브, 화승엔터프라이즈, 화승코퍼레이션, 화천기계, 황금에스티, 효성오앤비, 효성중공업, 후성, 휴비스, 휴엠앤씨, 흥국화재
============================================================
Q: 2025-05-27에 등락률이 +20% 이상인 종목을 모두 보여줘

✅ 공통 종목:
라닉스, 세종텔레콤, 셀리드, 아미코젠, 에이비엘바이오, 제이에스코퍼레이션, 코칩, 티씨머티리얼즈, 파인메딕스, 플루토스

❌ expected에만 있는 종목:
(없음)

⚠️ actual에만 있는 종목:
(없음)
============================================================
Q: 2024-07-17에 등락률이 +5% 이상이면서 거래량이 전날대비 300% 이상 증가한 종목을 모두 보여줘

✅ 공통 종목:
F&F, 고바이오랩, 넥스트아이, 브이티, 샤페론, 서울바이오시스, 서울제약, 스타플렉스, 엔피, 유투바이오, 이오플로우, 제이엘케이, 지놈앤컴퍼니, 케이피에프, 푸드나무

❌ expected에만 있는 종목:
(없음)

⚠️ actual에만 있는 종목:
F&F홀딩스, HD현대마린솔루션, PS일렉트로닉스, SM C&C, 동양파일, 레몬, 레이, 모아라이프플러스, 삼성E&A, 신풍, 씨유메디칼, 아모레퍼시픽, 아우딘퓨쳐스, 에스에너지, 에코글로우, 자이언트스텝, 자이에스앤디, 제이에스티나, 케이엔에스, 키네마스터, 태양금속, 프리엠스, 플레이디, 피앤씨테크, 한화엔진, 현대힘스
============================================================
Q: 2025-04-30에 등락률이 +2% 이상이면서 거래량이 전날대비 200% 이상 증가한 종목을 모두 보여줘

✅ 공통 종목:
동신건설, 버넥트, 상지건설, 서울옥션, 안트로젠, 에이에스텍, 오리엔트바이오, 오리엔트정공, 웅진, 이스타코, 조일알미늄, 해성옵틱스, 형지I&C, 형지글로벌, 형지엘리트

❌ expected에만 있는 종목:
(없음)

⚠️ actual에만 있는 종목:
CNT85, CS, ES큐브, HDC, KD, LS증권, PN풍년, SG글로벌, YW, iMBC, 갤럭시아머니트리, 그린케미칼, 넥스턴바이오, 대성창투, 더라미, 디젠스, 모다이노칩, 미래에셋증권, 미스터블루, 부국철강, 석경에이티, 솔트웨어, 스튜디오미르, 쏘닉스, 아시아종묘, 아이티엠반도체, 안국약품, 알멕, 알에프텍, 에이텍, 엑시큐어하이트론, 엔젠바이오, 엠디바이스, 온코닉테라퓨틱스, 웅진씽크빅, 위세아이텍, 이미지스, 인성정보, 인크레더블버즈, 일성건설, 잉글우드랩, 제이투케이바이오, 케이옥션, 코이즈, 태영건설우, 팬젠, 풍산, 핑거스토리, 한국정밀기계, 한국화장품, 한국화장품제조, 한미약품, 헝셩그룹, 협진, 화승코퍼레이션, 흥국화재우
============================================================
Q: 2025-03-19에 등락률이 +7% 이상이면서 거래량이 전날대비 200% 이상 증가한 종목을 모두 보여줘

✅ 공통 종목:
다이나믹디자인, 대진첨단소재, 더바이오메드, 모티브링크, 브이엠, 삼화전자, 서연, 서울보증보험, 아이엠티, 엔비티, 이노메트리, 인베니아, 코오롱모빌리티그룹, 티앤알바이오팹, 포톤

❌ expected에만 있는 종목:
(없음)

⚠️ actual에만 있는 종목:
PS일렉트로닉스, RF머트리얼즈, 나노실리칸첨단소재, 노을, 레몬, 심텍, 아모그린텍, 에이비프로바이오, 와이씨, 이원컴포텍, 자람테크놀로지, 코오롱모빌리티그룹우, 풍산, 픽셀플러스, 한국첨단소재, 한솔인티큐브, 한양디지텍
============================================================
Q: 2025-05-22에 등락률이 -10% 이하인 종목을 모두 보여줘

✅ 공통 종목:
나노실리칸첨단소재, 디에스케이, 바이오포트, 율촌, 율호, 인크레더블버즈, 진흥기업2우B, 진흥기업우B, 크라우드웍스, 한국비티비, 한화솔루션

❌ expected에만 있는 종목:
(없음)

⚠️ actual에만 있는 종목:
(없음)
============================================================
Q: 2024-10-24에 등락률이 -7% 이하인 종목을 모두 보여줘

✅ 공통 종목:
HB솔루션, JW신약, LG이노텍, 노루페인트우, 더라미, 더바이오메드, 덕산네오룩스, 루미르, 메디콕스, 비투엔, 삐아, 샤페론, 선익시스템, 아이언디바이스, 인스피언, 캐리, 컨텍, 코퍼스코리아, 클래시스, 태성, 테크엘, 투비소프트, 피씨엘, 한켐, 헝셩그룹

❌ expected에만 있는 종목:
(없음)

⚠️ actual에만 있는 종목:
일신석재, 진영, 타이거일렉, 피노, 핑거스토리, 화신
============================================================
Q: 2025-05-21에 거래량이 1000만주 이상인 종목을 모두 보여줘

✅ 공통 종목:
나우로보틱스, 넥스트아이, 대영포장, 두산에너빌리티, 랩지노믹스, 마니커, 바이오비쥬, 삼성중공업, 세진중공업, 셀리드, 수젠텍, 씨씨에스, 아이씨티케이, 압타머사이언스, 우리기술, 율호, 이뮨온시아, 이스트에이드, 체리부로, 케이바이오, 케이쓰리아이, 평화산업, 평화홀딩스, 하림, 휴마시스

❌ expected에만 있는 종목:
(없음)

⚠️ actual에만 있는 종목:
(없음)
============================================================
Q: 2024-11-22에 KOSDAQ 시장에서 등락률이 +5% 이상인 종목을 모두 보여줘

✅ 공통 종목:
CJ 바이오사이언스, PN풍년, 글로본, 노브랜드, 디지아이, 링크드, 마음AI, 비에이치아이, 성광벤드, 솔트룩스, 신성델타테크, 에스바이오메딕스, 에스씨엠생명과학, 에스티큐브, 에스피소프트, 유비온, 케이이엠텍, 티디에스팜, 포니링크, 현대ADM

❌ expected에만 있는 종목:
(없음)

⚠️ actual에만 있는 종목:
HB테크놀러지, HLB제약, ISC, 글로벌텍스프리, 꿈비, 나노씨엠에스, 나래나노텍, 네오셈, 넥스트바이오메디컬, 대동기어, 동성화인텍, 로체시스템즈, 모비데이즈, 모비릭스, 모비스, 브이원텍, 비보존 제약, 비아이매트릭스, 사피엔반도체, 선익시스템, 스피어, 씨싸이트, 씨앤씨인터내셔널, 씨피시스템, 아모텍, 아이빔테크놀로지, 아이쓰리시스템, 아이씨디, 아이패밀리에스씨, 알에스오토메이션, 앱트뉴로사이언스, 에스비비테크, 엑스게이트, 엣지파운드리, 오리엔탈정공, 오파스넷, 와이엠티, 위지윅스튜디오, 윙입푸드, 유진테크, 이스트소프트, 이엔셀, 이엠코리아, 인카금융서비스, 인화정공, 일승, 제닉, 제일일렉트릭, 젬백스, 진영, 컴투스, 컴투스홀딩스, 코난테크놀로지, 큐렉소, 크라우드웍스, 타이거일렉, 태광, 파워로직스, 파크시스템스, 피엔에이치테크, 피엔티엠에스, 하이록코리아, 한글과컴퓨터, 한라IMS, 화성밸브
============================================================
Q: 2024-10-10에 종가가 5만원 이상 10만원 이하인 종목을 모두 보여줘

✅ 공통 종목:
HLB, KB금융, LG전자, OCI, SK스퀘어, SK이노베이션우, SOOP, 나노신소재, 덴티움, 롯데케미칼, 미원홀딩스, 미창석유, 삼성생명, 삼천리, 세방전지, 신영증권, 씨앤씨인터내셔널, 에코프로, 영원무역홀딩스, 조선선재, 케이아이엔엑스, 코스메카코리아, 티씨케이, 한국기업평가, 한국화장품제조, 한진칼

❌ expected에만 있는 종목:
CJ4우, 삼성물산우B, 세아홀딩스, 오리온

⚠️ actual에만 있는 종목:
CJ ENM, CJ4우(전환), CJ대한통운, CJ우, CS홀딩스, E1, F&F, HD현대, HD현대건설기계, ISC, JW중외제약2우B, JYP Ent., KPX홀딩스, LG, LG우, LX세미콘, OCI홀딩스, S-Oil, SK바이오사이언스, SK텔레콤, SPC삼립, 경동나비엔, 경동인베스트, 골프존, 금비, 금양, 금호석유화학우, 남양유업, 넥스틴, 넷마블, 농심홀딩스, 동아에스티, 동원시스템즈, 두산2우B, 두산로보틱스, 두산우, 롯데쇼핑, 롯데칠성우, 메리츠금융지주, 미원화학, 사조산업, 삼성전기우, 삼성전자, 삼아알미늄, 삼양사, 삼양홀딩스, 삼양홀딩스우, 서울가스, 선익시스템, 성일하이텍, 셀트리온제약, 솔브레인홀딩스, 시프트업, 신한지주, 씨에스윈드, 안랩, 에스엠, 에스원, 에이피알, 에코프로에이치엔, 유니드, 윤성에프앤씨, 이마트, 이수스페셜티케미컬, 인텔리안테크, 제룡전기, 조광피혁, 종근당홀딩스, 천보, 코미코, 코웨이, 클래시스, 툴젠, 티앤엘, 펩트론, 포스코인터내셔널, 풍산, 피엔티, 하나금융지주, 한국공항, 한국금융지주, 한국금융지주우, 한국단자, 한국콜마, 한국항공우주, 한샘, 한전기술, 현대로템, 현대위아
============================================================
Q: 2024-11-01에 등락률이 +7% 이상이면서 거래량이 전날대비 100% 이상 증가한 종목을 모두 보여줘

✅ 공통 종목:
경남제약, 레뷰코퍼레이션, 루미르, 비투엔, 삼현, 셀바이오휴먼텍, 에스씨엠생명과학, 엑시큐어하이트론, 우리바이오, 원익홀딩스, 유비케어, 유투바이오, 펨트론, 한주에이알티, 휴먼테크놀로지

❌ expected에만 있는 종목:
(없음)

⚠️ actual에만 있는 종목:
KS인더스트리, 비상교육, 아이스크림미디어, 오텍, 와이지엔터테인먼트, 원익, 한국정밀기계, 휴림에이텍
============================================================
Q: 2024-09-23에 종가가 20만원 이상 50만원 이하인 종목을 모두 보여줘

✅ 공통 종목:
CJ제일제당, HD현대일렉트릭, HS효성첨단소재, KCC, LG생활건강, LG에너지솔루션, LG이노텍, LG화학, LG화학우, LIG넥스원, POSCO홀딩스, 농심, 미원상사, 삼성SDI, 삼성SDI우, 솔브레인, 아세아, 알테오젠, 오뚜기, 크래프톤, 포스코퓨처엠, 한국쉘석유, 한미약품, 현대모비스, 현대차, 효성중공업, 효성티앤씨, 휴젤

❌ expected에만 있는 종목:
한화에어로스페이스

⚠️ actual에만 있는 종목:
삼성화재, 삼성화재우
============================================================
Q: 2025-02-19에 종가가 1만5천원 이상 3만5천원 이하인 종목을 모두 보여줘

✅ 공통 종목:
HPSP, KCC글라스, 국도화학, 기가비스, 뉴로메카, 덕산네오룩스, 데브시스터즈, 동남합성, 동원산업, 두산테스나, 매일유업, 브이티, 사조산업, 실리콘투, 아모레퍼시픽우, 에이텍, 에코프로에이치엔, 율촌화학, 카카오페이, 코오롱인더, 큐로셀, 펄어비스, 포스코스틸리온, 하나머티리얼즈, 한국가스공사, 한화시스템, 해성디에스, 호텔신라우

❌ expected에만 있는 종목:
HL홀딩스, 푸른소나무

⚠️ actual에만 있는 종목:
AP시스템, BYC, CJ씨푸드1우, CJ프레시웨이, DL, DL우, DL이앤씨2우(전환), DL이앤씨우, DN오토모티브, DS단석, GST, GS건설, GS리테일, GS피앤엘, HDC현대산업개발, HD현대마린엔진, HD현대에너지솔루션, HLB제약, HMM, HS효성, JB금융지주, JW중외제약, JW중외제약우, KG모빌리티, KISCO홀딩스, KT밀리의서재, LF, LS마린솔루션, LX인터내셔널, LX하우시스, LX하우시스우, M83, NHN, NH투자증권, PI첨단소재, RFHIC, SAMG엔터, SBS, SGC에너지, SK디스커버리우, SK아이이테크놀로지, SK오션플랜트, SK이터닉스, SK케미칼우, SNT다이내믹스, SNT모티브, SNT에너지, SNT홀딩스, STX엔진, TCC스틸, TKG휴켐스, 가비아, 강원랜드, 경동도시가스, 경인전자, 고려제강, 고영, 광주신세계, 국보디자인, 그리드위즈, 그린리소스, 금양, 금화피에스시, 기업은행, 나이벡, 나이스정보통신, 남선알미우, 네오위즈, 네오위즈홀딩스, 네이처셀, 노루홀딩스우, 노머스, 노바텍, 녹십자홀딩스2우, 다우기술, 대덕전자, 대동기어, 대보마그네틱, 대상, 대상우, 대상홀딩스우, 대신증권, 대신증권2우B, 대신증권우, 대양전기공업, 대웅, 대한약품, 대한제강, 대한항공, 대한항공우, 더본코리아, 동국제약, 동부건설우, 동서, 동성화인텍, 동양이엔피, 동운아나텍, 동원F&B, 동원시스템즈우, 동인기연, 동진쎄미켐, 두산에너빌리티, 두산퓨얼셀, 디아이, 디아이티, 디앤씨미디어, 디오, 라파스, 레이크머티리얼즈, 로보스타, 로체시스템즈, 롯데렌탈, 롯데에너지머티리얼즈, 롯데이노베이트, 롯데지주, 롯데지주우, 마녀공장, 마음AI, 마크로젠, 만호제강, 멀티캠퍼스, 메지온, 미래컴퍼니, 바디텍메드, 바이넥스, 바이오니아, 바텍, 백산, 범한퓨얼셀, 부국증권, 부국증권우, 뷰노, 뷰웍스, 비나텍, 비에이치, 비에이치아이, 비츠로셀, 사람인, 사이냅소프트, 사피엔반도체, 삼목에스폼, 삼성E&A, 삼성출판사, 삼아알미늄, 삼아제약, 삼양사우, 삼양엔씨켐, 삼정펄프, 삼진제약, 삼화왕관, 삼화콘덴서, 상아프론테크, 새빗켐, 샘표식품, 서진시스템, 서호전기, 서흥, 선광, 성광벤드, 성우, 세아베스틸지주, 셀바스AI, 셀비온, 솔루엠, 솔트룩스, 수산아이앤티, 수산인더스트리, 슈프리마, 슈피겐코리아, 스마트레이더시스템, 시디즈, 신세계푸드, 심텍, 쏘카, 씨앤지하이테크, 씨젠, 아나패스, 아모레퍼시픽홀딩스, 아모레퍼시픽홀딩스3우C, 아바코, 아이디스, 아이센스, 아이에스동서, 아이에스티이, 아이패밀리에스씨, 안트로젠, 알멕, 알에스오토메이션, 에브리봇, 에스바이오메딕스, 에스비비테크, 에스앤에스텍, 에스에프에이, 에스엘, 에스티아이, 에스피지, 에이디테크놀로지, 에이스침대, 에이에스텍, 에이치브이엠, 에이치엔에스하이텍, 에이치이엠파마, 에이텍모빌리티, 에이프릴바이오, 에치에프알, 에코앤드림, 에프에스티, 엔젤로보틱스, 엘앤씨바이오, 엠씨넥스, 오로스테크놀로지, 오리온홀딩스, 오상헬스케어, 오스코텍, 오픈엣지테크놀로지, 온코닉테라퓨틱스, 와이씨켐, 우리금융지주, 우주일렉트로, 우진엔텍, 원익IPS, 원익QnC, 원익머트리얼즈, 월덱스, 유나이티드제약, 유신, 유티아이, 이노션, 이노스페이스, 이노와이어리스, 이녹스첨단소재, 이스트소프트, 이엔셀, 이엔에프테크놀로지, 이엠텍, 이지케어텍, 인바디, 인벤티지랩, 인지소프트, 인천도시가스, 인탑스, 인텍플러스, 일성아이에스, 일진전기, 일진하이솔루스, 전방, 제노코, 제닉, 제우스, 제이브이엠, 제이앤티씨, 제일기획, 제주반도체, 젬백스, 종근당바이오, 지노믹트리, 지누스, 지씨셀, 지엔씨에너지, 진로발효, 칩스앤미디어, 카카오게임즈, 카카오뱅크, 컴투스홀딩스, 케어젠, 케이씨, 케이엔제이, 켄코아에어로스페이스, 켐트로닉스, 코나아이, 코난테크놀로지, 코스모화학, 코오롱, 코오롱글로벌우, 코오롱생명과학, 코오롱인더우, 코윈테크, 코츠테크놀로지, 쿠콘, 쿠쿠홀딩스, 쿠쿠홈시스, 퀄리타스반도체, 큐리옥스바이오시스템즈, 큐브엔터, 클로봇, 클리오, 태광, 태성, 테고사이언스, 테스, 텔레칩스, 토모큐브, 토비스, 티에프이, 티엘비, 파두, 포스코DX, 풍산홀딩스, 퓨런티어, 퓨쳐켐, 프로텍, 피앤에스로보틱스, 피에스케이, 필에너지, 하나기술, 하이록코리아, 하이비젼시스템, 하이트진로, 하이트진로2우B, 한국앤컴퍼니, 한국전력, 한국카본, 한국파마, 한국피아이엠, 한글과컴퓨터, 한농화성, 한미글로벌, 한미사이언스, 한섬, 한양이엔지, 한일시멘트, 한중엔시에스, 한진, 한진칼우, 한화3우B, 한화솔루션, 한화솔루션우, 한화엔진, 현대제철, 현대코퍼레이션, 현대해상, 현대힘스, 화천기공, 휴온스
============================================================
Q: 2024-08-05에 종가가 3만원 이상 8만원 이하인 종목을 모두 보여줘

✅ 공통 종목:
CJ ENM, HD현대, HLB, KB금융, LG, OCI, OCI홀딩스, S-Oil, SK바이오팜, SK스퀘어, SK이노베이션우, 경동인베스트, 나노신소재, 리가켐바이오, 미원홀딩스, 미원화학, 삼성전자, 세방전지, 셀트리온제약, 신영증권, 에스티팜, 에코프로, 에코프로머티, 영원무역홀딩스, 유니드, 코스메카코리아, 한국공항

❌ expected에만 있는 종목:
CJ4우, 미창석유, 한국기업평가

⚠️ actual에만 있는 종목:
BYC, CJ우, CS홀딩스, DB하이텍, DL, E1, F&F, GS, GS우, HD현대건설기계, HK이노엔, HL만도, HL홀딩스, HS효성, INVENI, ISC, JW중외제약2우B, JW중외제약우, JYP Ent., KCC글라스, KPX케미칼, KPX홀딩스, KT, LG우, LG전자우, LX세미콘, LX하우시스, S-Oil우, SK디스커버리, SK디스커버리우, SK바이오사이언스, SK아이이테크놀로지, SK케미칼, SK텔레콤, SPC삼립, 가온전선, 가온칩스, 경동나비엔, 골프존, 국도화학, 금비, 금양, 금호석유화학우, 기가비스, 남양유업, 남양유업우, 넥스틴, 넷마블, 노루홀딩스우, 농심홀딩스, 더블유게임즈, 더존비즈온, 덕산테코피아, 데브시스터즈, 동남합성, 동아에스티, 동원F&B, 동원시스템즈, 동일산업, 두산2우B, 두산로보틱스, 두산밥캣, 롯데쇼핑, 롯데에너지머티리얼즈, 롯데정밀화학, 롯데지주우, 롯데칠성우, 루닛, 리노공업, 매일유업, 메가스터디교육, 메리츠금융지주, 미스토홀딩스, 바이오니아, 보로노이, 부산산업, 비나텍, 사조대림, 사조산업, 산일전기, 삼성전기우, 삼성전자우, 삼성증권, 삼성카드, 삼아알미늄, 삼양사, 삼양통상, 삼양홀딩스, 삼양홀딩스우, 삼화전기, 삼화콘덴서, 샘표, 서울가스, 석경에이티, 선익시스템, 성일하이텍, 솔브레인홀딩스, 스튜디오드래곤, 시프트업, 신도리코, 신성델타테크, 신세계푸드, 신한지주, 실리콘투, 쎄트렉아이, 씨에스윈드, 아모레퍼시픽우, 안랩, 에스바이오메딕스, 에스앤디, 에스엘, 에스엠, 에스원, 에이피알, 에코앤드림, 에코프로에이치엔, 엠로, 영원무역, 오스코텍, 와이지엔터테인먼트, 원익IPS, 위메이드, 유진테크, 유한양행우, 윤성에프앤씨, 이마트, 이수페타시스, 인텔리안테크, 자람테크놀로지, 제룡전기, 조광피혁, 종근당홀딩스, 지역난방공사, 천보, 천일고속, 카카오, 컴투스, 케이씨텍, 케이아이엔엑스, 코미코, 코오롱인더, 코웨이, 클래시스, 클리오, 탑머티리얼, 테크윙, 툴젠, 티앤엘, 티에스이, 퍼시스, 펄어비스, 펌텍코리아, 펩트론, 포스코스틸리온, 포스코인터내셔널, 풍산, 피에스케이홀딩스, 피엔티, 하나금융지주, 하나머티리얼즈, 하나투어, 한국가스공사, 한국금융지주, 한국금융지주우, 한국단자, 한국콜마, 한국타이어앤테크놀로지, 한국항공우주, 한국화장품제조, 한샘, 한올바이오파마, 한전KPS, 한전기술, 한중엔시에스, 한진칼, 현대건설우, 현대로템, 현대백화점, 현대엘리베이터, 현대위아, 현대해상, 현대홈쇼핑, 호텔신라, 호텔신라우, 효성, 효성화학
============================================================
Q: 2024-10-22에 거래량이 전날대비 50% 이상 증가한 종목을 모두 보여줘

✅ 공통 종목:
DH오토웨어, 계양전기, 광전자, 국순당, 넥센타이어1우B, 동서, 삼화네트웍스, 솔루스첨단소재1우, 신화인터텍, 우리로, 일정실업, 진흥기업우B, 코위버, 코퍼스코리아, 큐에스아이, 파이버프로, 포인트모바일, 한국맥널티, 해성산업1우

❌ expected에만 있는 종목:
티와이홀딩스우

⚠️ actual에만 있는 종목:
BGF, CJ 바이오사이언스, CJ대한통운, CR홀딩스, CS, E1, FSN, GRT, HB인베스트먼트, HD현대미포, HLB이노베이션, HLB테라퓨틱스, IBKS제23호스팩, INVENI, KG모빌리언스, KG이니시스, KG케미칼, KSS해운, KT나스미디어, KT지니뮤직, LB세미콘, LS증권, MDS테크, NHN벅스, NH투자증권우, NICE평가정보, RFHIC, SBS, SCL사이언스, SG, SHD, SJG세종, SJM, SKAI, SK가스, SK오션플랜트, SK증권, SNT홀딩스, STX그린로지스, SUN&L, TP, TPC, TS인베스트먼트, YG PLUS, iMBC, 경인전자, 계룡건설, 계양전기우, 광동제약, 교보16호스팩, 교촌에프앤비, 구영테크, 그린케미칼, 극동유화, 금강공업, 금강공업우, 금양그린파워, 금호건설, 기산텔레콤, 기아, 나노씨엠에스, 나래나노텍, 나무기술, 남양유업, 남화산업, 내츄럴엔도텍, 네오이뮨텍, 네오크레마, 넥센타이어, 넥스턴바이오, 넥스트칩, 넥스틴, 넥스틸, 녹십자홀딩스2우, 뉴인텍, 뉴파워프라즈마, 다산솔루에타, 대교, 대교우B, 대덕전자1우, 대성홀딩스, 대원, 대원강업, 대원화성, 대정화금, 대한뉴팜, 대한항공우, 대한화섬, 더라미, 덕신이피씨, 덴티스, 도이치모터스, 동부건설, 동성케미컬, 동양2우B, 동양에스텍, 동양우, 동원금속, 두산2우B, 두산로보틱스, 두산밥캣, 두산에너빌리티, 두산퓨얼셀1우, 두산퓨얼셀2우B, 듀켐바이오, 드림시큐리티, 드림씨아이에스, 드림어스컴퍼니, 디모아, 디아이씨, 디알젬, 디앤디플랫폼리츠, 디엔에프, 디와이씨, 디와이피엔에프, 라온테크, 레몬, 레이크머티리얼즈, 로체시스템즈, 롯데지주우, 롯데칠성, 리파인, 린드먼아시아, 링네트, 마스턴프리미어리츠, 메디콕스, 메디포스트, 모베이스, 모비데이즈, 모아라이프플러스, 모아텍, 모토닉, 미래에셋드림스팩1호, 미래에셋비전스팩6호, 미원에스씨, 미원화학, 미투온, 바이오니아, 바이오솔루션, 바이오포트, 바이젠셀, 보라티알, 보성파워텍, 부국철강, 비비씨, 비에이치아이, 비엘팜텍, 비엠티, 비트컴퓨터, 빅텍, 빛샘전자, 삼성스팩8호, 삼성화재, 삼양통상, 삼영이엔씨, 삼익THK, 삼진엘앤디, 상상인제4호스팩, 상아프론테크, 샤페론, 서린바이오, 서부T&D, 서연탑메탈, 서울식품, 서울전자통신, 서전기전, 서한, 석경에이티, 선광, 성문전자우, 성신양회우, 성안머티리얼스, 성창기업지주, 세경하이테크, 세니젠, 세아제강지주, 세종텔레콤, 셀바이오휴먼텍, 소프트센, 소프트센우, 수산세보틱스, 수산아이앤티, 수산인더스트리, 수성웹툰, 스타에스엠리츠, 스타코링크, 스튜디오미르, 스페코, 승일, 시노펙스, 시선AI, 시지메드텍, 신라섬유, 신스틸, 신원, 신풍제약우, 심텍홀딩스, 썸에이지, 쎌바이오텍, 쏘카, 씨엔플러스, 씨티알모빌리티, 아모그린텍, 아미코젠, 아바코, 아세아, 아세아텍, 아센디오, 아이디스홀딩스, 안랩, 알비더블유, 알에스오토메이션, 알톤, 앱트뉴로사이언스, 양지사, 에너토크, 에넥스, 에스넷, 에스비비테크, 에스앤디, 에스엠, 에스엠벡셀, 에스와이, 에스와이스틸텍, 에스제이그룹, 에스티큐브, 에스폴리텍, 에이스침대, 에이스테크, 에이에스텍, 에이치피오, 에이텀, 에코마케팅, 에코아이, 에코플라스틱, 엑스게이트, 엔시스, 엔에이치스팩27호, 엔케이, 엔투텍, 엘엠에스, 엠에스오토텍, 엠케이전자, 영우디에스피, 오로라, 오르비텍, 오스템, 오이솔루션, 와이솔, 와이엠씨, 와이지-원, 와이지엔터테인먼트, 와토스코리아, 우리기술, 우원개발, 우진, 우진비앤지, 우진엔텍, 원림, 원익피앤이, 원풍물산, 웨이브일렉트로, 웰크론, 윌비스, 유니퀘스트, 유니크, 유니테스트, 유아이엘, 유안타제13호스팩, 유엔젤, 유유제약, 유진투자증권, 율촌, 율호, 이노시뮬레이션, 이녹스, 이수앱지스, 이엔에프테크놀로지, 이엠넷, 이엠코리아, 이연제약, 이크레더블, 이화공영, 인베니아, 인산가, 인지소프트, 인크레더블버즈, 인크로스, 인트론바이오, 일성아이에스, 일진다이아, 일진디스플, 일진파워, 일진하이솔루스, 일진홀딩스, 잉크테크, 전진건설로봇, 제넥신, 제이브이엠, 제이씨현시스템, 제이에스티나, 제테마, 지아이이노베이션, 지엠비코리아, 지오엘리먼트, 지투파워, 진시스템, 진양홀딩스, 진영, 진흥기업, 창해에탄올, 카이노스메드, 카카오페이, 케이씨에스, 케이엠제약, 케이피에프, 케일럼, 켐트로닉스, 코데즈컴바인, 코스맥스엔비티, 코아시아씨엠, 코오롱, 코오롱모빌리티그룹우, 코츠테크놀로지, 코콤, 쿠쿠홀딩스, 큐렉소, 큐리언트, 큐캐피탈, 크리스에프앤씨, 크린앤사이언스, 클래시스, 클리오, 탑엔지니어링, 테고사이언스, 툴젠, 특수건설, 티와이홀딩스, 파인테크닉스, 파인텍, 퍼스텍, 포메탈, 포인트엔지니어링, 폴라리스세원, 풍산, 풍산홀딩스, 플래티어, 플레이디, 피씨디렉트, 피앤씨테크, 피에이치에이, 피엔케이피부임상연구센타, 피제이전자, 피코그램, 하나제약, 하이딥, 하이록코리아, 하이텍팜, 한국가구, 한국비엔씨, 한국알콜, 한국전자홀딩스, 한국정보공학, 한국첨단소재, 한국항공우주, 한라IMS, 한미글로벌, 한미사이언스, 한섬, 한세예스24홀딩스, 한솔인티큐브, 한신기계, 한올바이오파마, 한울소재과학, 한익스프레스, 한일단조, 한전기술, 한진칼, 한화시스템, 한화투자증권, 해성에어로보틱스, 핸즈코퍼레이션, 현대ADM, 현대건설, 현대공업, 현대그린푸드, 현대비앤지스틸, 현대에버다임, 혜인, 화인써키트, 휴니드, 흥국에프엔비, 희림
============================================================
Q: 2025-02-19에 등락률이 +10% 이상인 종목을 모두 보여줘

✅ 공통 종목:
TCC스틸, 대화제약, 덕성우, 동화기업, 메가터치, 비씨엔씨, 비트맥스, 삼성중공업, 셀레스트라, 아이에스티이, 에코프로머티, 예림당, 오픈놀, 와이투솔루션, 원익머트리얼즈, 유진테크놀로지, 인바이오젠, 주성엔지니어링, 카이노스메드, 코세스, 큐리언트, 티에스아이, 포스코DX, 포스코엠텍, 한국맥널티

❌ expected에만 있는 종목:
(없음)

⚠️ actual에만 있는 종목:
GST, TS인베스트먼트, 대상홀딩스우, 센서뷰, 엘앤에프, 오리엔트바이오, 제너셈, 탑머티리얼, 파두, 피에스케이, 필옵틱스
============================================================
Q: 2024-11-05에 종가가 1만원 이상 5만원 이하인 종목을 모두 보여줘

✅ 공통 종목:
HK이노엔, LG전자우, SK케미칼, SPC삼립, 금양, 동원시스템즈, 메가스터디교육, 사조대림, 사조산업, 산일전기, 삼성전자우, 삼양통상, 석경에이티, 선익시스템, 솔브레인홀딩스, 신성델타테크, 에이피알, 에코프로에이치엔, 컴투스, 코미코, 테크윙, 티에스이, 하나투어, 한올바이오파마, 현대백화점, 현대홈쇼핑

❌ expected에만 있는 종목:
INVENI, 삼양사, 한국금융지주우, 효성

⚠️ actual에만 있는 종목:
AK홀딩스, AP시스템, AP위성, BYC, BYC우, CJ 바이오사이언스, CJ씨푸드1우, CJ프레시웨이, DB하이텍, DI동일, DL, DL우, DL이앤씨, DL이앤씨2우(전환), DL이앤씨우, DN오토모티브, DS단석, E8, F&F홀딩스, GKL, GS, GST, GS건설, GS리테일, GS우, HDC, HDC현대산업개발, HD현대마린엔진, HD현대에너지솔루션, HLB제약, HLB펩, HL만도, HL홀딩스, HMM, HPSP, HS효성, JB금융지주, JW생명과학, JW중외제약, JW중외제약우, KCC글라스, KG모빌리티, KISCO홀딩스, KPX케미칼, KT, KT나스미디어, KT밀리의서재, KZ정밀, LF, LG디스플레이, LG유플러스, LS마린솔루션, LS머트리얼즈, LS에코에너지, LX인터내셔널, LX하우시스, LX하우시스우, M83, NHN, NH투자증권, NH투자증권우, NICE, NICE평가정보, PI첨단소재, PKC, RFHIC, S-Oil우, SAMG엔터, SBS, SGC E&C, SGC에너지, SHD, SK디스커버리, SK디스커버리우, SK아이이테크놀로지, SK오션플랜트, SK이터닉스, SK케미칼우, SNT다이내믹스, SNT모티브, SNT에너지, SNT홀딩스, STX그린로지스, STX엔진, TCC스틸, TKG휴켐스, 가온전선, 가온칩스, 강남제비스코, 강원랜드, 강원에너지, 경동도시가스, 경인전자, 계룡건설, 고려제강, 고영, 광주신세계, 국도화학, 그래디언트, 그리드위즈, 그린리소스, 금양그린파워, 금화피에스시, 기가비스, 기업은행, 깨끗한나라우, 나무가, 나이벡, 나이스정보통신, 남선알미우, 남양유업우, 네오셈, 네오위즈, 네오위즈홀딩스, 네오팜, 네이처셀, 네패스아크, 넥스트바이오메디컬, 넥스트칩, 넥슨게임즈, 노루페인트우, 노루홀딩스, 노루홀딩스우, 노바렉스, 노바텍, 녹십자웰빙, 녹십자홀딩스, 녹십자홀딩스2우, 뉴로메카, 다우기술, 다원시스, 대덕전자, 대명에너지, 대보마그네틱, 대봉엘에스, 대상, 대상우, 대상홀딩스우, 대신증권, 대신증권2우B, 대신증권우, 대웅, 대원제약, 대정화금, 대한전선, 대한제강, 대한항공, 대한항공우, 대화제약, 더네이쳐홀딩스, 더바이오메드, 더블유씨피, 덕산네오룩스, 덕산테코피아, 덕성우, 데브시스터즈, 동국제약, 동남합성, 동부건설우, 동서, 동성화인텍, 동신건설, 동아지질, 동양이엔피, 동운아나텍, 동원F&B, 동원산업, 동원시스템즈우, 동인기연, 동일기연, 동일산업, 동진쎄미켐, 동화기업, 두산밥캣, 두산에너빌리티, 두산테스나, 두산퓨얼셀, 듀켐바이오, 디바이스, 디씨엠, 디아이, 디아이티, 디앤디파마텍, 디앤씨미디어, 디어유, 디오, 디와이파워, 라메디텍, 라파스, 레뷰코퍼레이션, 레이크머티리얼즈, 로보스타, 로보티즈, 로체시스템즈, 롯데렌탈, 롯데에너지머티리얼즈, 롯데이노베이트, 롯데정밀화학, 롯데지주, 롯데지주우, 루닛, 루미르, 리노공업, 리파인, 마녀공장, 마음AI, 마이크로디지탈, 마크로젠, 만호제강, 맥쿼리인프라, 멀티캠퍼스, 메지온, 명신산업, 모두투어, 모트렉스, 미래나노텍, 미래반도체, 미래산업, 미래에셋드림스팩1호, 미래컴퍼니, 미스토홀딩스, 바디텍메드, 바이넥스, 바이오니아, 바이오다인, 바텍, 박셀바이오, 백산, 범한퓨얼셀, 보령, 부국증권, 부국증권우, 뷰노, 뷰웍스, 뷰티스킨, 브이티, 비나텍, 비씨엔씨, 비에이치, 비에이치아이, 비츠로셀, 삐아, 사람인, 사피엔반도체, 삼목에스폼, 삼성E&A, 삼성공조, 삼성스팩8호, 삼성증권, 삼성출판사, 삼성카드, 삼아제약, 삼양사우, 삼양패키징, 삼영무역, 삼영전자, 삼일제약, 삼정펄프, 삼진제약, 삼현, 삼화왕관, 삼화전기, 삼화콘덴서, 상신이디피, 상아프론테크, 새로닉스, 새빗켐, 샘표, 샘표식품, 서연이화, 서진시스템, 서호전기, 서흥, 선진뷰티사이언스, 성광벤드, 성신양회우, 성우, 세방, 세보엠이씨, 세아베스틸지주, 세아특수강, 셀바스AI, 셀비온, 솔루스첨단소재, 솔루엠, 솔트룩스, 송원산업, 수산아이앤티, 수산인더스트리, 슈프리마, 스마트레이더시스템, 스튜디오드래곤, 시디즈, 신도리코, 신성에스티, 신세계인터내셔날, 신세계푸드, 신풍제약, 신풍제약우, 신흥, 실리콘투, 심텍, 싸이맥스, 쎄트렉아이, 쎌바이오텍, 쏘카, 씨메스, 씨아이에스, 씨앤지하이테크, 씨어스테크놀로지, 씨젠, 아나패스, 아모레퍼시픽우, 아모레퍼시픽홀딩스, 아모레퍼시픽홀딩스3우C, 아바코, 아바텍, 아세아시멘트, 아시아나IDT, 아이디스, 아이센스, 아이스크림미디어, 아이쓰리시스템, 아이에스동서, 아이엠비디엑스, 아이티엠반도체, 아이패밀리에스씨, 아티스트스튜디오, 아티스트컴퍼니, 안트로젠, 알멕, 알에스오토메이션, 애경산업, 애경케미칼, 앱클론, 야스, 에브리봇, 에스바이오메딕스, 에스비비테크, 에스앤디, 에스앤에스텍, 에스에프에이, 에스엘, 에스티아이, 에스퓨얼셀, 에스피지, 에이디테크놀로지, 에이비엘바이오, 에이스침대, 에이에스텍, 에이직랜드, 에이치브이엠, 에이치엔에스하이텍, 에이치엘사이언스, 에이텍, 에이텍모빌리티, 에이프릴바이오, 에코마케팅, 에코앤드림, 에프에스티, 엑시콘, 엔젤로보틱스, 엘앤씨바이오, 엘오티베큠, 엠씨넥스, 영원무역, 영풍, 예스티, 오로스테크놀로지, 오리온홀딩스, 오스코텍, 오픈엣지테크놀로지, 올릭스, 와이바이오로직스, 와이씨, 와이씨켐, 와이엠텍, 와이제이링크, 와이지엔터테인먼트, 우리금융지주, 우리산업, 우성, 우진엔텍, 원림, 원익IPS, 원익QnC, 원익머트리얼즈, 원준, 월덱스, 웹젠, 위메이드, 위메이드맥스, 윈스테크넷, 유나이티드제약, 유니테스트, 유라클, 유바이오로직스, 유신, 유유제약2우B, 유일로보틱스, 유진테크, 율촌화학, 이노션, 이노스페이스, 이녹스, 이녹스첨단소재, 이닉스, 이수스페셜티케미컬, 이수페타시스, 이스트소프트, 이엔셀, 이엔에프테크놀로지, 이엠텍, 이연제약, 이지케어텍, 이크레더블, 이화산업, 인바디, 인벤티지랩, 인천도시가스, 인탑스, 인터플렉스, 인텍플러스, 인포바인, 인화정공, 일동제약, 일성아이에스, 일양약품, 일양약품우, 일정실업, 일진다이아, 일진전기, 일진파워, 일진하이솔루스, 잇츠한불, 잉글우드랩, 자람테크놀로지, 자화전자, 전방, 전진건설로봇, 제노코, 제닉, 제우스, 제이브이엠, 제이앤티씨, 제이오, 제이투케이바이오, 제일기획, 제일약품, 제일엠앤에스, 제주반도체, 젬백스, 조비, 조선내화, 종근당바이오, 주성엔지니어링, 중앙백신, 중앙에너비스, 중앙첨단소재, 지노믹트리, 지누스, 지씨셀, 지아이이노베이션, 지에프씨생명과학, 지역난방공사, 진시스템, 진에어, 진흥기업2우B, 차바이오텍, 천일고속, 칩스앤미디어, 카카오, 카카오게임즈, 카카오뱅크, 카카오페이, 카페24, 컨텍, 컴투스홀딩스, 케어젠, 케이디켐, 케이씨, 케이씨텍, 케이엔솔, 케이엔에스, 케이엔제이, 케이카, 켐트로닉스, 코난테크놀로지, 코리아써키트, 코메론, 코스모화학, 코아스템켐온, 코오롱, 코오롱글로벌우, 코오롱우, 코오롱인더, 코오롱인더우, 코오롱티슈진, 코윈테크, 코츠테크놀로지, 코칩, 콜마비앤에이치, 쿠콘, 쿠쿠홀딩스, 쿠쿠홈시스, 큐로셀, 큐리옥스바이오시스템즈, 큐브엔터, 큐알티, 크라운제과우, 크레버스, 클리오, 타이거일렉, 탑머티리얼, 태경케미컬, 태광, 태성, 태웅, 테고사이언스, 테스, 테이팩스, 텔레칩스, 토비스, 티디에스팜, 티엘비, 팅크웨어, 파두, 파라다이스, 퍼시스, 펄어비스, 펌텍코리아, 포스코DX, 포스코스틸리온, 포스코엠텍, 풀무원, 풍산홀딩스, 풍원정밀, 퓨런티어, 퓨쳐켐, 프레스티지바이오파마, 프로텍, 플라즈맵, 피앤에스로보틱스, 피에스케이, 피에스케이홀딩스, 피에이치에이, 필에너지, 필옵틱스, 핑거, 하나기술, 하나마이크론, 하나머티리얼즈, 하나제약, 하이록코리아, 하이비젼시스템, 하이텍팜, 하이트진로, 하이트진로2우B, 하이트진로홀딩스우, 한국가스공사, 한국석유, 한국앤컴퍼니, 한국전력, 한국카본, 한국타이어앤테크놀로지, 한국파마, 한글과컴퓨터, 한농화성, 한독, 한미글로벌, 한미사이언스, 한섬, 한세실업, 한양디지텍, 한양이엔지, 한양증권, 한양증권우, 한일시멘트, 한일현대시멘트, 한일홀딩스, 한전KPS, 한전산업, 한중엔시에스, 한진, 한진칼우, 한켐, 한화, 한화3우B, 한화비전, 한화솔루션, 한화솔루션우, 한화시스템, 한화엔진, 한화오션, 해성디에스, 헥토이노베이션, 헥토파이낸셜, 현대건설, 현대건설우, 현대그린푸드, 현대비앤지스틸, 현대엘리베이터, 현대위아, 현대제철, 현대코퍼레이션, 현대코퍼레이션홀딩스, 현대해상, 현대힘스, 호텔신라, 호텔신라우, 화성밸브, 화천기공, 환인제약, 효성ITX, 효성화학, 휴메딕스, 휴온스, 휴온스글로벌, 흥구석유
============================================================
Q: 2025-05-09에 등락률이 +5% 이상이면서 거래량이 전날대비 150% 이상 증가한 종목을 모두 보여줘

✅ 공통 종목:
LK삼양, SK케미칼, 넥스트아이, 넷마블, 마음AI, 블루엠텍, 에스엘에스바이오, 이노진, 이스트에이드, 크라우드웍스, 킵스파마, 파로스아이바이오, 폴라리스AI파마, 폴라리스오피스, 한주에이알티

❌ expected에만 있는 종목:
(없음)

⚠️ actual에만 있는 종목:
JW신약, SK케미칼우, STX엔진, YBM넷, YG PLUS, 경방, 광명전기, 동방메디컬, 롯데쇼핑, 메가스터디교육, 미트박스, 바이브컴퍼니, 신성통상, 앱클론, 에코아이, 엑스플러스, 엠에프씨, 와이지엔터테인먼트, 우리로, 이스트소프트, 인바이오젠, 제노레이, 컴투스홀딩스, 케이씨티, 콜마비앤에이치, 태원물산, 폴라리스AI, 한국정보인증, 한국콜마, 한네트, 한솔테크닉스, 한화엔진, 화승인더, 휴온스
============================================================
Q: 2025-06-11에 등락률이 +3% 이상이면서 거래량이 전날대비 300% 이상 증가한 종목을 모두 보여줘

✅ 공통 종목:
PS일렉트로닉스, 그린생명과학, 라온시큐어, 모아라이프플러스, 실리콘투, 애드바이오텍, 에이디테크놀로지, 웰크론한텍, 케이사인, 티사이언티픽, 파루, 폰드그룹, 한화솔루션, 한화솔루션우, 화일약품

❌ expected에만 있는 종목:
(없음)

⚠️ actual에만 있는 종목:
3S, CJ, CJ4우(전환), DB손해보험, DB하이텍, HDC, HD현대마린솔루션, HD현대에너지솔루션, HL D&I, HPSP, ISC, KEC, KG모빌리언스, LS, SGA, SGA솔루션즈, SK, SK스퀘어, SK우, SK하이닉스, YW, 가온칩스, 감성코퍼레이션, 갤럭시아에스엠, 경인양행, 고려신용정보, 교촌에프앤비, 그리티, 나노씨엠에스, 네이처셀, 네패스, 네패스아크, 넥스트바이오메디컬, 넥스트칩, 넥써쓰, 노루홀딩스우, 녹십자홀딩스2우, 다산네트웍스, 다산솔루에타, 다올투자증권, 다원넥스뷰, 다원시스, 대덕전자, 대명에너지, 대성산업, 대성파인텍, 대한광통신, 대한전선, 더즌, 덕산하이메탈, 동국제약, 동방, 동방메디컬, 두산2우B, 두산에너빌리티, 두산테스나, 드림씨아이에스, 디아이, 디아이티, 디앤디파마텍, 디에스케이, 디엔에프, 라닉스, 라이콤, 레이저옵텍, 리가켐바이오, 리노공업, 리드코프, 리메드, 리튬포어스, 마이크로디지탈, 매커스, 메디포스트, 메카로, 메타케어, 모니터랩, 모바일어플라이언스, 모트렉스, 미래에셋벤처투자, 미래에셋생명, 미래에셋증권, 미래에셋증권2우B, 미래에셋증권우, 바이브컴퍼니, 바이오다인, 바이오에프디엔씨, 뱅크웨어글로벌, 베뉴지, 비에이치아이, 비올, 비투엔, 사조산업, 사조씨푸드, 삼성생명, 삼성제약, 삼성카드, 삼영에스앤씨, 삼일씨엔에스, 삼천당제약, 샌즈랩, 서울보증보험, 서울옥션, 서울평가정보, 서진오토모티브, 성창기업지주, 셀비온, 소노스퀘어, 솔본, 솔트룩스, 수젠텍, 시노펙스, 신성이엔지, 신풍제약우, 심텍, 심텍홀딩스, 씨어스테크놀로지, 씨에스베어링, 씨엑스아이, 씨유테크, 아모텍, 아센디오, 아이스크림미디어, 아이퀘스트, 아이티센글로벌, 아이티센씨티에스, 아이티센피엔에스, 아이티아이즈, 아이티엠반도체, 아주IB투자, 아톤, 알테오젠, 애니플러스, 얼라인드, 에스앤디, 에스에너지, 에스오에스랩, 에스텍, 에스티아이, 에이럭스, 에이에스텍, 에이팩트, 에이프릴바이오, 에이피알, 에코글로우, 에프에스티, 엔에스이엔엠, 엔텔스, 엘오티베큠, 엠로, 엠아이큐브솔루션, 엠투엔, 엣지파운드리, 영풍제지, 예림당, 오가닉티코스메틱, 오로스테크놀로지, 오르비텍, 오브젠, 오상헬스케어, 오킨스전자, 온코닉테라퓨틱스, 와이씨, 와이제이링크, 와이지-원, 우리기술투자, 우리엔터프라이즈, 웅진, 원익IPS, 원익QnC, 원익머트리얼즈, 월덱스, 웨이비스, 웰크론, 웹스, 위지트, 윈팩, 유비벨록스, 유진테크, 이수스페셜티케미컬, 이수페타시스, 이스트아시아홀딩스, 인스코비, 인지소프트, 잉글우드랩, 저스템, 전방, 제노코, 제닉, 제우스, 제이앤티씨, 제이준코스메틱, 제주반도체, 조광피혁, 종근당바이오, 주성엔지니어링, 지놈앤컴퍼니, 지니언스, 지란지교시큐리티, 지씨셀, 지엔코, 지역난방공사, 체시스, 칩스앤미디어, 카페24, 컬러레이, 컴투스홀딩스, 케어랩스, 케이씨텍, 케이씨티, 케이엘넷, 코난테크놀로지, 코리아써키트, 코미코, 코스메카코리아, 코오롱생명과학, 코퍼스코리아, 퀄리타스반도체, 큐라클, 큐로셀, 큐로홀딩스, 클래시스, 태성, 태영건설, 테스, 테크윙, 텔레칩스, 토비스, 티씨케이, 티앤알바이오팹, 티에스이, 티엘비, 티이엠씨, 티이엠씨씨엔에스, 파인디지털, 판타지오, 포니링크, 포스코스틸리온, 포스코퓨처엠, 풍산, 풍산홀딩스, 퓨런티어, 프로텍, 피에스케이홀딩스, 하나마이크론, 하이텍팜, 하이트진로홀딩스우, 한국금융지주, 한국기업평가, 한국전자인증, 한국전자홀딩스, 한국정보인증, 한국화장품제조, 한미반도체, 한솔케미칼, 한솔홀딩스, 한스바이오메드, 한양증권, 한양증권우, 한컴라이프케어, 한화3우B, 한화손해보험, 해성디에스, 헝셩그룹, 헥토이노베이션, 현대모비스, 현대바이오랜드, 현대백화점, 형지엘리트, 홈캐스트, 휴니드
============================================================
Q: 2025-04-03에 종가가 1만5천원 이상 3만5천원 이하인 종목을 모두 보여줘

✅ 공통 종목:
HL홀딩스, SK디스커버리우, SNT에너지, SNT홀딩스, 동남합성, 동원F&B, 동원시스템즈, 로보티즈, 멀티캠퍼스, 브이티, 사조산업, 서울보증보험, 씨에스윈드, 아모레퍼시픽우, 에스앤에스텍, 에이비엘바이오, 윤성에프앤씨, 자람테크놀로지, 젬백스, 천보, 카카오페이, 케이씨텍, 코나아이, 테크윙, 펄어비스, 필옵틱스, 하나머티리얼즈, 한텍, 한화시스템

❌ expected에만 있는 종목:
푸른소나무

⚠️ actual에만 있는 종목:
AP시스템, BYC, CJ씨푸드1우, CJ프레시웨이, DL, DL우, DL이앤씨2우(전환), DL이앤씨우, DN오토모티브, DS단석, GST, GS건설, GS피앤엘, HDC, HDC현대산업개발, HD현대마린엔진, HD현대에너지솔루션, HLB제약, HMM, HPSP, JB금융지주, JW중외제약, JW중외제약우, KCC글라스, KG모빌리티, KISCO홀딩스, LS에코에너지, LX인터내셔널, LX하우시스, LX하우시스우, NHN, PI첨단소재, SAMG엔터, SBS, SGC에너지, SHD, SK아이이테크놀로지, SK케미칼우, SNT다이내믹스, SNT모티브, STX엔진, TCC스틸, TKG휴켐스, 가비아, 강원랜드, 경동도시가스, 경인전자, 고려제강, 광주신세계, 국도화학, 국보디자인, 금화피에스시, 기가비스, 나이스정보통신, 네오위즈, 네오위즈홀딩스, 네이처셀, 노루홀딩스우, 노머스, 노바텍, 녹십자홀딩스2우, 뉴로메카, 다우기술, 대동기어, 대상, 대상우, 대상홀딩스우, 대신증권, 대신증권우, 대양전기공업, 대웅, 대진첨단소재, 대한약품, 대한제강, 대한항공, 대한항공우, 대화제약, 더본코리아, 덕산네오룩스, 덕산테코피아, 동부건설우, 동서, 동성화인텍, 동양이엔피, 동운아나텍, 동원시스템즈우, 동진쎄미켐, 두산에너빌리티, 두산테스나, 디앤씨미디어, 디오, 로보스타, 로체시스템즈, 롯데렌탈, 롯데에너지머티리얼즈, 롯데이노베이트, 롯데지주, 롯데지주우, 마녀공장, 마크로젠, 만호제강, 모티브링크, 미래컴퍼니, 바디텍메드, 바텍, 부국증권, 부국증권우, 뷰노, 뷰웍스, 비나텍, 비에이치아이, 비츠로셀, 사람인, 사피엔반도체, 삼목에스폼, 삼성E&A, 삼성공조, 삼성출판사, 삼아알미늄, 삼아제약, 삼양사우, 삼양엔씨켐, 삼정펄프, 삼진제약, 삼화왕관, 삼화전기, 삼화콘덴서, 샘표식품, 서진시스템, 서호전기, 선광, 성광벤드, 성우, 성일하이텍, 세아베스틸지주, 셀비온, 솔루엠, 솔브레인홀딩스, 솔트룩스, 수산아이앤티, 수산인더스트리, 슈프리마, 슈피겐코리아, 시디즈, 신성에스티, 신세계푸드, 실리콘투, 심텍, 씨메스, 씨젠, 아나패스, 아모레퍼시픽홀딩스, 아모레퍼시픽홀딩스3우C, 아이디스, 아이에스동서, 아이패밀리에스씨, 안트로젠, 알멕, 애경산업, 에스바이오메딕스, 에스비비테크, 에스에프에이, 에스티아이, 에스피지, 에어레인, 에이스침대, 에이에스텍, 에이유브랜즈, 에이직랜드, 에이치브이엠, 에이치이엠파마, 에이텍모빌리티, 에치에프알, 에코앤드림, 에코프로에이치엔, 에프에스티, 엔바이오니아, 엔젤로보틱스, 엘앤씨바이오, 엘케이켐, 엠씨넥스, 오로스테크놀로지, 오름테라퓨틱, 오리엔트정공, 오리온홀딩스, 오스코텍, 온코닉테라퓨틱스, 와이씨켐, 우리금융지주, 우성, 우양에이치씨, 우주일렉트로, 우진엔텍, 원익IPS, 원익QnC, 원익머트리얼즈, 월덱스, 위너스, 위메이드, 유나이티드제약, 유라클, 유신, 유티아이, 율촌화학, 이노션, 이노스페이스, 이노와이어리스, 이녹스첨단소재, 이스트소프트, 이엔에프테크놀로지, 이지케어텍, 인바디, 인지소프트, 인천도시가스, 인탑스, 인포바인, 일성아이에스, 일진전기, 전방, 제노코, 제닉, 제룡전기, 제이브이엠, 제일기획, 종근당바이오, 지누스, 지씨셀, 지엔씨에너지, 진로발효, 칩스앤미디어, 카카오뱅크, 컴투스홀딩스, 케어젠, 케이씨, 케이엔제이, 켐트로닉스, 코난테크놀로지, 코오롱, 코오롱생명과학, 코오롱인더, 코오롱인더우, 코츠테크놀로지, 쿠콘, 쿠쿠홀딩스, 쿠쿠홈시스, 큐로셀, 큐리옥스바이오시스템즈, 큐브엔터, 클로봇, 클리오, 탑머티리얼, 태광, 태성, 태웅, 테고사이언스, 테스, 토모큐브, 토비스, 툴젠, 티에프이, 티엑스알로보틱스, 티엘비, 포스코DX, 풀무원, 풍산홀딩스, 퓨런티어, 퓨쳐켐, 프로텍, 피에스케이, 하나기술, 하이록코리아, 하이비젼시스템, 하이젠알앤엠, 하이트진로, 하이트진로2우B, 한국전력, 한국카본, 한국피아이엠, 한글과컴퓨터, 한미글로벌, 한미사이언스, 한양이엔지, 한올바이오파마, 한일시멘트, 한중엔시에스, 한진, 한진칼우, 한화3우B, 한화솔루션, 한화솔루션우, 한화엔진, 해성디에스, 현대제철, 현대코퍼레이션, 현대해상, 호텔신라우, 화천기공, 휴온스
============================================================
Q: 2025-04-02에 종가가 20만원 이상 50만원 이하인 종목을 모두 보여줘

✅ 공통 종목:
CJ제일제당, HD한국조선해양, HD현대일렉트릭, HD현대중공업, KCC, LG생활건강, LG에너지솔루션, LG화학, LIG넥스원, POSCO홀딩스, SK가스, 농심, 레인보우로보틱스, 빙그레, 세아제강지주, 아세아, 알테오젠, 오뚜기, 크래프톤, 파마리서치, 파크시스템스, 하이브, 한국쉘석유, 한미약품, 현대모비스, 효성중공업, 효성티앤씨, 휴젤

❌ expected에만 있는 종목:
(없음)

⚠️ actual에만 있는 종목:
두산, 삼성화재, 삼성화재우
============================================================
Q: 2024-10-04에 KOSPI 시장에서 등락률이 +7% 이상인 종목을 모두 보여줘

✅ 공통 종목:
SH에너지화학, 고려아연, 대한전선, 동양우, 만호제강, 미래산업, 미창석유, 방림, 에쓰씨엔지니어링, 인스코비, 한국석유, 한화에어로스페이스, 호전실업

❌ expected에만 있는 종목:
(없음)

⚠️ actual에만 있는 종목:
가온전선
============================================================
Q: 2025-02-06에 등락률이 +7% 이상인 종목을 모두 보여줘

✅ 공통 종목:
HB테크놀러지, SK바이오팜, 금호건설우, 더존비즈온, 램테크놀러지, 밸로프, 범양건영, 삼양식품, 삼일씨엔에스, 신테카바이오, 씨앤지하이테크, 아이엠, 아이엠비디엑스, 에스앤디, 온코크로스, 와이씨켐, 인스피언, 제이앤티씨, 캐리, 켐트로닉스, 필옵틱스, 하이퍼코퍼레이션, 한빛레이저, 한화비전, 현대로템

❌ expected에만 있는 종목:
(없음)

⚠️ actual에만 있는 종목:
DL이앤씨, HD현대건설기계, HD현대인프라코어, ISC, KT밀리의서재, LS, PI첨단소재, SG, SNT홀딩스, SOOP, YG PLUS, 금호건설, 기가비스, 다산네트웍스, 디아이티, 디엔에프, 디와이디, 라파스, 모니터랩, 모아라이프플러스, 블루콤, 비씨엔씨, 빙그레, 사이냅소프트, 사조씨푸드, 삼부토건, 삼화전기, 서흥, 세경하이테크, 세중, 시지메드텍, 씨아이테크, 아바코, 아이쓰리시스템, 아이씨디, 아이엠티, 아이톡시, 아이티센씨티에스, 알엔투테크놀로지, 에스와이스틸텍, 에스티팜, 에스피시스템스, 에이럭스, 에프엔에스테크, 엔젯, 엣지파운드리, 예스티, 온코닉테라퓨틱스, 유엔젤, 이녹스첨단소재, 잉글우드랩, 자람테크놀로지, 전진건설로봇, 제이스코홀딩스, 제이스텍, 제이엔비, 제테마, 젬백스, 조아제약, 지아이이노베이션, 캔버스엔, 케어젠, 케이엔제이, 코미코, 코츠테크놀로지, 클로봇, 킵스파마, 테스, 티씨케이, 파로스아이바이오, 파인테크닉스, 팬젠, 한국가구, 한화솔루션우, 휴온스글로벌
============================================================
Q: 2025-06-30에 등락률이 +5% 이상이면서 거래량이 전날대비 150% 이상 증가한 종목을 모두 보여줘

✅ 공통 종목:
(없음)

❌ expected에만 있는 종목:
조건에 맞는 종목 없음

⚠️ actual에만 있는 종목:
CJ프레시웨이, FSN, KD, SK이노베이션, SK이노베이션우, THE E&M, 네오펙트, 넥스틸, 노바렉스, 대동스틸, 대원미디어, 동양철관, 동원개발, 두산퓨얼셀2우B, 드림어스컴퍼니, 메디콕스, 메디톡스, 미스터블루, 미트박스, 비투엔, 빛과전자, 삐아, 사조씨푸드, 산일전기, 삼화전자, 서울전자통신, 선진, 세아제강, 세아홀딩스, 세원정공, 셀비온, 시지메드텍, 신풍제약, 실리콘투, 압타바이오, 에스엠씨지, 에이텀, 엔씨소프트, 오늘이엔엠, 유티아이, 유틸렉스, 율촌화학, 잉글우드랩, 제테마, 지어소프트, 지에프씨생명과학, 케어젠, 케일럼, 퀀타매트릭스, 태광, 태영건설우, 테이팩스, 텔코웨어, 티앤알바이오팹, 티와이홀딩스, 티와이홀딩스우, 파세코, 펌텍코리아, 평화홀딩스, 프레스티지바이오로직스, 프레스티지바이오파마, 하이스틸, 한국화장품, 형지엘리트, 화성밸브, 화천기계, 휴스틸
============================================================
Q: 2025-04-14에 종가가 3만원 이상 8만원 이하인 종목을 모두 보여줘

✅ 공통 종목:
CJ우, F&F, HD현대, HD현대건설기계, KB금융, LG전자, SK이노베이션우, SPC삼립, 경동나비엔, 골프존, 남양유업, 농심홀딩스, 덴티움, 미원홀딩스, 미원화학, 삼성생명, 세방전지, 신영증권, 에스앤디, 에스티팜, 에이피알, 유일로보틱스, 종근당, 코웨이, 티앤엘, 한국금융지주, 한국콜마, 한국항공우주, 한미반도체, 현대엘리베이터

❌ expected에만 있는 종목:
(없음)

⚠️ actual에만 있는 종목:
CJ ENM, CS홀딩스, DB하이텍, DI동일, DL, DL이앤씨, E1, GS, GS우, HD현대마린엔진, HK이노엔, HLB, HL만도, HL홀딩스, HS효성, INVENI, ISC, JW중외제약2우B, JYP Ent., KCC글라스, KPX케미칼, KPX홀딩스, KT, LG, LG씨엔에스, LG우, LG전자우, LS에코에너지, LX세미콘, OCI, OCI홀딩스, S-Oil, S-Oil우, SAMG엔터, SK디스커버리, SK디스커버리우, SK바이오사이언스, SK케미칼, SK텔레콤, SNT다이내믹스, SNT에너지, SNT홀딩스, 가온전선, 가온칩스, 경동인베스트, 금비, 금호석유화학우, 나노신소재, 남양유업우, 네이처셀, 넥스트바이오메디컬, 넥스틴, 넷마블, 더블유게임즈, 더존비즈온, 데브시스터즈, 동남합성, 동신건설, 동아에스티, 동원F&B, 동원산업, 동원시스템즈, 동일산업, 두산로보틱스, 두산밥캣, 디앤디파마텍, 디어유, 로보티즈, 롯데쇼핑, 롯데정밀화학, 롯데칠성우, 롯데케미칼, 루닛, 매일유업, 멀티캠퍼스, 메가스터디교육, 메지온, 미스토홀딩스, 브이티, 사조대림, 사조산업, 산일전기, 삼성전기우, 삼성전자, 삼성전자우, 삼성증권, 삼성카드, 삼양사, 삼양통상, 삼양홀딩스, 삼양홀딩스우, 삼화왕관, 샘표, 서울가스, 서울보증보험, 석경에이티, 선익시스템, 성일하이텍, 셀트리온제약, 솔트룩스, 스튜디오드래곤, 시프트업, 신도리코, 신성델타테크, 신세계푸드, 신한지주, 실리콘투, 쎄트렉아이, 씨앤씨인터내셔널, 씨에스윈드, 아모레퍼시픽우, 아이쓰리시스템, 에스앤에스텍, 에스엘, 에스원, 에이비엘바이오, 에이텍, 에코프로, 에코프로머티, 엘앤에프, 엠로, 영원무역, 오스코텍, 올릭스, 와이지엔터테인먼트, 유라클, 유진테크, 윤성에프앤씨, 이수스페셜티케미컬, 이수페타시스, 인텔리안테크, 인포바인, 인화정공, 자람테크놀로지, 전진건설로봇, 제룡전기, 젬백스, 조광피혁, 종근당홀딩스, 주성엔지니어링, 지역난방공사, 천보, 천일고속, 카카오, 카페24, 컴투스, 코나아이, 코미코, 코스메카코리아, 코스모신소재, 코오롱티슈진, 클래시스, 테크윙, 툴젠, 티에스이, 퍼시스, 펄어비스, 펌텍코리아, 포스코스틸리온, 포스코인터내셔널, 풍산, 피에스케이홀딩스, 피엔티, 필옵틱스, 하나금융지주, 하나투어, 하이젠알앤엠, 한국가스공사, 한국공항, 한국금융지주우, 한국단자, 한국타이어앤테크놀로지, 한국화장품제조, 한샘, 한전KPS, 한전기술, 한텍, 한화, 한화비전, 한화시스템, 현대건설, 현대건설우, 현대백화점, 현대위아, 현대홈쇼핑, 호텔신라, 효성, 휴메딕스, 휴온스글로벌
============================================================
Q: 2024-08-19에 종가가 10만원 이상 20만원 이하인 종목을 모두 보여줘

✅ 공통 종목:
CJ제일제당 우, HD한국조선해양, LG생활건강우, LG화학우, LS ELECTRIC, NAVER, SK가스, 녹십자, 대웅제약, 레인보우로보틱스, 롯데웰푸드, 빙그레, 삼성물산, 삼성전기, 세아제강지주, 셀트리온, 신세계, 에코프로비엠, 엔씨소프트, 이오테크닉스, 조흥, 파마리서치, 파크시스템스, 하이브, 한솔케미칼, 현대오토에버, 현대차2우B, 현대차3우B, 현대차우

❌ expected에만 있는 종목:
LIG넥스원

⚠️ actual에만 있는 종목:
BGF리테일, CJ, DB손해보험, HD현대마린솔루션, HD현대미포, KT&G, LS, SK, SKC, SK바이오팜, SK우, SK이노베이션, SK하이닉스, SOOP, 금호석유화학, 기아, 대주전자재료, 대한유화, 대한제분, 대한화섬, 동아쏘시오홀딩스, 두산, 롯데칠성, 미원에스씨, 삼성물산우B, 삼성에스디에스, 삼천당제약, 세방전지, 세아제강, 세아홀딩스, 씨앤씨인터내셔널, 아모레퍼시픽, 에스티팜, 종근당, 코스맥스, 코스모신소재, 키움증권, 티씨케이, 한미반도체, 현대글로비스
============================================================
Q: 2025-05-15에 등락률이 -10% 이하인 종목을 모두 보여줘

✅ 공통 종목:
대한항공우, 디에스케이, 마이크로컨텍솔, 상지건설, 싸이버원, 쏠리드, 씨이랩, 에코아이, 에코캡, 엘케이켐, 오리엔트정공, 우양에이치씨, 유진로봇, 유진테크, 이스타코, 인크레더블버즈, 클리오, 태웅, 평화산업, 평화홀딩스, 플라즈맵, 피에스케이홀딩스, 한진칼, 형지I&C, 형지글로벌

❌ expected에만 있는 종목:
(없음)

⚠️ actual에만 있는 종목:
경방
============================================================
Q: 2025-03-20에 종가가 3만원 이상 8만원 이하인 종목을 모두 보여줘

✅ 공통 종목:
HD현대, HD현대건설기계, LG, OCI홀딩스, SK이노베이션우, 경동나비엔, 나노신소재, 남양유업, 농심홀딩스, 롯데케미칼, 미원홀딩스, 미원화학, 부산산업, 세방전지, 신성델타테크, 안랩, 에스앤디, 에스티팜, 에이피알, 에코프로머티, 엘앤에프, 유니드, 이마트, 케이아이엔엑스, 티앤엘, 풍산, 한국금융지주, 한국단자, 한화오션

❌ expected에만 있는 종목:
신영증권

⚠️ actual에만 있는 종목:
CJ ENM, CJ우, CS홀딩스, DB하이텍, DI동일, DL, DL이앤씨, E1, F&F, GS, GS우, HK이노엔, HLB, HL만도, HL홀딩스, HS효성, INVENI, ISC, JW중외제약2우B, JYP Ent., KCC글라스, KPX케미칼, KPX홀딩스, KT, LG씨엔에스, LG우, LG전자우, LS에코에너지, LX세미콘, LX하우시스, OCI, S-Oil, S-Oil우, SAMG엔터, SK디스커버리, SK디스커버리우, SK바이오사이언스, SK케미칼, SK텔레콤, SNT다이내믹스, SNT에너지, SNT홀딩스, SPC삼립, 가온전선, 가온칩스, 경동인베스트, 골프존, 국도화학, 금비, 금호석유화학우, 남양유업우, 넥스트바이오메디컬, 넥스틴, 넷마블, 더블유게임즈, 더존비즈온, 덕산네오룩스, 데브시스터즈, 덴티움, 동남합성, 동신건설, 동아에스티, 동원F&B, 동원산업, 동원시스템즈, 동일산업, 동진쎄미켐, 두산로보틱스, 두산밥캣, 두산테스나, 디앤디파마텍, 디어유, 로보티즈, 롯데쇼핑, 롯데정밀화학, 롯데칠성우, 루닛, 리노공업, 매일유업, 멀티캠퍼스, 메가스터디교육, 미스토홀딩스, 브이티, 사조대림, 사조산업, 산일전기, 삼성전기우, 삼성전자, 삼성전자우, 삼성증권, 삼성카드, 삼양사, 삼양통상, 삼양홀딩스, 삼양홀딩스우, 삼화왕관, 삼화전기, 샘표, 서울가스, 서울보증보험, 석경에이티, 선익시스템, 성일하이텍, 셀트리온제약, 솔브레인홀딩스, 스튜디오드래곤, 시프트업, 신도리코, 신성에스티, 신세계푸드, 신한지주, 쎄트렉아이, 씨앤씨인터내셔널, 씨에스윈드, 아모레퍼시픽우, 아이쓰리시스템, 에스앤에스텍, 에스엘, 에스원, 에이비엘바이오, 에이직랜드, 에코프로, 에코프로에이치엔, 엘케이켐, 엠로, 영원무역, 영풍, 오스코텍, 올릭스, 와이지엔터테인먼트, 위메이드, 유일로보틱스, 유진테크, 윤성에프앤씨, 이수스페셜티케미컬, 이수페타시스, 인텔리안테크, 인포바인, 인화정공, 자람테크놀로지, 전진건설로봇, 제룡전기, 젬백스, 조광피혁, 종근당홀딩스, 주성엔지니어링, 지역난방공사, 천보, 천일고속, 카카오, 카카오페이, 카페24, 컴투스, 케이씨텍, 코미코, 코스메카코리아, 코스모신소재, 코오롱생명과학, 코오롱인더, 코오롱티슈진, 클래시스, 탑머티리얼, 테크윙, 툴젠, 티에스이, 퍼시스, 펄어비스, 펌텍코리아, 포스코스틸리온, 포스코인터내셔널, 피에스케이홀딩스, 피엔티, 필옵틱스, 하나금융지주, 하나머티리얼즈, 하나투어, 하이젠알앤엠, 한국가스공사, 한국공항, 한국금융지주우, 한국콜마, 한국타이어앤테크놀로지, 한국화장품제조, 한샘, 한전KPS, 한전기술, 한화, 한화비전, 한화시스템, 현대건설, 현대건설우, 현대백화점, 현대엘리베이터, 현대위아, 현대홈쇼핑, 호텔신라, 호텔신라우, 효성, 휴메딕스, 휴온스글로벌
============================================================
Q: 2024-07-22에 KOSPI 시장에서 종가가 5만원 이상 10만원 이하인 종목을 모두 보여줘

✅ 공통 종목:
HD현대미포, KB금융, KT&G, OCI, SK바이오팜, SK스퀘어, 경동인베스트, 덴티움, 미원홀딩스, 삼성생명, 삼성전자, 삼천리, 세방전지, 에코프로머티, 오리온, 유니드, 조선선재

❌ expected에만 있는 종목:
CJ4우, DB손해보험, 세아홀딩스

⚠️ actual에만 있는 종목:
CJ4우(전환), CJ대한통운, CJ우, CS홀딩스, DB하이텍, DL, E1, F&F, HD현대, HD현대건설기계, JW중외제약2우B, KPX홀딩스, LG, LG우, LX세미콘, OCI홀딩스, S-Oil, SK바이오사이언스, SK이노베이션우, SK텔레콤, SPC삼립, 경동나비엔, 금비, 금양, 금호석유화학우, 남양유업, 넷마블, 농심홀딩스, 더존비즈온, 동아에스티, 두산2우B, 두산로보틱스, 롯데쇼핑, 롯데칠성우, 메리츠금융지주, 미원화학, 미창석유, 부산산업, 사조대림, 삼성전기우, 삼성전자우, 삼아알미늄, 삼양홀딩스, 삼양홀딩스우, 삼화전기, 서울가스, 시프트업, 신영증권, 신한지주, 에스원, 에이피알, 영원무역홀딩스, 유한양행, 유한양행우, 이마트, 조광피혁, 종근당홀딩스, 코웨이, 포스코인터내셔널, 풍산, 하나금융지주, 하나투어, 한국공항, 한국금융지주, 한국단자, 한국콜마, 한국화장품제조, 한샘, 한전기술, 한진칼, 현대위아, 호텔신라, 효성화학
============================================================
Q: 2025-04-14에 KOSDAQ 시장에서 거래량이 100만주 이상인 종목을 모두 보여줘

✅ 공통 종목:
TS인베스트먼트, 나우IB, 대성창투, 대신정보통신, 링크드, 모헨즈, 미스터블루, 솔트웨어, 스튜디오미르, 시공테크, 아이씨티케이, 온코크로스, 원익홀딩스, 유디엠텍, 이스트아시아홀딩스, 자연과환경, 좋은사람들, 토마토시스템, 팬스타엔터프라이즈, 피아이이

❌ expected에만 있는 종목:
(없음)

⚠️ actual에만 있는 종목:
3S, CSA 코스믹, DSC인베스트먼트, HB테크놀러지, KBI메탈, KD, KNN, KT지니뮤직, LB인베스트먼트, M83, MDS테크, PN풍년, PS일렉트로닉스, SM Life Design, SV인베스트먼트, TS트릴리온, 가온그룹, 경남스틸, 고영, 국영지앤엠, 글로벌텍스프리, 나인테크, 네이처셀, 넥스트아이, 노바텍, 노을, 대동스틸, 대아티아이, 대주산업, 대진첨단소재, 대화제약, 더블유에스아이, 더즌, 데이원컴퍼니, 동국알앤에스, 드림인사이트, 디젠스, 디티앤씨알오, 로보로보, 마음AI, 모코엠시스, 모티브링크, 밸로프, 벡트, 부방, 비아이매트릭스, 비큐AI, 삼보산업, 삼일, 삼일기업공사, 상지건설, 서울리거, 서울평가정보, 세명전기, 센코, 셀바스AI, 셀바스헬스케어, 소니드, 소프트캠프, 솔트룩스, 신테카바이오, 실리콘투, 심플랫폼, 썸에이지, 쎄노텍, 쓰리빌리언, 씨큐브, 아가방컴퍼니, 아이비김영, 아이스크림미디어, 아이스크림에듀, 아이에이, 아이퀘스트, 아이티센글로벌, 아톤, 알서포트, 알체라, 에스아이리소스, 에스엠씨지, 에어레인, 에이비엘바이오, 에이티넘인베스트, 에코바이오, 엑셈, 엑스페릭스, 엑시온그룹, 엘컴텍, 엠게임, 오늘이엔엠, 오리엔트정공, 오상자이엘, 오파스넷, 온코닉테라퓨틱스, 옴니시스템, 옵티코어, 와이랩, 와이즈넛, 우듬지팜, 우리기술, 원텍, 위세아이텍, 위즈코프, 위지윅스튜디오, 유니슨, 유일에너테크, 이스트소프트, 이스트에이드, 인스웨이브, 중앙첨단소재, 지아이이노베이션, 지엔씨에너지, 카티스, 캡스톤파트너스, 케이바이오, 크라우드웍스, 크리스탈신소재, 클로봇, 탑코미디어, 티플랙스, 포메탈, 폴라리스AI, 폴라리스오피스, 플랜티넷, 플루토스, 핑거, 핑거스토리, 한국선재, 한국첨단소재, 한국피아이엠, 한글과컴퓨터, 한빛레이저, 한싹, 한텍, 헝셩그룹, 현대힘스, 형지I&C, 형지글로벌, 휴림로봇
============================================================
Q: 2024-08-14에 등락률이 +7% 이상이면서 거래량이 전날대비 200% 이상 증가한 종목을 모두 보여줘

✅ 공통 종목:
HD현대에너지솔루션, STX엔진, 그린리소스, 그린생명과학, 뉴트리, 랩지노믹스, 브릿지바이오테라퓨틱스, 서울제약, 성도이엔지, 셀레믹스, 앱클론, 제일엠앤에스, 젠큐릭스, 캐프, 태성

❌ expected에만 있는 종목:
(없음)

⚠️ actual에만 있는 종목:
DMS, DYP, GH신소재, KBI메탈, S&K폴리텍, SK오션플랜트, 넥스트아이, 넵튠, 뉴파워프라즈마, 대원전선, 동국S&C, 동국산업, 라파스, 롯데이노베이트, 메가엠디, 미래반도체, 삼영이엔씨, 아나패스, 아이진, 애니플러스, 에스비비테크, 에스텍, 에스티아이, 에프엔씨엔터, 엔브이에이치코리아, 우신시스템, 우정바이오, 월덱스, 웰크론, 유진테크, 이랜시스, 이미지스, 이엔에프테크놀로지, 이화공영, 인지컨트롤스, 자람테크놀로지, 캐리, 케이엠, 코리아에프티, 코아스, 탑코미디어, 파이버프로, 프로텍, 피씨엘, 피에스케이홀딩스, 한국단자, 한선엔지니어링, 한중엔시에스
============================================================
Q: 2024-10-14에 거래량이 전날대비 200% 이상 증가한 종목을 모두 보여줘

✅ 공통 종목:
디티앤씨, 무림P&P, 무림SP, 무림페이퍼, 산돌, 서울반도체, 솔루스첨단소재1우, 아이큐어, 아이톡시, 액토즈소프트, 우리산업홀딩스, 이노룰스, 제이씨현시스템, 케이알엠, 코콤, 피씨디렉트, 핌스, 한국제지

❌ expected에만 있는 종목:
대림통상, 팜스빌

⚠️ actual에만 있는 종목:
3S, DB, KT밀리의서재, LK삼양, LS에코에너지, 경남스틸, 계룡건설, 계양전기우, 고바이오랩, 기산텔레콤, 나이벡, 넥써쓰, 노을, 농우바이오, 다산네트웍스, 대한제분, 동일산업, 동일제강, 디모아, 미원에스씨, 바이오스마트, 바이오에프디엔씨, 범양건영, 베셀, 비트맥스, 빅텍, 삼성출판사, 삼영에스앤씨, 서울바이오시스, 세아메카닉스, 세아홀딩스, 소노스퀘어, 솔루스첨단소재2우B, 쇼박스, 스페코, 스피어, 시디즈, 신테카바이오, 아남전자, 아미노로직스, 아센디오, 아이즈비전, 아즈텍WB, 안트로젠, 알피바이오, 에스와이스틸텍, 에이치브이엠, 에이치엔에스하이텍, 에이티넘인베스트, 엑스플러스, 엔바이오니아, 예림당, 오픈놀, 옵티코어, 웅진, 웅진씽크빅, 워트, 윙입푸드, 율촌화학, 이미지스, 일성아이에스, 자이글, 제이앤티씨, 제이에스링크, 조흥, 지놈앤컴퍼니, 지씨셀, 지아이이노베이션, 진양산업, 진양홀딩스, 카티스, 캐리소프트, 컴퍼니케이, 케이탑리츠, 큐로셀, 투비소프트, 티웨이홀딩스, 파워로직스, 파인텍, 퍼스텍, 포니링크, 푸드나무, 프리엠스, 피엔티엠에스, 피플바이오, 필옵틱스, 하나29호스팩, 한독크린텍, 한성크린텍, 한세예스24홀딩스, 한솔제지, 한신공영, 한올바이오파마, 한울앤제주, 한창제지, 현대ADM, 호전실업, 화승알앤에이, 화신, 휴럼
============================================================
Q: 2024-08-12에 거래량이 1000만주 이상인 종목을 모두 보여줘

✅ 공통 종목:
SG세계물산, 국영지앤엠, 메이슨캐피탈, 민테크, 뱅크웨어글로벌, 블루엠텍, 삼기에너지솔루션즈, 삼부토건, 셀리드, 신풍제약, 아이에이, 에이프로젠, 오성첨단소재, 우리바이오, 일신바이오, 지아이텍, 지에스이, 한빛레이저, 화일약품, 휴마시스, 흥아해운

❌ expected에만 있는 종목:
(없음)

⚠️ actual에만 있는 종목:
(없음)
============================================================
Q: 2025-04-29에 KOSDAQ 시장에서 등락률이 -7% 이하인 종목을 모두 보여줘

✅ 공통 종목:
THE CUBE&, 경남스틸, 더블유씨피, 디에이치엑스컴퍼니, 박셀바이오, 삼일, 성우전자, 심플랫폼, 아이즈비전, 아톤, 에이치씨보광산업, 옴니시스템, 이루온, 카이노스메드, 파수, 한국선재, 한국정보인증, 한국팩키지, 형지I&C, 휴맥스홀딩스

❌ expected에만 있는 종목:
(없음)

⚠️ actual에만 있는 종목:
버넥트, 신라젠, 에어레인, 오션인더블유, 이원컴포텍
============================================================
Q: 2024-10-29에 거래량이 5000만주 이상인 종목을 모두 보여줘

✅ 공통 종목:
일신석재

❌ expected에만 있는 종목:
(없음)

⚠️ actual에만 있는 종목:
(없음)
============================================================
Q: 2024-10-31에 등락률이 +5% 이상인 종목을 모두 보여줘

✅ 공통 종목:
AP위성, DS단석, 경남제약, 네이처셀, 동신건설, 동양우, 디지틀조선, 디케이앤디, 로보로보, 미래산업, 비보존 제약, 비투엔, 신송홀딩스, 썸에이지, 씨엔플러스, 아티스트컴퍼니, 에스코넥, 에이디테크놀로지, 에이텍, 예림당, 이노스페이스, 켄코아에어로스페이스, 큐라클, 태영건설우

❌ expected에만 있는 종목:
지오엘리먼트

⚠️ actual에만 있는 종목:
DN오토모티브, F&F, NI스틸, RFHIC, SK아이이테크놀로지, SOOP, YG PLUS, 광명전기, 금양, 네패스아크, 넥스턴바이오, 대웅제약, 덕산테코피아, 두산테스나, 레몬, 레뷰코퍼레이션, 레이저쎌, 리튬포어스, 머큐리, 모나리자, 보로노이, 브이티, 삼천당제약, 서플러스글로벌, 셀레스트라, 솔루스첨단소재, 신라젠, 신원종합개발, 신테카바이오, 쎄트렉아이, 아이쓰리시스템, 에스티아이, 에이직랜드, 에이치브이엠, 에이텍모빌리티, 엑시콘, 엑시큐어하이트론, 엘앤에프, 엘오티베큠, 영원무역, 영풍, 우양, 위드텍, 유진로봇, 인텔리안테크, 자람테크놀로지, 제우스, 제이스코홀딩스, 제이오, 카티스, 캐리소프트, 컨텍, 케이씨텍, 케이씨티, 코나아이, 코미코, 크라우드웍스, 키다리스튜디오, 테크윙, 텔콘RF제약, 토탈소프트, 파인엠텍, 피노, 피델릭스, 피엔에이치테크, 하나마이크론, 하이록코리아, 한국단자, 한국철강, 현대건설우
============================================================
Q: 2024-09-09에 종가가 3만원 이상 8만원 이하인 종목을 모두 보여줘

✅ 공통 종목:
CJ ENM, E1, HD현대, OCI, OCI홀딩스, SK스퀘어, SK이노베이션우, 경동나비엔, 덴티움, 동아에스티, 두산로보틱스, 롯데칠성우, 롯데케미칼, 보로노이, 삼성전자, 셀트리온제약, 에코프로, 유니드, 이마트, 케이아이엔엑스, 코웨이, 한국금융지주, 한국단자, 한국콜마, 한전기술, 한진칼

❌ expected에만 있는 종목:
KB금융, 미원화학, 신영증권, 영원무역홀딩스

⚠️ actual에만 있는 종목:
BYC, CJ우, CS홀딩스, DB하이텍, DI동일, DL, DL이앤씨, F&F, GS, GS우, HD현대건설기계, HK이노엔, HL만도, HL홀딩스, HS효성, INVENI, ISC, JW중외제약2우B, JW중외제약우, JYP Ent., KCC글라스, KPX케미칼, KPX홀딩스, KT, LG우, LG전자우, LX세미콘, LX하우시스, S-Oil, S-Oil우, SK디스커버리, SK디스커버리우, SK바이오사이언스, SK아이이테크놀로지, SK케미칼, SK텔레콤, SPC삼립, 가온전선, 가온칩스, 골프존, 국도화학, 금비, 금양, 금호석유화학우, 기가비스, 남양유업, 넥스트바이오메디컬, 넥스틴, 넷마블, 노루홀딩스우, 농심홀딩스, 더블유게임즈, 더존비즈온, 덕산네오룩스, 덕산테코피아, 데브시스터즈, 동남합성, 동원F&B, 동원시스템즈, 동일산업, 두산2우B, 두산밥캣, 두산우, 디앤디파마텍, 롯데렌탈, 롯데쇼핑, 롯데에너지머티리얼즈, 롯데정밀화학, 롯데지주우, 루닛, 리노공업, 매일유업, 멀티캠퍼스, 메가스터디교육, 메지온, 미스토홀딩스, 부산산업, 뷰노, 브이티, 비나텍, 사조대림, 사조산업, 산일전기, 삼성전기우, 삼성전자우, 삼성증권, 삼성카드, 삼아알미늄, 삼양사, 삼양통상, 삼양홀딩스, 삼양홀딩스우, 삼화왕관, 삼화전기, 삼화콘덴서, 샘표, 서울가스, 석경에이티, 선익시스템, 성일하이텍, 솔브레인홀딩스, 스튜디오드래곤, 시프트업, 신도리코, 신성델타테크, 신세계푸드, 신한지주, 실리콘투, 쎄트렉아이, 씨에스윈드, 아모레퍼시픽우, 아이쓰리시스템, 안랩, 에스앤디, 에스엘, 에스엠, 에스원, 에이피알, 에코앤드림, 에코프로에이치엔, 엠로, 영원무역, 오스코텍, 와이지엔터테인먼트, 원익IPS, 위메이드, 유진테크, 윤성에프앤씨, 이수스페셜티케미컬, 이수페타시스, 인텔리안테크, 자람테크놀로지, 제룡전기, 조광피혁, 종근당홀딩스, 지씨셀, 지역난방공사, 천보, 천일고속, 카카오, 컴투스, 케이씨텍, 코미코, 코오롱인더, 클래시스, 클리오, 탑머티리얼, 테크윙, 툴젠, 티앤엘, 티에스이, 퍼시스, 펄어비스, 펌텍코리아, 펩트론, 포스코스틸리온, 포스코인터내셔널, 풍산, 피에스케이홀딩스, 피엔티, 하나금융지주, 하나투어, 한국가스공사, 한국공항, 한국금융지주우, 한국타이어앤테크놀로지, 한국항공우주, 한미사이언스, 한샘, 한올바이오파마, 한전KPS, 한중엔시에스, 한화오션, 현대건설, 현대건설우, 현대로템, 현대백화점, 현대엘리베이터, 현대위아, 현대해상, 현대홈쇼핑, 호텔신라, 호텔신라우, 효성, 효성화학, 휴메딕스
============================================================
Q: 2024-12-11에 거래량이 500만주 이상인 종목을 모두 보여줘

✅ 공통 종목:
국영지앤엠, 깨끗한나라, 나우IB, 다보링크, 대성창투, 드림시큐리티, 범양건영, 삼부토건, 삼성전자, 써니전자, 쓰리빌리언, 씨씨에스, 아톤, 우리로, 이스타코, 이스트소프트, 이오플로우, 일성건설, 일신석재, 제이씨현시스템, 코이즈, 폴라리스AI, 한국ANKOR유전, 형지I&C, 형지엘리트

❌ expected에만 있는 종목:
(없음)

⚠️ actual에만 있는 종목:
CS, DB, SG, 노을, 두산에너빌리티, 디와이디, 모나리자, 삼성중공업, 시공테크, 쏠리드, 아가방컴퍼니, 아이비김영, 아이윈플러스, 아주IB투자, 에스와이스틸텍, 엑스게이트, 오리엔트바이오, 위즈코프, 위지윅스튜디오, 이스트아시아홀딩스, 인터지스, 진양산업, 카스, 키움제11호스팩, 파라텍, 파미셀, 헝셩그룹
============================================================
Q: 2024-12-24에 거래량이 500만주 이상인 종목을 모두 보여줘

✅ 공통 종목:
SG글로벌, 계양전기, 그린케미칼, 남선알미늄, 덱스터, 동원금속, 디젠스, 링크제니시스, 머큐리, 삼성전자, 신세계 I&C, 쓰리빌리언, 쓰리에이로직스, 아이즈비전, 에이럭스, 오리엔트바이오, 오리엔트정공, 이수페타시스, 제이씨현시스템, 지니틱스, 켐트로스, 클로봇, 티케이케미칼, 파인테크닉스, 폴라리스AI

❌ expected에만 있는 종목:
(없음)

⚠️ actual에만 있는 종목:
DXVX, SBS, 네온테크, 대원전선, 라온피플, 아이티센피엔에스, 에스오에스랩, 에코바이오, 위지윅스튜디오, 일신석재, 흥국화재
============================================================
Q: 2025-04-29에 등락률이 +3% 이상이면서 거래량이 전날대비 150% 이상 증가한 종목을 모두 보여줘

✅ 공통 종목:
금호건설우, 동양2우B, 동양우, 메이슨캐피탈, 부산산업, 슈프리마에이치큐, 알파녹스, 에르코스, 엑스큐어, 오하임앤컴퍼니, 유엔젤, 진흥기업2우B, 진흥기업우B, 태영건설, 티와이홀딩스

❌ expected에만 있는 종목:
(없음)

⚠️ actual에만 있는 종목:
CNT85, DRB동일, HD현대일렉트릭, LG생활건강, LS네트웍스, SBS, SKAI, SNT모티브, SUN&L, iM금융지주, 계룡건설, 계양전기우, 고영, 국도화학, 글로본, 금강공업우, 깨끗한나라우, 꿈비, 나우IB, 남광토건, 넥스트아이, 넵튠, 노바렉스, 대봉엘에스, 대상홀딩스우, 대웅제약, 대원전선, 더블유에스아이, 동부건설우, 동아에스티, 동양, 동양생명, 두산테스나, 라파스, 메디포스트, 미래에셋생명, 미래에셋증권우, 블루엠텍, 산일전기, 선진뷰티사이언스, 성문전자우, 세명전기, 소프트센우, 슈프리마, 스튜디오드래곤, 시선AI, 쓰리빌리언, 아모레퍼시픽홀딩스, 아이센스, 아이톡시, 알체라, 애드바이오텍, 에스텍, 에스티오, 에이스토리, 에이텀, 에이플러스에셋, 에코아이, 엔에프씨, 오상헬스케어, 와이투솔루션, 우리로, 위츠, 윌비스, 유니온바이오메트릭스, 유라클, 이스트에이드, 이지바이오, 인카금융서비스, 일진전기, 제일일렉트릭, 조이시티, 지엘팜텍, 진흥기업, 케스피온, 케이사인, 코스맥스엔비티, 코어라인소프트, 코오롱모빌리티그룹우, 태광산업, 태양금속, 티움바이오, 퍼시스, 평화산업, 포니링크, 푸른기술, 프로텍, 플랜티넷, 하이트진로홀딩스우, 한미약품, 현대공업, 현대오토에버, 화신, 휴먼테크놀로지
============================================================
Q: 2025-06-13에 등락률이 +7% 이상이면서 거래량이 전날대비 300% 이상 증가한 종목을 모두 보여줘

✅ 공통 종목:
KG모빌리언스, SH에너지화학, STX그린로지스, 극동유화, 대성에너지, 대성하이텍, 삼화전자, 신라섬유, 지에스이, 코츠테크놀로지, 풍산, 한국석유, 한일단조, 휴니드, 흥아해운

❌ expected에만 있는 종목:
(없음)

⚠️ actual에만 있는 종목:
NHN, RF시스템즈, S-Oil, 기산텔레콤, 대한뉴팜, 대한해운, 미래생명자원, 빅텍, 삼보산업, 스페코, 풍산홀딩스, 필옵틱스, 한창산업
[경고] 블록 51의 줄 수가 부족합니다. 건너뜀.
