============================================================
Q: 2025-02-17에 거래량이 20일 평균 대비 300% 이상 급증한 종목을 알려줘

✅ 공통 종목:
TS트릴리온, 덕우전자, 로지시스, 리튬포어스, 린드먼아시아, 마이크로컨텍솔, 서원, 세코닉스, 심텍홀딩스, 쓰리에이로직스, 아비코전자, 에코바이오, 와토스코리아, 원익, 원익홀딩스, 인산가, 탑머티리얼, 티에스넥스젠, 티엘비, 파인디지털

❌ expected에만 있는 종목:
(없음)

⚠️ actual에만 있는 종목:
DL우, KPX홀딩스, LS마린솔루션, 그래디언트, 나노캠텍, 더테크놀로지, 덕성, 덕성우, 동양생명, 디케이앤디, 레이크머티리얼즈, 롯데하이마트, 메이슨캐피탈, 모다이노칩, 바텍, 버넥트, 블루콤, 빛샘전자, 삼성제약, 삼익THK, 상지건설, 서울전자통신, 세명전기, 승일, 신영스팩9호, 신영증권, 신풍제약, 심텍, 쓰리빌리언, 씨씨에스, 아이티센글로벌, 알체라, 에이럭스, 에이팩트, 에코글로우, 에코프로머티, 엠아이텍, 엣지파운드리, 원바이오젠, 원익머트리얼즈, 원익피앤이, 이노시뮬레이션, 이삭엔지니어링, 이오플로우, 일진다이아, 젬백스, 지에프씨생명과학, 코리아써키트, 코오롱생명과학, 태영건설, 태영건설우, 팜스빌, 포바이포, 피엔티, 해성산업, 현대코퍼레이션, 화승코퍼레이션, 화인써키트
============================================================
Q: 2024-07-05에 종가가 60일 이동평균보다 3% 이상 높은 종목을 알려줘

✅ 공통 종목:
듀켐바이오, 보로노이, 사조대림, 세명전기, 압타바이오, 엔에스이엔엠, 오늘이엔엠, 인크레더블버즈, 코스메카코리아, 태영건설, 태영건설우, 테크윙, 펩트론, 피노, 한국첨단소재

❌ expected에만 있는 종목:
(없음)

⚠️ actual에만 있는 종목:
AP헬스케어, BNK금융지주, CG인바이츠, CJ씨푸드, CJ제일제당, CS홀딩스, DB손해보험, DB증권, DB하이텍, DI동일, GS글로벌, GS우, HB솔루션, HD한국조선해양, HD현대, HD현대마린엔진, HD현대미포, HD현대일렉트릭, HD현대중공업, HLB글로벌, HLB제약, HLB파나진, HL만도, JB금융지주, JW중외제약, JW중외제약우, JW홀딩스, KB금융, KB제25호스팩, KPX케미칼, KS인더스트리, LG디스플레이, LG이노텍, LG전자, LG전자우, LIG넥스원, LS마린솔루션, LS증권, LS티라유텍, LX세미콘, LX인터내셔널, LX하우시스우, NH올원리츠, NH투자증권, NH투자증권우, PI첨단소재, PN풍년, SBI인베스트먼트, SG글로벌, SK가스, SK리츠, SK스퀘어, SK이노베이션, SK이노베이션우, SK하이닉스, SNT다이내믹스, SNT에너지, STX그린로지스, STX엔진, 강동씨앤엘, 경창산업, 고려아연, 국도화학, 국보디자인, 국순당, 국제약품, 글로벌에스엠, 금호석유화학, 기아, 기업은행, 나이벡, 남양유업, 네오셈, 넥센, 넥스트칩, 넥스틸, 넥슨게임즈, 노루홀딩스, 노바렉스, 녹십자, 누리플랜, 대동전자, 대림통상, 대봉엘에스, 대상, 대상홀딩스, 대신증권, 대웅, 대원전선, 대유에이텍, 대주전자재료, 대한제분, 대한항공, 대한해운, 대호에이엘, 대화제약, 더블유게임즈, 더존비즈온, 덕산테코피아, 동국제약, 동방, 동아에스티, 동양생명, 동양에스텍, 동양철관, 동원시스템즈, 동일스틸럭스, 두산, 두산2우B, 두산에너빌리티, 두산우, 드림씨아이에스, 디씨엠, 디아이, 디케이앤디, 딥마인드, 라닉스, 라이콤, 램테크놀러지, 레이저옵텍, 로체시스템즈, 롯데렌탈, 롯데에너지머티리얼즈, 롯데웰푸드, 리가켐바이오, 마녀공장, 마니커에프앤지, 마이크로디지탈, 메디콕스, 메디톡스, 메리츠금융지주, 메타바이오메드, 모나용평, 모베이스, 무학, 미래산업, 미래에셋비전스팩2호, 미래에셋생명, 미원상사, 미원화학, 미코, 바디텍메드, 바이넥스, 바이오다인, 바이오에프디엔씨, 바이오플러스, 바이온, 방림, 백산, 보락, 부국증권, 브이티, 블루엠텍, 비보존 제약, 비에이치, 비엘팜텍, 비올, 비츠로셀, 비투엔, 빙그레, 사조산업, 사조씨푸드, 사조오양, 삼륭물산, 삼성공조, 삼성물산, 삼성물산우B, 삼성바이오로직스, 삼성생명, 삼성에스디에스, 삼성전기, 삼성전기우, 삼성전자, 삼성전자우, 삼성증권, 삼성화재, 삼성화재우, 삼아제약, 삼양식품, 삼양패키징, 삼영, 삼영에스앤씨, 삼영엠텍, 삼정펄프, 삼지전자, 삼천당제약, 삼호개발, 삼화네트웍스, 삼화전기, 삼화페인트, 상아프론테크, 샘표식품, 서연탑메탈, 서울리거, 서울제약, 서진시스템, 선진뷰티사이언스, 성우전자, 세방, 세보엠이씨, 세원정공, 세진중공업, 소노스퀘어, 솔루스첨단소재, 솔브레인홀딩스, 시노펙스, 신라교역, 신성에스티, 신성통상, 신영증권, 신한서부티엔디리츠, 신한지주, 실리콘투, 심텍, 썸에이지, 쎌바이오텍, 씨앤씨인터내셔널, 씨엔플러스, 아나패스, 아바텍, 아세아시멘트, 아스타, 아이센스, 아이엘, 아이큐어, 아이톡시, 아이패밀리에스씨, 안트로젠, 알테오젠, 압타머사이언스, 애드바이오텍, 앤디포스, 어보브반도체, 에너토크, 에스앤디, 에스엘, 에스와이, 에스와이스틸텍, 에스텍, 에스티아이, 에이블씨엔씨, 에이비엘바이오, 에이비온, 에이치엔에스하이텍, 에이프로젠바이오로직스, 에이프릴바이오, 에코글로우, 에코앤드림, 에프에스티, 에프엔에스테크, 엑스큐어, 엑스페릭스, 엑시콘, 엔시스, 엘앤씨바이오, 엠게임, 엠에스씨, 영원무역홀딩스, 오리엔탈정공, 오상헬스케어, 오스코텍, 오스테오닉, 오킨스전자, 올리패스, 옵투스제약, 와이바이오로직스, 와이씨, 와이엠텍, 우리금융지주, 우리산업홀딩스, 우수AMS, 우양, 우진엔텍, 워트, 원익IPS, 원익QnC, 원풍, 웨이버스, 웨이브일렉트로, 위드텍, 윈스테크넷, 윈팩, 윙입푸드, 유니셈, 유니테크노, 유니트론텍, 유아이엘, 유안타증권, 유안타증권우, 유진테크놀로지, 유진투자증권, 유한양행, 유한양행우, 육일씨엔에쓰, 율촌화학, 이노진, 이녹스첨단소재, 이랜텍, 이리츠코크렙, 이수페타시스, 이엔에프테크놀로지, 이오플로우, 인벤티지랩, 인선이엔티, 인스웨이브, 인화정공, 일신석재, 일진전기, 잉글우드랩, 자이글, 자이에스앤디, 제룡산업, 제룡전기, 제이스코홀딩스, 제이앤티씨, 제이에스링크, 제이에스코퍼레이션, 제이엔비, 젝시믹스, 젬백스, 조광페인트, 중앙첨단소재, 지누스, 지에프씨생명과학, 지역난방공사, 진시스템, 청담글로벌, 카이노스메드, 카페24, 케이씨텍, 케이이엠텍, 코다코, 코람코더원리츠, 코리아써우, 코리아써키트, 코리아에셋투자증권, 코메론, 코스나인, 코스맥스, 코스텍시스, 코아스템켐온, 코아시아, 코오롱글로벌, 코오롱글로벌우, 코오롱티슈진, 코츠테크놀로지, 콜마비앤에이치, 쿠쿠홀딩스, 큐로홀딩스, 크래프톤, 크레오에스지, 클래시스, 키움증권, 태성, 태웅로직스, 테스, 텔코웨어, 토마토시스템, 토비스, 툴젠, 티씨케이, 티앤엘, 티웨이홀딩스, 티케이케미칼, 파두, 파마리서치, 파세코, 파인디앤씨, 파인텍, 파크시스템스, 퍼시스, 펄어비스, 펌텍코리아, 포스코인터내셔널, 포커스에이아이, 풀무원, 풍원정밀, 퓨쳐켐, 프레스티지바이오파마, 프로티아, 플라즈맵, 플레이위드, 피에스케이, 피에스케이홀딩스, 피에이치에이, 피엔티, 피플바이오, 하나금융지주, 하나머티리얼즈, 하이로닉, 하이텍팜, 한국ANKOR유전, 한국가스공사, 한국공항, 한국금융지주, 한국금융지주우, 한국비엔씨, 한국석유, 한국쉘석유, 한국제지, 한국콜마, 한국피아이엠, 한국화장품제조, 한독, 한미반도체, 한미사이언스, 한선엔지니어링, 한성기업, 한솔로지스틱스, 한양증권, 한울앤제주, 한전산업, 한중엔시에스, 한진칼, 한화, 한화생명, 한화손해보험, 한화에어로스페이스, 한화엔진, 해성산업, 해성에어로보틱스, 해태제과식품, 헝셩그룹, 헥토파이낸셜, 현대글로비스, 현대모비스, 현대엘리베이터, 현대오토에버, 현대차, 현대차2우B, 현대차3우B, 현대차우, 현대코퍼레이션, 현대해상, 화성밸브, 화승알앤에이, 화승코퍼레이션, 화신, 효성ITX, 휴럼, 휴젤, 흥국화재
[경고] 블록 3의 줄 수가 부족합니다. 건너뜀.
============================================================
Q: 2025-03-06에 RSI가 20 이하인 과매도 종목을 알려줘

✅ 공통 종목:
소니드, 앤씨앤, 오텍, 인트론바이오, 큐로홀딩스, 티에스넥스젠, 플라즈맵, 하이퍼코퍼레이션

❌ expected에만 있는 종목:
BF랩스, FSN, 국일제지, 디에이테크놀로지, 에스디생명공학, 오늘이엔엠, 초록뱀미디어

⚠️ actual에만 있는 종목:
HB테크놀러지, JW중외제약2우B, SCL사이언스, SK바이오사이언스, 계양전기우, 국일신동, 금호전기, 나무기술, 넥스트칩, 뉴프렉스, 다보링크, 대보마그네틱, 대원화성, 대한광통신, 더테크놀로지, 동성제약, 드림씨아이에스, 디바이스, 디아이씨, 디알텍, 디와이씨, 라닉스, 링크드, 명신산업, 모아데이타, 박셀바이오, 비투엔, 삼양패키징, 서울바이오시스, 서울반도체, 성안머티리얼스, 셀루메드, 소룩스, 손오공, 시노펙스, 시지메드텍, 신성델타테크, 신풍제약우, 신화콘텍, 아바코, 아센디오, 아시아경제, 아우딘퓨쳐스, 아이디스홀딩스, 아이윈, 아이지넷, 에스티오, 에스피지, 에이비온, 에코볼트, 엠로, 오브젠, 오토앤, 온타이드, 옴니시스템, 와이즈넛, 웰킵스하이텍, 웹스, 유비쿼스, 이녹스첨단소재, 이엠텍, 이연제약, 인선이엔티, 인탑스, 인포뱅크, 제닉스, 제룡전기, 제이앤티씨, 제이엠티, 지엘팜텍, 진흥기업, 칩스앤미디어, 캔버스엔, 코렌텍, 코미코, 코아시아, 퀀타매트릭스, 큐라티스, 테고사이언스, 티웨이항공, 티케이지애강, 파크시스템스, 페이퍼코리아, 포톤, 퓨런티어, 하이비젼시스템, 한화갤러리아, 해성옵틱스, 화승엔터프라이즈, 휴럼
============================================================
Q: 2025-03-21에 거래량이 20일 평균 대비 500% 이상 급증한 종목을 알려줘

✅ 공통 종목:
DI동일, GS글로벌, 딥마인드, 램테크놀러지, 베셀, 상신전자, 세진티에스, 소프트센, 스틱인베스트먼트, 앤디포스, 앱클론, 엠젠솔루션, 제이티, 캐리, 코퍼스코리아, 태영건설, 태영건설우, 픽셀플러스, 한주에이알티

❌ expected에만 있는 종목:
THE E&M

⚠️ actual에만 있는 종목:
HLB글로벌, HLB생명과학, HLB파나진, 더코디, 동양2우B, 동일스틸럭스, 롯데지주우, 삼익THK, 쏘닉스, 아이씨디, 에스케이증권제10호스팩, 에프알텍, 윌비스, 이노션, 크라우드웍스, 토모큐브, 티엘비, 핌스, 하나마이크론
============================================================
Q: 2024-07-17에 RSI가 20 이하인 과매도 종목을 알려줘

✅ 공통 종목:
서울식품우, 씨티알모빌리티, 케이알엠, 콘텐트리중앙, 하이젠알앤엠, 한빛소프트

❌ expected에만 있는 종목:
BF랩스, 국일제지, 디에이테크놀로지, 시프트업, 아이씨티케이, 에이치브이엠, 이노스페이스, 초록뱀미디어, 하스

⚠️ actual에만 있는 종목:
DS단석, ES큐브, GS글로벌, HB솔루션, KX하이텍, MDS테크, SJG세종, SNT모티브, TCC스틸, 구영테크, 그리드위즈, 나노팀, 나이스정보통신, 네오크레마, 노브랜드, 대성창투, 대원강업, 대원전선우, 더바이오메드, 도이치모터스, 동국산업, 동남합성, 동성케미컬, 동양철관, 동우팜투테이블, 동원금속, 동화기업, 두올, 디아이, 디아이씨, 디와이피엔에프, 라메디텍, 로체시스템즈, 리튬포어스, 마이크로투나노, 모두투어, 모아데이타, 미스터블루, 배럴, 백산, 비비씨, 삼보모터스, 삼성공조, 삼화전기, 상지건설, 샘씨엔에스, 서연, 서연이화, 서진오토모티브, 서흥, 성안머티리얼스, 성우하이텍, 성창기업지주, 성창오토텍, 세원정공, 슈피겐코리아, 스페코, 승일, 신흥에스이씨, 씨엔알리서치, 아모센스, 아센디오, 아시아나항공, 아이앤씨, 아이엠, 아이엠티, 아이윈플러스, 아주스틸, 아진산업, 아진전자부품, 에이엘티, 에이피알, 에코앤드림, 에프에스티, 엑스게이트, 엔비티, 엠에스씨, 엠투아이, 오상자이엘, 와이랩, 와이엠티, 와토스코리아, 우리로, 우양, 원준, 원텍, 유니크, 유비벨록스, 이노룰스, 이녹스첨단소재, 이엔플러스, 자람테크놀로지, 자비스, 제이오, 지란지교시큐리티, 지엔씨에너지, 청담글로벌, 카페24, 컬러레이, 케스피온, 켐트로스, 코세스, 코스텍시스, 코오롱글로벌우, 탑코미디어, 태성, 테이팩스, 티이엠씨씨엔에스, 포스코인터내셔널, 플레이그램, 피에이치에이, 피엔티, 핑거스토리, 한국무브넥스, 한국전자홀딩스, 한국타이어앤테크놀로지, 한솔제지, 한주라이트메탈, 현대공업, 화신, 황금에스티
============================================================
Q: 2025-05-16에 거래량이 20일 평균 대비 100% 이상 급증한 종목을 알려줘

✅ 공통 종목:
다날, 리드코프, 부스타, 비엘팜텍, 비츠로시스, 비케이홀딩스, 사조동아원, 서울전자통신, 센코, 아이퀘스트, 아이크래프트, 앤디포스, 에스코넥, 우리바이오, 윙스풋, 파루, 피엔케이피부임상연구센타, 한세엠케이

❌ expected에만 있는 종목:
바이오포트, 인콘

⚠️ actual에만 있는 종목:
AP시스템, AP헬스케어, CJ 바이오사이언스, CJ제일제당 우, CR홀딩스, CS홀딩스, DH오토리드, DL이앤씨, DL이앤씨2우(전환), DL이앤씨우, GH신소재, HDC현대EP, HDC현대산업개발, HD현대에너지솔루션, IBKS제21호스팩, KB제25호스팩, KISCO홀딩스, KPX케미칼, KPX홀딩스, LG에너지솔루션, LG우, LG화학, NICE인프라, S&K폴리텍, SAMG엔터, SH에너지화학, SJG세종, SK디앤디, SK오션플랜트, SPC삼립, 강남제비스코, 경동도시가스, 경방, 경창산업, 계양전기, 고려제약, 고영, 골프존홀딩스, 교보14호스팩, 교보15호스팩, 교보증권, 금화피에스시, 기가비스, 남양유업, 남양유업우, 남화산업, 네온테크, 네이블, 네패스아크, 넷마블, 노루홀딩스, 녹십자홀딩스2우, 농심, 농심홀딩스, 뉴트리, 뉴프렉스, 다산솔루에타, 다원시스, 대구백화점, 대덕전자1우, 대명에너지, 대상, 대상우, 대성에너지, 대성홀딩스, 대양전기공업, 대원강업, 대원산업, 대원제약, 대한약품, 대한제분, 대현, 덕산하이메탈, 동국제약, 동방선기, 동부건설, 동양에스텍, 동원수산, 동원시스템즈우, 동인기연, 두산에너빌리티, 두산테스나, 두산퓨얼셀, 디바이스, 디알텍, 디어유, 디와이덕양, 디와이씨, 디와이파워, 디와이피엔에프, 디지아이, 라온텍, 라이온켐텍, 로보스타, 로보티즈, 로체시스템즈, 롯데손해보험, 롯데칠성우, 루멘스, 리메드, 마이크로투나노, 매커스, 메디포스트, 메이슨캐피탈, 모베이스, 모토닉, 미래에셋비전스팩3호, 미래에셋비전스팩4호, 미래에셋증권2우B, 미코, 바이오니아, 박셀바이오, 보성파워텍, 부국증권, 비비씨, 비비안, 비상교육, 비씨엔씨, 비에이치아이, 비피도, 빙그레, 빛샘전자, 사조대림, 사조산업, 삼보모터스, 삼양사, 삼양식품, 삼양패키징, 삼양홀딩스, 삼원강재, 삼진, 삼진제약, 삼천리, 삼화페인트, 상신브레이크, 상신이디피, 서연이화, 서울가스, 서울제약, 서전기전, 서호전기, 선광, 선진, 성문전자, 성우테크론, 성창오토텍, 세경하이테크, 세방, 세방전지, 세아메카닉스, 세진티에스, 세화피앤씨, 솔루엠, 솔본, 수산인더스트리, 스타플렉스, 스튜디오삼익, 스틱인베스트먼트, 승일, 시지트로닉스, 신라교역, 신영스팩10호, 신영스팩8호, 신영스팩9호, 신영와코루, 신테카바이오, 신한제12호스팩, 신한제13호스팩, 싸이토젠, 씨앤투스, 씨티씨바이오, 씨티알모빌리티, 아모센스, 아모텍, 아미코젠, 아셈스, 아스테라시스, 아이디스홀딩스, 아이앤씨, 아이티센글로벌, 아이티센엔텍, 알에스오토메이션, 알톤, 앱클론, 에너토크, 에브리봇, 에스디시스템, 에스앤디, 에스케이증권제10호스팩, 에스케이증권제9호스팩, 에스텍, 에쎈테크, 에이비온, 에이비프로바이오, 에이유브랜즈, 에이치케이, 에이치피오, 에이프로젠바이오로직스, 에치에프알, 에프엔씨엔터, 엑사이엔씨, 엑세스바이오, 엔브이에이치코리아, 엔에이치스팩29호, 엔젠바이오, 엔텔스, 엘앤케이바이오, 엘오티베큠, 엘티씨, 엠브레인, 엠에스씨, 영원무역, 영진약품, 예선테크, 오공, 오뚜기, 오로라, 오르비텍, 오상헬스케어, 오성첨단소재, 온타이드, 와이솔, 와이엠텍, 와이엠티, 우리기술, 우리넷, 우리손에프앤지, 우정바이오, 우진, 우진엔텍, 워트, 원익피앤이, 원풍, 윙입푸드, 유진로봇, 유진투자증권, 율촌, 율촌화학, 이노와이어리스, 이녹스, 이미지스, 이상네트웍스, 이엔에프테크놀로지, 이엘씨, 이엠넷, 이지홀딩스, 이퓨쳐, 인선이엔티, 인지디스플레, 인지컨트롤스, 인크레더블버즈, 인터로조, 인터플렉스, 일동홀딩스, 일지테크, 일진파워, 일진홀딩스, 자화전자, 저스템, 전진바이오팜, 정다운, 제너셈, 제우스, 제이브이엠, 제이에스코퍼레이션, 제이에스티나, 제주항공, 젝시믹스, 조광페인트, 지에프씨생명과학, 지엠비코리아, 지역난방공사, 진바이오텍, 캠시스, 케이쓰리아이, 케이씨, 케이이엠텍, 케이카, 케이프, 케이피티유, 코리아써키트, 코리아에셋투자증권, 코리안리, 코아시아씨엠, 코어라인소프트, 코윈테크, 쿠쿠홈시스, 퀀타매트릭스, 큐라클, 큐로셀, 큐에스아이, 크레오에스지, 클래시스, 클로봇, 클리오, 키이스트, 탑런토탈솔루션, 탑엔지니어링, 태경케미컬, 태웅, 토모큐브, 티쓰리, 티앤알바이오팹, 티앤엘, 티에스이, 티에이치엔, 티에프이, 파워넷, 파인디앤씨, 팜스코, 팜스토리, 페이퍼코리아, 폴라리스우노, 푸드웰, 풀무원, 퓨릿, 피씨디렉트, 피코그램, 픽셀플러스, 필에너지, 하나26호스팩, 하나27호스팩, 하나기술, 하림지주, 하이비젼시스템, 하이텍팜, 하이트진로, 한국가구, 한국비엔씨, 한국정밀기계, 한국카본, 한국토지신탁, 한국피아이엠, 한국화장품제조, 한미반도체, 한미사이언스, 한세실업, 한스바이오메드, 한신기계, 한양이엔지, 한양증권, 한일홀딩스, 한전기술, 한전산업, 한진칼, 한진칼우, 한화투자증권, 한화투자증권우, 헬릭스미스, 현대그린푸드, 현대지에프홀딩스, 화인베스틸, 화인써키트, 화일약품, 흥국화재
============================================================
Q: 2025-04-03에 종가가 5일 이동평균보다 10% 이상 높은 종목을 알려줘

✅ 공통 종목:
부방, 상지건설, 셀레스트라, 소프트캠프, 아즈텍WB, 에넥스, 오리엔트정공, 웹스, 웹케시, 유라클, 유라테크, 유일로보틱스, 평화홀딩스, 형지I&C

❌ expected에만 있는 종목:
iMBC

⚠️ actual에만 있는 종목:
글로본, 넥스트아이, 동신건설, 동화기업, 미트박스, 벨로크, 비비안, 신라섬유, 에르코스, 우양에이치씨, 원티드랩, 유니슨, 이노진, 잉글우드랩, 지니언스, 코나아이, 평화산업, 플랜티넷, 한국카본, 한솔PNS, 한울반도체, 한텍
============================================================
Q: 2025-03-10에 볼린저 밴드 하단에 터치한 종목을 알려줘

✅ 공통 종목:
HLB테라퓨틱스, 다보링크, 딥마인드, 삼부토건, 아센디오, 엑시온그룹, 인콘, 중앙첨단소재, 지어소프트, 크라우드웍스

❌ expected에만 있는 종목:
(없음)

⚠️ actual에만 있는 종목:
BF랩스, DH오토넥스, DH오토웨어, HLB글로벌, HLB제넥스, HLB파나진, KH 필룩스, KX하이텍, SGA솔루션즈, YBM넷, 경남제약, 계양전기우, 고려신용정보, 골드앤에스, 광림, 국보, 국일제지, 글로벌에스엠, 금양그린파워, 기가레인, 꿈비, 나노, 나무가, 네오리진, 네오오토, 넥써쓰, 노블엠앤비, 노을, 누리플렉스, 뉴온, 대교, 대동전자, 대산F&B, 대신밸런스제16호스팩, 대웅, 대유, 덕신이피씨, 디에스케이, 디에이테크놀로지, 디지아이, 디티씨, 디티앤씨, 레이저쎌, 레인보우로보틱스, 리파인, 메타케어, 모비릭스, 모비스, 미디어젠, 미래에셋비전스팩2호, 미래에셋비전스팩3호, 미스토홀딩스, 바른손이앤에이, 바이오인프라, 버킷스튜디오, 보해양조, 본느, 부산산업, 부산주공, 비덴트, 비유테크놀러지, 사람인, 사이냅소프트, 삼륭물산, 삼성바이오로직스, 삼화왕관, 상보, 서암기계공업, 서원인텍, 서플러스글로벌, 선도전기, 선샤인푸드, 성문전자, 세우글로벌, 세원이앤씨, 세종메디칼, 세토피아, 셀리드, 셀피글로벌, 소프트캠프, 솔디펜스, 솔루스첨단소재2우B, 스마트레이더시스템, 스타에스엠리츠, 스튜디오산타클로스, 스틱인베스트먼트, 시스웍, 시큐레터, 시큐브, 시프트업, 신라섬유, 신영스팩8호, 신원, 신한서부티엔디리츠, 쌍방울, 씨티씨바이오, 아난티, 아시아경제, 아우딘퓨쳐스, 아이비김영, 아이스크림에듀, 아주IB투자, 아크솔루션스, 알에프세미, 애드바이오텍, 에스디생명공학, 에스앤에스텍, 에스코넥, 에이디칩스, 에이리츠, 에이비프로바이오, 에코볼트, 엔지스테크널러지, 엔케이맥스, 엘엠에스, 오파스넷, 와이즈버즈, 우리기술투자, 우성, 우정바이오, 원티드랩, 웰바이오텍, 위니아에이드, 위즈코프, 유진스팩11호, 이노와이어리스, 이아이디, 이엠앤아이, 이월드, 이트론, 이화전기, 인터로조, 인트로메딕, 제이엔비, 제이엠아이, 제일바이오, 제일약품, 조광ILI, 종근당, 좋은사람들, 주성코퍼레이션, 지니틱스, 지더블유바이텍, 참엔지니어링, 체시스, 초록뱀미디어, 카프로, 케이디켐, 케이바이오, 케이씨티, 케이엠, 케이카, 코다코, 코맥스, 코스나인, 코아시아씨엠, 퀀텀온, 큐라티스, 키움제8호스팩, 태양금속, 테라사이언스, 텔콘RF제약, 티와이홀딩스, 티피씨글로벌, 파라텍, 파멥신, 파인엠텍, 포인트모바일, 푸드나무, 푸른소나무, 퓨처코어, 플래스크, 플랜티넷, 피델릭스, 한국비티비, 한국유니온제약, 한국전자홀딩스, 한국종합기술, 한국팩키지, 한네트, 한창, 한화플러스제4호스팩, 헬릭스미스, 현대사료, 휴맥스홀딩스
============================================================
Q: 2024-10-22에 거래량이 20일 평균 대비 500% 이상 급증한 종목을 알려줘

✅ 공통 종목:
DH오토웨어, 계양전기, 계양전기우, 광전자, 국순당, 넥센타이어1우B, 더라미, 모비데이즈, 삼화네트웍스, 시선AI, 신스틸, 일정실업, 일진파워, 지투파워, 코위버, 큐에스아이, 포인트모바일, 한국맥널티, 한일단조

❌ expected에만 있는 종목:
YG PLUS

⚠️ actual에만 있는 종목:
KT지니뮤직, 구영테크, 동서, 드림씨아이에스, 드림어스컴퍼니, 디와이씨, 메디콕스, 보라티알, 스타코링크, 신라섬유, 신화인터텍, 에너토크, 에스와이스틸텍, 우리로, 유니테스트, 제이씨현시스템, 케일럼, 클래시스, 파이버프로, 퍼스텍, 포메탈, 피코그램, 한신기계
[경고] 블록 11의 줄 수가 부족합니다. 건너뜀.
============================================================
Q: 2024-08-22에 거래량이 20일 평균 대비 500% 이상 급증한 종목을 알려줘

✅ 공통 종목:
DH오토웨어, KT지니뮤직, LK삼양, 뉴트리, 대성파인텍, 리튬포어스, 미래아이앤지, 삼일씨엔에스, 아이티아이즈, 알비더블유, 에스피지, 원익, 윙입푸드, 제일일렉트릭, 진시스템, 캐프, 퀀텀온, 테크엘, 프롬바이오, 하이드로리튬

❌ expected에만 있는 종목:
(없음)

⚠️ actual에만 있는 종목:
GS글로벌, 더바이오메드, 덱스터, 유한양행우, 투비소프트
============================================================
Q: 2025-06-13에 볼린저 밴드 상단에 터치한 종목을 알려줘

✅ 공통 종목:
STX그린로지스, 대성에너지, 대성하이텍, 미투온, 풍산, 한국ANKOR유전, 한국석유, 한전기술, 흥구석유, 흥아해운

❌ expected에만 있는 종목:
(없음)

⚠️ actual에만 있는 종목:
BF랩스, CSA 코스믹, DH오토넥스, HD현대마린엔진, HLB테라퓨틱스, JW중외제약우, KB제31호스팩, KC그린홀딩스, KC코트렐, KG모빌리언스, KH 필룩스, LG씨엔에스, LIG넥스원, NPC우, PS일렉트로닉스, RF시스템즈, SCL사이언스, SGA솔루션즈, SH에너지화학, SK가스, SK텔레콤, SNT다이내믹스, 강원에너지, 고려산업, 고스트스튜디오, 광림, 광진실업, 국보, 국일제지, 극동유화, 금양, 기산텔레콤, 남광토건, 남해화학, 넥스턴바이오, 넥슨게임즈, 노루홀딩스우, 노블엠앤비, 다스코, 다원시스, 대교우B, 대동전자, 대산F&B, 대아티아이, 대유, 대정화금, 대한뉴팜, 대한해운, 더테크놀로지, 덕성, 덕성우, 동성제약, 동일금속, 동일산업, 드래곤플라이, 디에스케이, 디에이테크놀로지, 디티씨, 디티앤씨, 라온시큐어, 라이온켐텍, 레이언스, 리파인, 멀티캠퍼스, 모나용평, 모아라이프플러스, 미래생명자원, 미래에셋비전스팩3호, 바른손, 바른손이앤에이, 바이온, 버킷스튜디오, 범양건영, 부산주공, 비덴트, 비에이치아이, 비유테크놀러지, 비투엔, 빅텍, 삼부토건, 삼성제약, 삼영이엔씨, 삼익THK, 삼화전자, 서남, 서암기계공업, 서울리거, 서원, 선도전기, 선샤인푸드, 세기상사, 세원물산, 세원이앤씨, 세원정공, 세종메디칼, 세토피아, 셀레스트라, 셀피글로벌, 슈피겐코리아, 스타에스엠리츠, 스타코링크, 스튜디오산타클로스, 스페코, 시스웍, 시큐레터, 신라섬유, 신성델타테크, 쌍방울, 쓰리빌리언, 아난티, 아이스크림미디어, 아이엠, 아이티센글로벌, 아진전자부품, 아크솔루션스, 아톤, 알에프세미, 애니플러스, 애드바이오텍, 양지사, 에스디생명공학, 에스앤디, 에스엠벡셀, 에스엠씨지, 에스유앤피, 에스트래픽, 에이디칩스, 에이럭스, 에이리츠, 에이치엘사이언스, 엔지스테크널러지, 엔케이맥스, 영풍제지, 예스티, 온코닉테라퓨틱스, 올리패스, 와이제이링크, 우리기술, 우리이앤엘, 우주일렉트로, 우진, 웰바이오텍, 이구산업, 이노뎁, 이루온, 이아이디, 이엔플러스, 이엠코리아, 이오플로우, 이지스밸류플러스리츠, 이트론, 이화공영, 이화전기, 인바이오, 인트로메딕, 자화전자, 전방, 제이스코홀딩스, 제이씨현시스템, 제일기획, 제일바이오, 제일엠앤에스, 젬백스, 조광ILI, 조비, 주연테크, 중앙에너비스, 지더블유바이텍, 지아이이노베이션, 지에스이, 카프로, 케이사인, 케이아이엔엑스, 케이엘넷, 코다코, 코데즈컴바인, 코맥스, 코스나인, 코스텍시스, 코츠테크놀로지, 퀀텀온, 큐리옥스바이오시스템즈, 태성, 태웅로직스, 테라사이언스, 투비소프트, 티사이언티픽, 티에스넥스젠, 티엔엔터테인먼트, 티엘비, 티케이지애강, 파라텍, 파멥신, 파워로직스, 팬오션, 퍼스텍, 푸른기술, 푸른소나무, 풍산홀딩스, 퓨처코어, 플래스크, 피씨엘, 필옵틱스, 하나28호스팩, 하이로닉, 한국유니온제약, 한국카본, 한국파마, 한국항공우주, 한양이엔지, 한일단조, 한일사료, 한일현대시멘트, 한전KPS, 한전산업, 한창, 한창산업, 한컴라이프케어, 한탑, 한화리츠, 한화손해보험, 한화시스템, 한화오션, 한화플러스제4호스팩, 해성디에스, 헥토파이낸셜, 현대건설우, 현대사료, 형지엘리트, 효성오앤비, 효성화학, 후성, 휴니드, 휴먼테크놀로지
============================================================
Q: 2025-03-20에 거래량이 20일 평균 대비 200% 이상 급증한 종목을 알려줘

✅ 공통 종목:
가비아, 나인테크, 뉴온, 대한광통신, 딥마인드, 모아라이프플러스, 바이오인프라, 삼진엘앤디, 삼화전자, 서전기전, 아이디스홀딩스, 에스엠코어, 우양, 인지컨트롤스, 캐리소프트, 태영건설, 티와이홀딩스, 티와이홀딩스우, 팸텍, 휴비스

❌ expected에만 있는 종목:
(없음)

⚠️ actual에만 있는 종목:
CJ프레시웨이, DSC인베스트먼트, IBKS제21호스팩, KB제25호스팩, SK이노베이션우, STX그린로지스, 글로본, 금호에이치티, 노을, 녹십자홀딩스2우, 다이나믹디자인, 대한제당, 대호에이엘, 동일스틸럭스, 램테크놀러지, 레뷰코퍼레이션, 모아텍, 비투엔, 삼양홀딩스우, 성우, 세진티에스, 셀레스트라, 송원산업, 시노펙스, 시디즈, 시선AI, 신대양제지, 실리콘투, 아이엠, 아티스트컴퍼니, 압타머사이언스, 앱클론, 에이루트, 에이치엠씨제6호스팩, 엑스플러스, 엑시온그룹, 엑시큐어하이트론, 엔비티, 엘브이엠씨홀딩스, 엣지파운드리, 올리패스, 유니켐, 유한양행, 유한양행우, 유화증권우, 이베스트스팩6호, 이화공영, 인지디스플레, 인카금융서비스, 일월지엠엘, 제이오, 주성엔지니어링, 진양산업, 캐리, 코오롱, 코오롱모빌리티그룹, 코오롱모빌리티그룹우, 코오롱생명과학, 코오롱우, 코오롱티슈진, 퀄리타스반도체, 큐로홀딩스, 크레오에스지, 태경산업, 텔코웨어, 티앤알바이오팹, 티움바이오, 파세코, 펌텍코리아, 포바이포, 푸른저축은행, 핌스, 하나32호스팩, 하림지주, 하이제8호스팩, 한솔PNS, 한올바이오파마, 홈캐스트, 효성오앤비, 흥국에프엔비
============================================================
Q: 2025-06-12에 종가가 20일 이동평균보다 10% 이상 높은 종목을 알려줘

✅ 공통 종목:
내츄럴엔도텍, 녹십자홀딩스2우, 다날, 미투온, 신풍제약우, 아이티센글로벌, 애드바이오텍, 오브젠, 원익, 위니아에이드, 제이에스티나, 카카오페이, 컴투스홀딩스, 태웅, 파루

❌ expected에만 있는 종목:
(없음)

⚠️ actual에만 있는 종목:
BGF리테일, BYC우, CJ4우(전환), CSA 코스믹, CS홀딩스, DB손해보험, DB증권, DB하이텍, DL이앤씨우, DRB동일, DSC인베스트먼트, ES큐브, F&F홀딩스, GS건설, GS리테일, GS피앤엘, HD한국조선해양, HD현대, HD현대마린솔루션, HD현대인프라코어, HD현대일렉트릭, HLB테라퓨틱스, HS효성, JB금융지주, JW홀딩스, KG모빌리언스, KG이니시스, KG케미칼, KISCO홀딩스, LB인베스트먼트, LG씨엔에스, LG화학우, LS마린솔루션, LS증권, LX홀딩스, PS일렉트로닉스, SAMG엔터, SCL사이언스, SGA솔루션즈, SK디스커버리, SK스퀘어, SK우, SK이터닉스, SK증권, SK증권우, SK케미칼우, SK하이닉스, SNT다이내믹스, SNT홀딩스, TS인베스트먼트, 감성코퍼레이션, 강원에너지, 갤럭시아머니트리, 갤럭시아에스엠, 경동인베스트, 경방, 고스트스튜디오, 광명전기, 그리드위즈, 그리티, 그린생명과학, 금호건설, 나인테크, 남광토건, 남화토건, 네오위즈홀딩스, 네이처셀, 네패스, 네패스아크, 넥슨게임즈, 넥써쓰, 넵튠, 넷마블, 노루홀딩스, 녹십자홀딩스, 농심홀딩스, 누리플렉스, 누보, 뉴보텍, 뉴인텍, 다산네트웍스, 다산솔루에타, 다올투자증권, 다우기술, 다우데이타, 대명에너지, 대성파인텍, 대성홀딩스, 대신증권, 대아티아이, 대우건설, 대웅, 대창스틸, 대한광통신, 대한방직, 대한전선, 대한제분, 대한화섬, 더네이쳐홀딩스, 더즌, 데브시스터즈, 동방, 동방메디컬, 동부건설, 동양, 동양생명, 두산, 두산2우B, 두산에너빌리티, 두산우, 두산테스나, 두산퓨얼셀, 두산퓨얼셀1우, 디앤디파마텍, 디앤씨미디어, 디에스케이, 디엔에프, 라온시큐어, 레몬, 로스웰, 롯데관광개발, 롯데지주우, 롯데칠성, 롯데케미칼, 리노공업, 리드코프, 리파인, 매커스, 메디포스트, 모나용평, 모아라이프플러스, 모아텍, 미래나노텍, 미래에셋벤처투자, 미래에셋생명, 미래에셋증권, 미래에셋증권2우B, 미래에셋증권우, 미스터블루, 미코, 바른손, 바이브컴퍼니, 뱅크웨어글로벌, 부국증권, 부국증권우, 부산산업, 비상교육, 비아이매트릭스, 비에이치아이, 비큐AI, 비트맥스, 사조산업, 사조씨푸드, 삼보판지, 삼성물산, 삼성물산우B, 삼성생명, 삼성제약, 삼성중공업, 삼성카드, 삼양홀딩스, 삼양홀딩스우, 삼일씨엔에스, 삼천당제약, 삼천리, 상상인증권, 서부T&D, 서연, 서울보증보험, 서울옥션, 서울전자통신, 서진오토모티브, 선진, 성광벤드, 성창기업지주, 세기상사, 세방, 세아베스틸지주, 세원물산, 세원정공, 세종텔레콤, 셀바스AI, 셀바이오휴먼텍, 셀비온, 소룩스, 손오공, 솔브레인홀딩스, 솔트룩스, 수산인더스트리, 슈피겐코리아, 스튜디오드래곤, 시선AI, 시큐레터, 신대양제지, 신성델타테크, 신성통상, 신세계 I&C, 신풍, 실리콘투, 심텍, 쏠리드, 씨씨에스, 씨아이테크, 씨어스테크놀로지, 씨에스베어링, 씨엑스아이, 씨이랩, 아난티, 아모레퍼시픽홀딩스, 아모레퍼시픽홀딩스우, 아모센스, 아모텍, 아세아텍, 아시아종묘, 아이디스홀딩스, 아이스크림미디어, 아이쓰리시스템, 아이에스동서, 아이에이, 아이큐어, 아이티센엔텍, 아이티센피엔에스, 아주IB투자, 아톤, 알테오젠, 알파녹스, 애니플러스, 어보브반도체, 에너토크, 에르코스, 에스앤디, 에스앤에스텍, 에스엠벡셀, 에스코넥, 에스텍, 에이디테크놀로지, 에이럭스, 에이비엘바이오, 에이스침대, 에이스테크, 에이유브랜즈, 에이티넘인베스트, 에이피알, 에코아이, 에프알텍, 엘앤씨바이오, 엠에스오토텍, 엣지파운드리, 영원무역홀딩스, 영풍, 영풍제지, 예림당, 오가닉티코스메틱, 오르비텍, 오상헬스케어, 오킨스전자, 오하임앤컴퍼니, 와이즈넛, 우리기술, 우리기술투자, 우리산업홀딩스, 우정바이오, 우진, 웅진, 원익IPS, 원익머트리얼즈, 원텍, 웨이비스, 웰크론한텍, 웹케시, 위메이드, 위메이드맥스, 위메이드플레이, 유라클, 유비벨록스, 유안타증권우, 유진테크, 유진투자증권, 이니텍, 이랜텍, 이루온, 이스트아시아홀딩스, 이엘씨, 이화산업, 인디에프, 인스코비, 인텔리안테크, 인피니트헬스케어, 일성아이에스, 일신바이오, 일신석재, 일정실업, 일진하이솔루스, 일진홀딩스, 자람테크놀로지, 자연과환경, 저스템, 전방, 전진바이오팜, 정원엔시스, 제노코, 제닉, 제이스코홀딩스, 제이앤티씨, 젬백스, 조광피혁, 조비, 좋은사람들, 중앙에너비스, 지니너스, 지란지교시큐리티, 지아이이노베이션, 지에프씨생명과학, 지엔코, 지투파워, 천보, 체시스, 초록뱀미디어, 카카오, 카카오뱅크, 캐리소프트, 캡스톤파트너스, 케이사인, 케이씨티, 케이엘넷, 케이엠더블유, 케이옥션, 코나아이, 코난테크놀로지, 코미코, 코스맥스, 코스맥스비티아이, 코스메카코리아, 코스텍시스, 코아시아, 코오롱, 코오롱생명과학, 콘텐트리중앙, 쿠콘, 큐로홀딩스, 큐리옥스바이오시스템즈, 크라운해태홀딩스, 크라운해태홀딩스우, 키다리스튜디오, 키움증권, 태광, 태광산업, 태성, 태영건설, 텔코웨어, 티사이언티픽, 티에프이, 티엘비, 티와이홀딩스, 티와이홀딩스우, 파마리서치, 퍼스텍, 펨트론, 포니링크, 포스뱅크, 포스코DX, 포스코퓨처엠, 포인트모바일, 폰드그룹, 푸른기술, 풍산, 풍산홀딩스, 플레이그램, 플리토, 필옵틱스, 핑거, 하림지주, 하이트진로홀딩스, 하이트진로홀딩스우, 한국금융지주, 한국금융지주우, 한국기업평가, 한국비엔씨, 한국쉘석유, 한국전자홀딩스, 한국정보인증, 한국캐피탈, 한글과컴퓨터, 한솔아이원스, 한솔케미칼, 한솔홀딩스, 한스바이오메드, 한신기계, 한양증권, 한양증권우, 한일철강, 한일홀딩스, 한전KPS, 한전기술, 한전산업, 한진칼, 한컴위드, 한화, 한화3우B, 한화생명, 한화손해보험, 한화시스템, 한화에어로스페이스, 한화투자증권, 한화투자증권우, 해성디에스, 해성산업, 헥토파이낸셜, 현대건설, 현대건설우, 현대로템, 현대모비스, 현대엘리베이터, 현대위아, 현대제철, 현대코퍼레이션홀딩스, 현대해상, 형지엘리트, 호텔신라우, 화일약품, 화천기계, 후성, 휴니드, 휴메딕스, 휴온스글로벌, 흥국화재
============================================================
Q: 2025-02-27부터 2025-03-29까지 골든크로스가 발생한 종목을 알려줘

✅ 공통 종목:
AP헬스케어

❌ expected에만 있는 종목:
3S, APS, AP시스템, BGF, BNK금융지주, BYC우, CJ ENM, CJ씨푸드, CJ씨푸드1우, CJ제일제당, CJ프레시웨이, CMG제약, DB, DB손해보험, DB증권, DGP, DMS, DN오토모티브, DXVX

⚠️ actual에만 있는 종목:
HDC현대산업개발, KCC건설, TBH글로벌, 경동도시가스, 경창산업, 금강공업, 넵튠, 노바텍, 누보, 뉴보텍, 대상홀딩스, 대호특수강, 더본코리아, 덕신이피씨, 디와이, 메디앙스, 메리츠금융지주, 무림SP, 미래에셋비전스팩4호, 삼성스팩8호, 서희건설, 세원물산, 세중, 씨앤투스, 아미코젠, 아이진, 에이플러스에셋, 예스티, 웹스, 웹케시, 이지바이오, 일성아이에스, 제이준코스메틱, 조비, 지니언스, 지에프씨생명과학, 코난테크놀로지, 코데즈컴바인, 코렌텍, 토모큐브, 파수, 하이브, 한국경제TV, 한국주강, 한울소재과학, 한진중공업홀딩스, 한켐, 현대엘리베이터, 흥국화재
[경고] 블록 17의 줄 수가 부족합니다. 건너뜀.
============================================================
Q: 2025-03-06에 종가가 20일 이동평균보다 5% 이상 높은 종목을 알려줘

✅ 공통 종목:
HJ중공업, 넥스틸, 대성하이텍, 동양철관, 비엘팜텍, 스튜디오미르, 에스유앤피, 오리엔트정공, 위세아이텍, 이스타코, 제이투케이바이오, 평화홀딩스, 화성밸브, 휴스틸

❌ expected에만 있는 종목:
M83

⚠️ actual에만 있는 종목:
CJ제일제당, DH오토리드, DL이앤씨, DL이앤씨2우(전환), DN오토모티브, DSC인베스트먼트, HD한국조선해양, HD현대인프라코어, HLB제약, KB스타리츠, KG모빌리티, KG스틸, KSS해운, LG이노텍, LIG넥스원, LS티라유텍, NHN벅스, POSCO홀딩스, RF시스템즈, S&K폴리텍, SAMG엔터, SK디스커버리, SNT다이내믹스, SNT에너지, SPC삼립, TBH글로벌, 갤럭시아머니트리, 계룡건설, 교보증권, 그래디언트, 그린플러스, 글로벌텍스프리, 글로본, 금강철강, 네오위즈, 넥센, 넵튠, 농심, 다올투자증권, 다우기술, 대구백화점, 대동기어, 대동스틸, 대상, 대상우, 대상홀딩스우, 대양전기공업, 대원미디어, 대주산업, 데브시스터즈, 동국씨엠, 동국제강, 동방, 동방선기, 동서, 동성화인텍, 동신건설, 동양생명, 동원F&B, 동원금속, 두올, 드림인사이트, 디모아, 디앤디플랫폼리츠, 디와이피엔에프, 디젠스, 디케이락, 레드캡투어, 레몬, 레이저옵텍, 로지시스, 롯데리츠, 롯데쇼핑, 롯데지주, 롯데케미칼, 마녀공장, 마이크로컨텍솔, 만호제강, 메가터치, 메드팩토, 메리츠금융지주, 메카로, 메타랩스, 모다이노칩, 모베이스, 문배철강, 미래에셋글로벌리츠, 미래에셋맵스리츠, 미래에셋증권, 바이젠셀, 바텍, 베셀, 벽산, 보로노이, 뷰티스킨, 브릿지바이오테라퓨틱스, 브이엠, 비상교육, 비아이매트릭스, 비엠티, 빛샘전자, 사조대림, 사피엔반도체, 삼성공조, 삼성중공업, 삼양식품, 삼지전자, 삼현, 삼화전자, 성광벤드, 성우, 세아베스틸지주, 세아제강, 세아제강지주, 세이브존I&C, 센코, 셀레스트라, 셀바이오휴먼텍, 셀비온, 수산아이앤티, 슈프리마, 슈피겐코리아, 스타코링크, 스튜디오드래곤, 스피어, 신세계, 신송홀딩스, 심텍, 싸이버원, 싸이토젠, 써니전자, 쎄노텍, 쎄트렉아이, 씨어스테크놀로지, 씨젠, 씨큐브, 아모텍, 아셈스, 아스테라시스, 아이씨티케이, 아이앤씨, 아이톡시, 아이티센엔텍, 알리코제약, 알비더블유, 알엔투테크놀로지, 애경산업, 액트로, 에스아이리소스, 에스앤디, 에스에너지, 에스엘, 에이스토리, 에이치시티, 에이치엠넥스, 에이치이엠파마, 에이텀, 에이텍, 에이텍모빌리티, 에이피알, 에코글로우, 에코캡, 에프엔씨엔터, 엑스페릭스, 엔바이오니아, 엔시트론, 엠앤씨솔루션, 엠오티, 엠젠솔루션, 엣지파운드리, 영보화학, 영풍, 예림당, 오뚜기, 오리엔트바이오, 오스코텍, 오픈놀, 올릭스, 옵트론텍, 옵티코어, 와이랩, 와이바이오로직스, 와이솔, 와이지엔터테인먼트, 우신시스템, 우주일렉트로, 원익, 원익홀딩스, 웨이브일렉트로, 위츠, 윙스풋, 유니드, 유라테크, 유아이엘, 유일로보틱스, 유진테크놀로지, 유투바이오, 율호, 이니텍, 이리츠코크렙, 이마트, 이수스페셜티케미컬, 이수앱지스, 인바이오젠, 인크레더블버즈, 인텔리안테크, 인피니트헬스케어, 일성건설, 일승, 재영솔루텍, 제노코, 제닉, 제이스코홀딩스, 제이알글로벌리츠, 제이엔케이글로벌, 젬백스, 지노믹트리, 지아이이노베이션, 지역난방공사, 진성티이씨, 진시스템, 차바이오텍, 카스, 카카오, 캐리소프트, 캡스톤파트너스, 케이알엠, 케이엠제약, 코나아이, 코람코더원리츠, 코람코라이프인프라리츠, 코셈, 코스맥스, 코스맥스비티아이, 코스텍시스, 코오롱, 코오롱생명과학, 코오롱인더, 코오롱티슈진, 코이즈, 코츠테크놀로지, 쿠쿠홈시스, 큐리언트, 클래시스, 키다리스튜디오, 킵스파마, 태광, 태광산업, 태림포장, 태영건설우, 태웅, 토니모리, 토탈소프트, 투비소프트, 파마리서치, 파인테크닉스, 판타지오, 팬오션, 퍼스텍, 평화산업, 포바이포, 포스뱅크, 포스코DX, 포스코스틸리온, 포스코인터내셔널, 풀무원, 풍산, 풍산홀딩스, 풍원정밀, 프럼파스트, 핀텔, 하이스틸, 하이텍팜, 한국가스공사, 한국경제TV, 한국기업평가, 한국맥널티, 한국카본, 한국콜마, 한국항공우주, 한국화장품, 한빛레이저, 한선엔지니어링, 한솔케미칼, 한울반도체, 한울소재과학, 한일단조, 한화, 한화시스템, 한화에어로스페이스, 한화오션, 현대공업, 현대로템, 현대백화점, 현대비앤지스틸, 현대위아, 현대제철, 현대코퍼레이션, 형지I&C, 형지엘리트, 화승알앤에이, 휴니드, 휴젤
============================================================
Q: 2024-11-29에 거래량이 20일 평균 대비 100% 이상 급증한 종목을 알려줘

✅ 공통 종목:
깨끗한나라, 깨끗한나라우, 나노팀, 넥스트아이, 녹십자홀딩스2우, 뉴로메카, 더라미, 드래곤플라이, 레몬, 비비안, 아시아나IDT, 아이언디바이스, 알로이스, 엔피, 웰크론, 유니슨, 케이엠, 크린앤사이언스, 해성옵틱스

❌ expected에만 있는 종목:
DMS

⚠️ actual에만 있는 종목:
BGF리테일, CJ프레시웨이, DL이앤씨, LK삼양, LS마린솔루션, LS증권, SV인베스트먼트, YBM넷, 가온전선, 국보디자인, 기신정기, 남화산업, 네오크레마, 넥센, 넥스트바이오메디컬, 노을, 다원넥스뷰, 대륙제관, 대림제지, 대한항공, 대한항공우, 동성제약, 동아엘텍, 동아지질, 동원산업, 동일스틸럭스, 러셀, 롯데렌탈, 메디앙스, 메이슨캐피탈, 메타케어, 모나리자, 모다이노칩, 미래산업, 미래에셋생명, 미원화학, 바디텍메드, 빅솔론, 삼성제약, 삼화전자, 상보, 상상인, 서울전자통신, 서희건설, 세기상사, 세우글로벌, 세원정공, 셀비온, 신세계푸드, 썸에이지, 쏘닉스, 쏘카, 씨앤투스, 씨티케이, 아가방컴퍼니, 아미노로직스, 아시아나항공, 아이빔테크놀로지, 아주IB투자, 안트로젠, 알티캐스트, 에스비비테크, 에스에스알, 에스오에스랩, 에쎈테크, 에이스토리, 에이치케이, 에코플라스틱, 엠에스오토텍, 영화금속, 우진아이엔에스, 위세아이텍, 윌비스, 유니켐, 이건산업, 이스트소프트, 이스트에이드, 이오플로우, 인스웨이브, 인스피언, 일동홀딩스, 일성아이에스, 자람테크놀로지, 제로투세븐, 제이에스링크, 제일테크노스, 젬백스, 조광피혁, 지어소프트, 진양홀딩스, 진흥기업우B, 카카오, 컴투스, 케스피온, 케이쓰리아이, 케이엠제약, 케이웨더, 코스텍시스, 코오롱, 코오롱생명과학, 코오롱우, 코오롱인더우, 코오롱티슈진, 퀀타매트릭스, 크라우드웍스, 키움제8호스팩, 탑코미디어, 티플랙스, 파인디앤씨, 피델릭스, 피플바이오, 하이브, 하이퍼코퍼레이션, 한국경제TV, 한국공항, 한국정보공학, 한국제12호스팩, 한울앤제주, 한일단조, 한일홀딩스, 한진칼우, 한켐, 한화리츠, 핸즈코퍼레이션, 현대백화점, 휴니드, 휴맥스홀딩스, 휴비스
============================================================
Q: 2025-05-27에 RSI가 70 이상인 과매수 종목을 알려줘

✅ 공통 종목:
그린생명과학, 삼천리, 선진, 세동, 하림지주

❌ expected에만 있는 종목:
KC코트렐, SIMPAC, 선샤인푸드, 세토피아, 에스유앤피, 에이디칩스, 원바이오젠, 위니아에이드, 카프로, 코다코

⚠️ actual에만 있는 종목:
BYC우, DB금융스팩12호, DB손해보험, DL우, DL이앤씨우, F&F홀딩스, GS건설, GS피앤엘, HDC현대EP, HD현대, HD현대일렉트릭, HLB파나진, IBKS제24호스팩, JW홀딩스, KB금융, KB발해인프라, KB제25호스팩, KB제27호스팩, KB제30호스팩, KCC건설, KPX홀딩스, KSS해운, KT밀리의서재, LIG넥스원, LK삼양, LX홀딩스, LX홀딩스1우, SAMG엔터, SB성보, SK디스커버리, SK디스커버리우, SK우, SK케미칼, SK케미칼우, SNT홀딩스, 가온그룹, 가온전선, 감성코퍼레이션, 경동도시가스, 고스트스튜디오, 광명전기, 광진실업, 교보14호스팩, 교보15호스팩, 교보17호스팩, 국전약품, 그래디언트, 금화피에스시, 나이벡, 나이스정보통신, 남양유업우, 네오이뮨텍, 네이블, 넥센우, 넥스틸, 노루페인트, 노루홀딩스, 노바렉스, 농심홀딩스, 농우바이오, 뉴인텍, 다산솔루에타, 다우기술, 다우데이타, 대림바스, 대명에너지, 대성홀딩스, 대신밸런스제18호스팩, 대신밸런스제19호스팩, 대신증권, 대우건설, 대창단조, 대한뉴팜, 대한방직, 대한전선, 대한제강, 대한화섬, 더네이쳐홀딩스, 동국S&C, 동국제약, 동부건설, 동부건설우, 동양이엔피, 동일제강, 두산, 두산2우B, 두산에너빌리티, 두산우, 디앤디파마텍, 디앤디플랫폼리츠, 디에이피, 디와이, 디지아이, 라닉스, 레드캡투어, 로보티즈, 롯데쇼핑, 롯데지주, 롯데지주우, 리가켐바이오, 마음AI, 마이크로컨텍솔, 매일홀딩스, 매커스, 메이슨캐피탈, 메타랩스, 메타케어, 멕아이씨에스, 모아라이프플러스, 모아텍, 무학, 미래에셋비전스팩4호, 미래에셋비전스팩5호, 미래에셋비전스팩6호, 미래에셋증권, 미코, 바이오노트, 바이오다인, 바이오에프디엔씨, 보성파워텍, 부국증권우, 부스타, 브이원텍, 비비씨, 비에이치아이, 비올, 비츠로셀, 비트맥스, 사조산업, 산일전기, 삼성E&A, 삼성물산, 삼성물산우B, 삼성생명, 삼성스팩8호, 삼성제약, 삼성출판사, 삼양사우, 삼양케이씨아이, 삼양통상, 삼영무역, 삼정펄프, 삼현철강, 상상인제4호스팩, 서부T&D, 서울가스, 서진오토모티브, 서호전기, 서흥, 선광, 성문전자, 성우전자, 성창기업지주, 성창오토텍, 세방, 세방우, 세아베스틸지주, 세아특수강, 세이브존I&C, 세종텔레콤, 셀레믹스, 셀리드, 손오공, 수산인더스트리, 수젠텍, 스타플렉스, 신대양제지, 신성통상, 신세계 I&C, 신세계인터내셔날, 신세계푸드, 신영스팩10호, 신영스팩8호, 신영와코루, 신풍제약, 신풍제약우, 신한서부티엔디리츠, 신한제12호스팩, 신한제13호스팩, 신한제15호스팩, 신한지주, 신화인터텍, 신화콘텍, 씨어스테크놀로지, 씨젠, 아모레퍼시픽, 아모레퍼시픽홀딩스, 아모레퍼시픽홀딩스3우C, 아모레퍼시픽홀딩스우, 아미코젠, 아세아, 아세아제지, 아스테라시스, 아우딘퓨쳐스, 아이디스홀딩스, 아이쓰리시스템, 아이티센글로벌, 아주스틸, 알로이스, 알파녹스, 애경산업, 앱클론, 에너토크, 에스디바이오센서, 에스엠벡셀, 에스오에스랩, 에스케이증권제12호스팩, 에스텍, 에이비엘바이오, 에이스토리, 에이유브랜즈, 에이치브이엠, 에이치엠넥스, 에이치엠씨제6호스팩, 에이치엠씨제7호스팩, 에이치케이, 에이플러스에셋, 에이피알, 엑세스바이오, 엔에이치스팩30호, 엠씨넥스, 엠앤씨솔루션, 엠에스씨, 엠투아이, 영원무역, 영원무역홀딩스, 예림당, 예선테크, 오비고, 오상자이엘, 오상헬스케어, 와이바이오로직스, 와이지엔터테인먼트, 우리금융지주, 우리기술, 우신시스템, 우진, 우진엔텍, 원익피앤이, 원익홀딩스, 위더스제약, 유성티엔에스, 유수홀딩스, 유진스팩11호, 이건홀딩스, 이엔에프테크놀로지, 이엘씨, 이오테크닉스, 이크레더블, 이화산업, 인천도시가스, 인포바인, 일성아이에스, 일신바이오, 일신방직, 일진전기, 일진파워, 일진홀딩스, 저스템, 정상제이엘에스, 제노레이, 제노코, 제닉, 제이앤티씨, 제이에스코퍼레이션, 젬백스, 종근당홀딩스, 지니너스, 지아이이노베이션, 지에프씨생명과학, 지역난방공사, 지투파워, 진로발효, 진바이오텍, 진성티이씨, 진원생명과학, 체시스, 카카오페이, 케어젠, 케이씨, 케이씨티, 케이엘넷, 케이카, 케이티알파, 케이피에프, 케이피티유, 코리아에셋투자증권, 코리안리, 코스맥스, 코스맥스비티아이, 코스맥스엔비티, 코아시아씨엠, 코오롱, 코칩, 콘텐트리중앙, 콜마비앤에이치, 쿠쿠홀딩스, 쿠쿠홈시스, 큐리옥스바이오시스템즈, 크레오에스지, 키움제10호스팩, 키움제11호스팩, 킵스파마, 탑런토탈솔루션, 태림포장, 태양금속, 태양금속우, 태원물산, 테고사이언스, 텔코웨어, 토모큐브, 티쓰리, 티에프이, 파라다이스, 파마리서치, 파워넷, 파크시스템스, 팜스코, 펩트론, 포니링크, 포인트모바일, 폰드그룹, 푸드웰, 풍산홀딩스, 피에스텍, 피엔케이피부임상연구센타, 피코그램, 하나30호스팩, 하나31호스팩, 하나34호스팩, 하나금융지주, 하이브, 한국가구, 한국금융지주, 한국금융지주우, 한국기업평가, 한국수출포장, 한국쉘석유, 한국전력, 한국제12호스팩, 한국제13호스팩, 한국철강, 한국캐피탈, 한국콜마, 한국토지신탁, 한미사이언스, 한미약품, 한세엠케이, 한스바이오메드, 한신공영, 한신기계, 한진중공업홀딩스, 한진칼우, 한화, 한화3우B, 한화투자증권, 한화플러스제5호스팩, 해성산업, 헥토이노베이션, 현대건설, 현대건설우, 현대그린푸드, 현대리바트, 현대바이오랜드, 현대백화점, 현대오토에버, 현대이지웰, 현대지에프홀딩스, 현대코퍼레이션홀딩스, 현대퓨처넷, 현대홈쇼핑, 현대힘스, 호텔신라, 호텔신라우, 황금에스티, 효성중공업, 휴메딕스, 흥국에프엔비
============================================================
Q: 2024-10-07에 종가가 60일 이동평균보다 3% 이상 높은 종목을 알려줘

✅ 공통 종목:
KZ정밀, 광림, 브릿지바이오테라퓨틱스, 샤페론, 셀루메드, 엑시큐어하이트론, 올리패스, 인스코비, 제닉, 젬백스, 캔버스엔, 태성, 폰드그룹, 한국비티비, 헝셩그룹

❌ expected에만 있는 종목:
(없음)

⚠️ actual에만 있는 종목:
AJ네트웍스, DB손해보험, DB증권, DH오토넥스, DI동일, DN오토모티브, GS글로벌, HD현대일렉트릭, HK이노엔, HL만도, JB금융지주, KBI메탈, KB금융, KG스틸, KSS해운, KT지니뮤직, LG생활건강, LG에너지솔루션, LG전자우, LG화학, LG화학우, LIG넥스원, LK삼양, NE능률, NICE평가정보, NPC우, PN풍년, POSCO홀딩스, S&K폴리텍, SAMG엔터, SGC에너지, SG글로벌, SK네트웍스, SK바이오팜, SK아이이테크놀로지, SK오션플랜트, SK이노베이션, SK이터닉스, SK케미칼, SK텔레콤, SNT다이내믹스, STX엔진, TBH글로벌, TCC스틸, TKG휴켐스, YBM넷, 감성코퍼레이션, 강스템바이오텍, 강원랜드, 강원에너지, 갤럭시아머니트리, 경동나비엔, 고려산업, 고려아연, 고스트스튜디오, 골프존홀딩스, 광무, 교보증권, 국보디자인, 국영지앤엠, 금호석유화학, 금호석유화학우, 금호에이치티, 금호전기, 금화피에스시, 나노신소재, 나노실리칸첨단소재, 나노캠텍, 나라셀라, 나라엠앤디, 남선알미우, 남양유업, 남양유업우, 네오셈, 네오오토, 네오위즈, 네오위즈홀딩스, 네오크레마, 네오티스, 네오팜, 넥사다이내믹스, 넥스턴바이오, 넥스트아이, 넥스트칩, 넥스틴, 노을, 녹십자, 녹십자웰빙, 뉴프렉스, 다보링크, 다우데이타, 다이나믹디자인, 대교우B, 대구백화점, 대명에너지, 대봉엘에스, 대성에너지, 대성파인텍, 대웅제약, 대원, 대주전자재료, 대한유화, 대한제강, 대한화섬, 대현, 대화제약, 더블유게임즈, 더테크놀로지, 덕산테코피아, 데이타솔루션, 덱스터, 동국산업, 동국제강, 동방선기, 동서, 동아엘텍, 동아화성, 동원시스템즈, 동인기연, 동일스틸럭스, 동화기업, 듀오백, 드림시큐리티, 드림인사이트, 디앤디파마텍, 디와이디, 디지아이, 디지털대성, 디케이앤디, 라이콤, 랩지노믹스, 레이크머티리얼즈, 로체시스템즈, 롯데관광개발, 롯데에너지머티리얼즈, 롯데정밀화학, 롯데케미칼, 루멘스, 리가켐바이오, 리파인, 마이크로디지탈, 마이크로투나노, 맵스리얼티1, 메가엠디, 메가터치, 메리츠금융지주, 모나용평, 모니터랩, 모바일어플라이언스, 모비스, 모트렉스, 미래나노텍, 미래반도체, 미래생명자원, 미래에셋증권, 미래컴퍼니, 미창석유, 바른손, 바이넥스, 바이오다인, 바이오인프라, 방림, 백산, 베노티앤알, 보로노이, 부국증권, 부스타, 브리지텍, 브이티, 블루엠텍, 블루콤, 비보존 제약, 비상교육, 비츠로셀, 사조산업, 사조씨푸드, 삼목에스폼, 삼성SDI, 삼성바이오로직스, 삼성제약, 삼아알미늄, 삼양케이씨아이, 삼양통상, 삼양홀딩스, 삼양홀딩스우, 삼영, 삼영이엔씨, 삼영전자, 삼일제약, 삼현, 새로닉스, 샌즈랩, 샘씨엔에스, 서울리거, 서원, 서진시스템, 서플러스글로벌, 서호전기, 서희건설, 선익시스템, 성도이엔지, 성우전자, 세기상사, 세아메카닉스, 세아베스틸지주, 세화피앤씨, 소노스퀘어, 솔루엠, 솔브레인홀딩스, 솔트룩스, 송원산업, 쇼박스, 수성웹툰, 슈어소프트테크, 스마트레이더시스템, 스코넥, 스타플렉스, 스튜디오미르, 스페코, 시너지이노베이션, 시디즈, 신도리코, 신성통상, 신세계, 신영증권, 신원종합개발, 신흥에스이씨, 쏘닉스, 씨아이테크, 씨어스테크놀로지, 씨에스베어링, 씨에스윈드, 씨엔플러스, 씨유메디칼, 씨큐브, 씨티씨바이오, 아셈스, 아시아경제, 아시아나IDT, 아이디피, 아이티센글로벌, 아이티아이즈, 아톤, 아티스트스튜디오, 아티스트컴퍼니, 알멕, 알테오젠, 알티캐스트, 애경산업, 애드바이오텍, 앱코, 야스, 에스씨디, 에스아이리소스, 에스엘에스바이오, 에스엠코어, 에스오에스랩, 에스텍, 에스트래픽, 에스티오, 에스티큐브, 에스티팜, 에쓰씨엔지니어링, 에이비엘바이오, 에이스침대, 에이스테크, 에이치브이엠, 에이치시티, 에이치엘사이언스, 에이프릴바이오, 에이플러스에셋, 에코아이, 에코앤드림, 에코프로머티, 에코프로비엠, 에코프로에이치엔, 에프앤가이드, 에프엔씨엔터, 엔바이오니아, 엔브이에이치코리아, 엔시스, 엔씨소프트, 엔에스이엔엠, 엔젠바이오, 엔젤로보틱스, 엔켐, 엔피, 엘앤에프, 엠게임, 엠아이큐브솔루션, 엠아이텍, 엣지파운드리, 영원무역, 영원무역홀딩스, 영풍, 영화테크, 오가닉티코스메틱, 오리온, 오스테오닉, 오스템, 오토앤, 온타이드, 올릭스, 와이바이오로직스, 와이씨켐, 와이엠씨, 와이지엔터테인먼트, 우리금융지주, 우리넷, 우리이앤엘, 우정바이오, 원준, 원텍, 위메이드, 위메이드맥스, 위메이드플레이, 윙입푸드, 유바이오로직스, 유비온, 유엔젤, 유일로보틱스, 유일에너테크, 유한양행, 유한양행우, 윤성에프앤씨, 율호, 이건홀딩스, 이구산업, 이노메트리, 이니텍, 이랜시스, 이미지스, 이브이첨단소재, 이수스페셜티케미컬, 이엠코리아, 이엠텍, 이오테크닉스, 이지트로닉스, 인벤티지랩, 인카금융서비스, 인탑스, 인텔리안테크, 인화정공, 일정실업, 자이언트스텝, 저스템, 제이스코홀딩스, 제이스텍, 제이앤티씨, 제이엘케이, 제이오, 제일엠앤에스, 제일일렉트릭, 제테마, 젝시믹스, 조일알미늄, 종근당바이오, 중앙에너비스, 중앙첨단소재, 지누스, 지니언스, 지더블유바이텍, 지아이이노베이션, 지아이텍, 지에스이, 지에프씨생명과학, 지엘팜텍, 진매트릭스, 진양산업, 천보, 캐리, 캐리소프트, 캐스텍코리아, 캐프, 컨텍, 컬러레이, 컴투스, 케이씨, 케이씨피드, 케이아이엔엑스, 케이엔알시스템, 케이엔에스, 케이옥션, 케이카, 케이티알파, 코데즈컴바인, 코리아에프티, 코리안리, 코메론, 코스모신소재, 코스모화학, 코아스템켐온, 코칩, 코콤, 코텍, 코퍼스코리아, 쿠쿠홀딩스, 쿠쿠홈시스, 퀀텀온, 큐리언트, 크리스탈신소재, 클래시스, 타이거일렉, 태광산업, 태양금속우, 트윔, 티비씨, 티사이언티픽, 티쓰리, 티앤알바이오팹, 티앤엘, 티에스넥스젠, 티에스이, 티움바이오, 티웨이항공, 파마리서치, 파이버프로, 파커스, 파크시스템스, 팬젠, 펨트론, 포스코DX, 포스코인터내셔널, 포스코퓨처엠, 푸드나무, 풍산, 퓨런티어, 퓨쳐켐, 프레스티지바이오로직스, 프레스티지바이오파마, 프로텍, 프롬바이오, 프리시젼바이오, 프리엠스, 플래티어, 피델릭스, 피엔티, 피엠티, 피제이메탈, 피코그램, 필에너지, 필옵틱스, 핑거, 핑거스토리, 하나기술, 하츠, 한국금융지주, 한국단자, 한국석유, 한국수출포장, 한국앤컴퍼니, 한국정밀기계, 한국콜마, 한국화장품제조, 한네트, 한농화성, 한미약품, 한올바이오파마, 한일단조, 한전KPS, 한중엔시에스, 한진칼, 한진칼우, 한창산업, 한화갤러리아, 한화에어로스페이스, 한화엔진, 현대로템, 현대바이오랜드, 현대제철, 현대차2우B, 현대차3우B, 현대차우, 현대퓨처넷, 형지I&C, 형지엘리트, 호전실업, 화성밸브, 화승엔터프라이즈, 효성중공업, 효성티앤씨, 휴니드, 휴온스글로벌, 휴젤, 흥구석유
============================================================
Q: 2024-08-05에 종가가 5일 이동평균보다 1% 이상 높은 종목을 알려줘

✅ 공통 종목:
대성에너지, 대성하이텍, 서울평가정보, 셀리드, 소노스퀘어, 수젠텍, 에이치브이엠, 엘컴텍, 올리패스, 지에스이, 퀀타매트릭스, 한양증권우, 휴니드, 흥구석유

❌ expected에만 있는 종목:
SGC E&C

⚠️ actual에만 있는 종목:
BGF리테일, 블루콤, 스페코, 씨씨에스, 아이엠, 영풍제지, 오브젠, 유투바이오, 중앙에너비스, 진매트릭스, 캐스텍코리아, 하이젠알앤엠, 한국ANKOR유전, 한국석유, 한양증권, 흥아해운
============================================================
Q: 2024-12-19에 거래량이 20일 평균 대비 300% 이상 급증한 종목을 알려줘

✅ 공통 종목:
DSR제강, 그린리소스, 대륙제관, 대신정보통신, 리더스코스메틱, 머큐리, 삼일기업공사, 상상인, 서남, 서한, 에이치케이, 인터엠, 제이에스티나, 코데즈컴바인, 코오롱글로벌우, 큐에스아이, 파루, 포톤, 한주에이알티

❌ expected에만 있는 종목:
DSR

⚠️ actual에만 있는 종목:
HS화성, KISCO홀딩스, SG글로벌, 다올투자증권, 디지아이, 비케이홀딩스, 신세계 I&C, 신원, 쏠리드, 아이씨티케이, 아이윈플러스, 아이크래프트, 알멕, 에스앤디, 에이엘티, 에이치이엠파마, 인스코비, 일진다이아, 전진건설로봇, 제이아이테크, 제주은행, 칩스앤미디어, 켐트로스, 코오롱글로벌, 코오롱모빌리티그룹, 코오롱모빌리티그룹우, 코오롱우, 코위버, 태광, 태양, 토모큐브, 파이버프로, 한국정밀기계, 한국첨단소재, 한울소재과학
[경고] 블록 24의 줄 수가 부족합니다. 건너뜀.
============================================================
Q: 2025-05-09에 거래량이 20일 평균 대비 100% 이상 급증한 종목을 알려줘

✅ 공통 종목:
KG모빌리티, LK삼양, SK케미칼우, 광명전기, 다날, 마음AI, 솔디펜스, 에스엘에스바이오, 이노진, 제노레이, 참엔지니어링, 카페24, 케이씨티, 콜마비앤에이치, 파로스아이바이오, 폴라리스AI파마, 폴라리스오피스, 한국정보인증, 한네트, 한주에이알티

❌ expected에만 있는 종목:
(없음)

⚠️ actual에만 있는 종목:
BGF리테일, F&F홀딩스, GS리테일, GS피앤엘, HD현대마린솔루션, HS효성첨단소재, IBKS제21호스팩, IBKS제23호스팩, JW생명과학, KB제27호스팩, KB제30호스팩, KISCO홀딩스, NH프라임리츠, NICE인프라, SK바이오팜, SK우, SK증권, SK증권우, SK케미칼, SNT홀딩스, STX엔진, YBM넷, 강남제비스코, 경방, 고려아연, 고영, 골프존홀딩스, 광진실업, 교보15호스팩, 금호석유화학, 금호석유화학우, 네오리진, 넥센타이어, 넥스트아이, 넷마블, 노머스, 다우기술, 다우데이타, 대영포장, 대웅, 대원화성, 대호특수강, 대호특수강우, 더본코리아, 더블유게임즈, 더존비즈온, 더코디, 덴티움, 동국제강, 동남합성, 동방메디컬, 동방아그로, 두산2우B, 두산우, 듀오백, 드림씨아이에스, 디씨엠, 디어유, 디지아이, 로지시스, 롯데손해보험, 롯데쇼핑, 마스턴프리미어리츠, 메디콕스, 메쎄이상, 메타바이오메드, 미래에셋비전스팩3호, 미래에셋비전스팩5호, 미래에셋생명, 바이오노트, 바이오다인, 벽산, 비트맥스, 삼륭물산, 삼보판지, 상상인제4호스팩, 서울가스, 성광벤드, 세기상사, 세동, 세방우, 스튜디오드래곤, 시공테크, 신영증권, 신한제11호스팩, 신한제14호스팩, 씨앤씨인터내셔널, 씨에스윈드, 씨티씨바이오, 아모레퍼시픽우, 아이스크림에듀, 아이엘, 아이패밀리에스씨, 안랩, 알루코, 알비더블유, 앱클론, 에스케이증권제12호스팩, 에스피소프트, 에이피알, 에코아이, 엔에이치스팩30호, 엔에이치스팩31호, 엠아이텍, 엠에프씨, 영림원소프트랩, 영풍, 오상헬스케어, 와이지엔터테인먼트, 우리기술투자, 우리로, 원익IPS, 웨이버스, 웨이비스, 웰크론, 위드텍, 위지트, 유성기업, 이스트소프트, 이스트에이드, 인바이오젠, 일정실업, 자비스, 제노코, 젝시믹스, 지에프씨생명과학, 컨텍, 컴투스홀딩스, 케이옥션, 케이피티유, 코람코더원리츠, 코리아써우, 코스맥스비티아이, 코스메카코리아, 코오롱인더, 코오롱인더우, 코츠테크놀로지, 콘텐트리중앙, 콜마홀딩스, 크라우드웍스, 크린앤사이언스, 클래시스, 키움제10호스팩, 키움제11호스팩, 킵스파마, 태광산업, 태영건설우, 태원물산, 티사이언티픽, 티에스아이, 펄어비스, 평화산업, 평화홀딩스, 폰드그룹, 폴라리스AI, 폴라리스세원, 풍산, 풍산홀딩스, 하나27호스팩, 하나32호스팩, 하나투어, 하이제8호스팩, 하이텍팜, 한국공항, 한국정보공학, 한국콜마, 한국팩키지, 한국항공우주, 한국화장품제조, 한미사이언스, 한미약품, 한섬, 한성크린텍, 한싹, 한울반도체, 한주라이트메탈, 한화엔진, 한화투자증권, 해성디에스, 현대리바트, 현대약품, 현대이지웰, 화승인더, 화일약품, 효성ITX, 휴메딕스, 휴온스
============================================================
Q: 2024-09-10에 볼린저 밴드 상단에 터치한 종목을 알려줘

✅ 공통 종목:
SAMG엔터, 대봉엘에스, 베노티앤알, 엑시큐어하이트론, 위메이드맥스, 인벤티지랩, 제이씨현시스템, 코데즈컴바인, 코콤, 플루토스

❌ expected에만 있는 종목:
(없음)

⚠️ actual에만 있는 종목:
BF랩스, DH오토넥스, DI동일, ESR켄달스퀘어리츠, HLB펩, KB제25호스팩, KH 건설, KH 미래물산, KH 필룩스, TS트릴리온, 갤럭시아에스엠, 경보제약, 광림, 교보증권, 국보, 국일제지, 금호전기, 나노, 남양유업, 네오팜, 네온테크, 노블엠앤비, 대동전자, 대산F&B, 대유, 더라미, 디에이테크놀로지, 만호제강, 버킷스튜디오, 부산주공, 브이티, 비덴트, 비유테크놀러지, 비피도, 삼성FN리츠, 선도전기, 선샤인푸드, 세원이앤씨, 세종메디칼, 세토피아, 셀피글로벌, 솔디펜스, 스마트레이더시스템, 스튜디오산타클로스, 시스웍, 시큐레터, 쌍방울, 아모레퍼시픽, 아모레퍼시픽우, 아이티엠반도체, 알에프세미, 알파칩스, 에스디생명공학, 에스유앤피, 에스트래픽, 에이디칩스, 에이리츠, 에프앤가이드, 에프엔씨엔터, 엔지스테크널러지, 엔케이맥스, 온타이드, 웰바이오텍, 위니아에이드, 유안타제12호스팩, 유엔젤, 이아이디, 이트론, 이화전기, 인바이오젠, 인터로조, 인트로메딕, 일월지엠엘, 장원테크, 제일바이오, 조광ILI, 주성코퍼레이션, 지더블유바이텍, 초록뱀미디어, 카프로, 켄코아에어로스페이스, 코다코, 코맥스, 코스나인, 코스메카코리아, 태영건설, 태영건설우, 테라사이언스, 파멥신, 푸른소나무, 퓨처코어, 플래스크, 피엔티엠에스, 한국비티비, 한국철강, 한국콜마, 한미약품, 한창, 현대백화점, 현대사료
[경고] 블록 27의 줄 수가 부족합니다. 건너뜀.
============================================================
Q: 2025-02-28에 종가가 5일 이동평균보다 5% 이상 높은 종목을 알려줘

✅ 공통 종목:
DSC인베스트먼트, S&K폴리텍, 디와이디, 바이온, 비엘팜텍, 소룩스, 스튜디오미르, 아이티센엔텍, 엑스페릭스, 위세아이텍, 제이투케이바이오, 태림포장, 평화홀딩스, 포바이포, 한울소재과학

❌ expected에만 있는 종목:
(없음)

⚠️ actual에만 있는 종목:
HLB제약, TS인베스트먼트, 남성, 대명에너지, 대주산업, 디젠스, 레이저옵텍, 마녀공장, 바이오솔루션, 삼지전자, 성문전자우, 수젠텍, 쎄노텍, 씨큐브, 아이윈플러스, 아이톡시, 에이에스텍, 엔시트론, 엠오티, 오스코텍, 올릭스, 우주일렉트로, 위츠, 유라테크, 유일에너테크, 유투바이오, 이노인스트루먼트, 이수스페셜티케미컬, 이수앱지스, 인피니트헬스케어, 제이스코홀딩스, 캐리, 코스텍시스, 쿠쿠홈시스, 크레오에스지, 토니모리, 파인테크닉스, 프럼파스트, 플루토스, 하이텍팜, 한국피아이엠, 휴스틸
============================================================
Q: 2024-11-29에 RSI가 70 이상인 과매수 종목을 알려줘

✅ 공통 종목:
SBI핀테크솔루션즈, 대한항공우, 와이엠티, 유니켐, 이스트소프트, 이스트에이드, 이오플로우, 지역난방공사

❌ expected에만 있는 종목:
JYP Ent., 광림, 선샤인푸드, 쌍방울, 쓰리빌리언, 카프로, 코다코

⚠️ actual에만 있는 종목:
BNK금융지주, CSA 코스믹, DL이앤씨, DL이앤씨2우(전환), ESR켄달스퀘어리츠, HDC랩스, HD현대미포, HJ중공업, HLB생명과학, KC코트렐, LG유플러스, NICE평가정보, SK텔레콤, iM금융지주, 고려신용정보, 골프존, 깨끗한나라, 깨끗한나라우, 나노캠텍, 넥사다이내믹스, 넥스트바이오메디컬, 녹십자홀딩스2우, 뉴로메카, 대덕1우, 대동기어, 대신증권2우B, 대신증권우, 대한약품, 대한제강, 대한항공, 대호에이엘, 더존비즈온, 동원산업, 디와이씨, 디티앤씨, 딥노이드, 레드캡투어, 레인보우로보틱스, 로보티즈, 롯데렌탈, 루닛, 링크제니시스, 마음AI, 만호제강, 멀티캠퍼스, 문배철강, 미원에스씨, 빙그레, 삼성에스디에스, 삼일, 삼일기업공사, 서희건설, 선바이오, 성광벤드, 셀바스AI, 셀바스헬스케어, 스튜디오드래곤, 신라젠, 신성델타테크, 신한서부티엔디리츠, 아이비김영, 아이언디바이스, 알비더블유, 에스디바이오센서, 에이스토리, 에치에프알, 엔씨소프트, 오리엔탈정공, 오하임앤컴퍼니, 위세아이텍, 위지윅스튜디오, 이엔플러스, 이지스레지던스리츠, 이지케어텍, 인스웨이브, 자람테크놀로지, 제이씨현시스템, 제이앤티씨, 젬백스, 지엔씨에너지, 차이커뮤니케이션, 카카오, 카카오게임즈, 컴투스, 컴투스홀딩스, 케어젠, 케이아이엔엑스, 큐렉소, 크라우드웍스, 태광, 파수, 페이퍼코리아, 푸른저축은행, 피에스텍, 하나투어, 하림지주, 하이퍼코퍼레이션, 한국가구, 한국경제TV, 한국정보인증, 한글과컴퓨터, 한솔PNS, 한진중공업홀딩스, 현대백화점, 휴메딕스
[경고] 블록 30의 줄 수가 부족합니다. 건너뜀.
============================================================
Q: 2025-06-24에 종가가 60일 이동평균보다 1% 이상 높은 종목을 알려줘

✅ 공통 종목:
다날, 라온시큐어, 미투온, 비트맥스, 신풍제약우, 아이티센글로벌, 아톤, 엔케이맥스, 오르비텍, 오브젠, 우리기술, 원바이오젠, 위니아에이드, 카카오페이, 헥토파이낸셜

❌ expected에만 있는 종목:
(없음)

⚠️ actual에만 있는 종목:
AJ네트웍스, AK홀딩스, AP시스템, AP위성, BGF리테일, BGF에코머티리얼즈, BNK금융지주, BYC우, CJ4우(전환), CJ대한통운, CJ우, CJ제일제당, CJ제일제당 우, CJ프레시웨이, CR홀딩스, CSA 코스믹, CS홀딩스, DB금융스팩12호, DB손해보험, DB증권, DB하이텍, DH오토넥스, DH오토리드, DH오토웨어, DL우, DL이앤씨, DL이앤씨2우(전환), DL이앤씨우, DN오토모티브, DRB동일, DSC인베스트먼트, DSR제강, DS단석, ES큐브, F&F홀딩스, GH신소재, GS건설, GS글로벌, GS리테일, GS우, GS피앤엘, HB인베스트먼트, HB테크놀러지, HDC랩스, HDC현대EP, HDC현대산업개발, HD한국조선해양, HD현대, HD현대건설기계, HD현대마린솔루션, HD현대마린엔진, HD현대미포, HD현대에너지솔루션, HD현대인프라코어, HD현대일렉트릭, HD현대중공업, HJ중공업, HK이노엔, HL홀딩스, HS애드, HS화성, HS효성, HS효성첨단소재, IBKS제22호스팩, IBKS제24호스팩, JB금융지주, JW생명과학, JW신약, JW중외제약, JW중외제약2우B, JW중외제약우, JW홀딩스, KBI메탈, KB금융, KB발해인프라, KB제27호스팩, KCC건설, KCC글라스, KC코트렐, KG모빌리언스, KG스틸, KG에코솔루션, KG이니시스, KG케미칼, KH바텍, KISCO홀딩스, KPX케미칼, KPX홀딩스, KSS해운, KS인더스트리, KT나스미디어, KT밀리의서재, KT지니뮤직, KX하이텍, KZ정밀, LB세미콘, LB인베스트먼트, LG디스플레이, LG생활건강, LG생활건강우, LG씨엔에스, LG우, LG유플러스, LG이노텍, LG전자, LG전자우, LG헬로비전, LG화학우, LIG넥스원, LK삼양, LS네트웍스, LS마린솔루션, LS머트리얼즈, LS에코에너지, LS증권, LS티라유텍, LX세미콘, LX인터내셔널, LX하우시스, LX하우시스우, LX홀딩스, LX홀딩스1우, MDS테크, MH에탄올, NHN벅스, NH올원리츠, NH투자증권, NH투자증권우, NH프라임리츠, NICE평가정보, NI스틸, NPC우, OCI홀딩스, PI첨단소재, POSCO홀딩스, PS일렉트로닉스, RF머트리얼즈, S&K폴리텍, S-Oil우, SAMG엔터, SBI인베스트먼트, SB성보, SCL사이언스, SFA반도체, SGA솔루션즈, SGC에너지, SG세계물산, SJG세종, SJM홀딩스, SK가스, SK네트웍스, SK디스커버리, SK디스커버리우, SK디앤디, SK바이오사이언스, SK스퀘어, SK아이이테크놀로지, SK오션플랜트, SK우, SK이노베이션, SK이노베이션우, SK이터닉스, SK증권, SK증권우, SK케미칼, SK케미칼우, SK텔레콤, SK하이닉스, SNT다이내믹스, SNT모티브, SNT에너지, SNT홀딩스, STX엔진, SV인베스트먼트, TBH글로벌, TJ미디어, TKG휴켐스, TS인베스트먼트, iM금융지주, 가비아, 가온그룹, 가온전선, 가온칩스, 감성코퍼레이션, 강남제비스코, 강동씨앤엘, 강원랜드, 강원에너지, 갤럭시아머니트리, 갤럭시아에스엠, 경농, 경동도시가스, 경동인베스트, 경동제약, 경방, 경인양행, 경인전자, 계룡건설, 고려산업, 고려신용정보, 고려아연, 고려제강, 고려제약, 고스트스튜디오, 고영, 골프존, 골프존홀딩스, 공구우먼, 광동제약, 광명전기, 광전자, 광주신세계, 광진실업, 교보14호스팩, 교보15호스팩, 교보증권, 국도화학, 국보디자인, 국순당, 국영지앤엠, 국일신동, 국전약품, 국제약품, 그래디언트, 그리드위즈, 그리티, 그린리소스, 그린생명과학, 그린케미칼, 글로벌텍스프리, 금강공업, 금강공업우, 금강철강, 금비, 금양그린파워, 금호건설, 금호건설우, 금호석유화학우, 금호에이치티, 금호전기, 금화피에스시, 기가레인, 기가비스, 기산텔레콤, 기신정기, 기아, 기업은행, 나노, 나노엔텍, 나라셀라, 나무가, 나무기술, 나우IB, 나이벡, 나이스디앤비, 나이스정보통신, 나인테크, 남광토건, 남성, 남양유업우, 남해화학, 남화토건, 내츄럴엔도텍, 네오리진, 네오위즈, 네오위즈홀딩스, 네오티스, 네오팜, 네오펙트, 네온테크, 네이블, 네이처셀, 네패스, 네패스아크, 넥센, 넥센우, 넥센타이어, 넥센타이어1우B, 넥스턴바이오, 넥스트바이오메디컬, 넥스틸, 넥슨게임즈, 넥써쓰, 넵튠, 넷마블, 노랑풍선, 노루페인트, 노루페인트우, 노루홀딩스, 노루홀딩스우, 노머스, 노바렉스, 노브랜드, 녹십자, 녹십자엠에스, 녹십자웰빙, 녹십자홀딩스, 녹십자홀딩스2우, 농심홀딩스, 농우바이오, 누리플랜, 누리플렉스, 누보, 뉴로메카, 뉴보텍, 뉴온, 뉴인텍, 뉴트리, 뉴파워프라즈마, 뉴프렉스, 다산네트웍스, 다산솔루에타, 다스코, 다올투자증권, 다우기술, 다우데이타, 다원넥스뷰, 다원시스, 다이나믹디자인, 닷밀, 대교, 대교우B, 대덕, 대덕1우, 대덕전자, 대덕전자1우, 대동, 대림바스, 대림제지, 대림통상, 대명에너지, 대모, 대보마그네틱, 대봉엘에스, 대상우, 대성산업, 대성에너지, 대성파인텍, 대성하이텍, 대성홀딩스, 대신밸런스제16호스팩, 대신밸런스제18호스팩, 대신밸런스제19호스팩, 대신증권, 대신증권2우B, 대신증권우, 대아티아이, 대양금속, 대양전기공업, 대우건설, 대웅, 대웅제약, 대원, 대원강업, 대원미디어, 대원산업, 대원전선, 대원전선우, 대원화성, 대유에이텍, 대정화금, 대창, 대창단조, 대창솔루션, 대창스틸, 대한과학, 대한광통신, 대한뉴팜, 대한방직, 대한약품, 대한유화, 대한전선, 대한제분, 대한항공, 대한항공우, 대한해운, 대한화섬, 대호에이엘, 대호특수강, 더네이쳐홀딩스, 더본코리아, 더블유게임즈, 더존비즈온, 더즌, 덕산네오룩스, 덕산하이메탈, 덕우전자, 데브시스터즈, 데이타솔루션, 덱스터, 덴티스, 도화엔지니어링, 동국S&C, 동국산업, 동국생명과학, 동국제강, 동국제약, 동국홀딩스, 동방, 동방메디컬, 동방아그로, 동부건설, 동부건설우, 동서, 동성케미컬, 동성화인텍, 동아쏘시오홀딩스, 동아에스티, 동아지질, 동아화성, 동양, 동양2우B, 동양고속, 동양생명, 동양에스텍, 동양이엔피, 동양파일, 동우팜투테이블, 동원F&B, 동원개발, 동원산업, 동원수산, 동원시스템즈, 동원시스템즈우, 동일고무벨트, 동일금속, 동일기연, 동일산업, 동일제강, 동진쎄미켐, 동화기업, 동화약품, 두산, 두산2우B, 두산로보틱스, 두산밥캣, 두산에너빌리티, 두산우, 두산테스나, 두산퓨얼셀, 두산퓨얼셀1우, 두산퓨얼셀2우B, 두올, 드림시큐리티, 드림씨아이에스, 드림어스컴퍼니, 드림인사이트, 디바이스, 디씨엠, 디아이, 디아이씨, 디아이티, 디알젬, 디앤디파마텍, 디앤씨미디어, 디어유, 디에스케이, 디엔에프, 디오, 디와이, 디와이파워, 디와이피엔에프, 디이엔티, 디지아이, 디지털대성, 디케이락, 디티씨, 디티앤씨, 딜리, 딥마인드, 라온텍, 라온피플, 라이콤, 램테크놀러지, 랩지노믹스, 러셀, 레드캡투어, 레몬, 레뷰코퍼레이션, 레이언스, 레이저쎌, 레인보우로보틱스, 로보로보, 로보스타, 로보티즈, 로스웰, 로지시스, 롯데관광개발, 롯데렌탈, 롯데리츠, 롯데손해보험, 롯데쇼핑, 롯데에너지머티리얼즈, 롯데이노베이트, 롯데정밀화학, 롯데지주, 롯데지주우, 롯데칠성, 롯데칠성우, 롯데케미칼, 롯데하이마트, 루닛, 루멘스, 리가켐바이오, 리노공업, 리더스코스메틱, 리드코프, 리메드, 리튬포어스, 리파인, 린드먼아시아, 링네트, 링크드, 링크제니시스, 마녀공장, 마음AI, 마이크로디지탈, 마이크로컨텍솔, 마이크로투나노, 매일유업, 매일홀딩스, 매커스, 맥쿼리인프라, 머큐리, 멀티캠퍼스, 메가스터디, 메가스터디교육, 메가터치, 메드팩토, 메디아나, 메디톡스, 메디포스트, 메쎄이상, 메이슨캐피탈, 메지온, 메타바이오메드, 메타케어, 멕아이씨에스, 명문제약, 명신산업, 모나미, 모나용평, 모니터랩, 모다이노칩, 모델솔루션, 모두투어, 모바일어플라이언스, 모베이스, 모베이스전자, 모비스, 모아데이타, 모아라이프플러스, 모아텍, 모코엠시스, 모토닉, 모트렉스, 무림SP, 무림페이퍼, 무학, 문배철강, 미디어젠, 미래나노텍, 미래반도체, 미래에셋맵스리츠, 미래에셋벤처투자, 미래에셋생명, 미래에셋증권, 미래에셋증권2우B, 미래에셋증권우, 미스터블루, 미원홀딩스, 미창석유, 미코, 미트박스, 민테크, 바른손, 바른손이앤에이, 바이넥스, 바이브컴퍼니, 바이오노트, 바이오다인, 바이오스마트, 바이오에프디엔씨, 바이오톡스텍, 바이오포트, 바텍, 박셀바이오, 방림, 백금T&A, 백산, 뱅크웨어글로벌, 버넥트, 범한퓨얼셀, 베뉴지, 벨로크, 보라티알, 보로노이, 보성파워텍, 보해양조, 부국증권, 부국증권우, 부산산업, 부스타, 뷰노, 뷰티스킨, 브레인즈컴퍼니, 브리지텍, 브이엠, 브이원텍, 비나텍, 비비씨, 비상교육, 비씨엔씨, 비아이매트릭스, 비아트론, 비에이치, 비에이치아이, 비엠티, 비올, 비츠로셀, 비츠로시스, 비츠로테크, 비케이홀딩스, 비큐AI, 비투엔, 비트컴퓨터, 비피도, 빅솔론, 빅텍, 빛과전자, 빛샘전자, 삐아, 사이냅소프트, 사조대림, 사조동아원, 사조산업, 사조씨푸드, 사조오양, 사피엔반도체, 산돌, 산일전기, 삼기, 삼기에너지솔루션즈, 삼륭물산, 삼목에스폼, 삼보모터스, 삼보판지, 삼성E&A, 삼성물산, 삼성물산우B, 삼성생명, 삼성에스디에스, 삼성전기, 삼성전기우, 삼성전자, 삼성전자우, 삼성제약, 삼성중공업, 삼성증권, 삼성출판사, 삼성카드, 삼성화재, 삼성화재우, 삼아제약, 삼양사, 삼양사우, 삼양식품, 삼양엔씨켐, 삼양케이씨아이, 삼양통상, 삼양홀딩스, 삼양홀딩스우, 삼영무역, 삼영에스앤씨, 삼영엠텍, 삼영전자, 삼원강재, 삼익악기, 삼일씨엔에스, 삼정펄프, 삼지전자, 삼진, 삼진엘앤디, 삼진제약, 삼천당제약, 삼천리, 삼천리자전거, 삼표시멘트, 삼현, 삼현철강, 삼호개발, 삼화네트웍스, 삼화전기, 삼화전자, 삼화콘덴서, 삼화페인트, 상상인, 상상인제4호스팩, 상상인증권, 상신이디피, 상신전자, 상아프론테크, 새론오토모티브, 새빗켐, 샌즈랩, 샘씨엔에스, 샘표, 샘표식품, 샤페론, 서남, 서린바이오, 서부T&D, 서산, 서암기계공업, 서연, 서연이화, 서연탑메탈, 서울가스, 서울리거, 서울반도체, 서울보증보험, 서울식품, 서울식품우, 서울옥션, 서울전자통신, 서울제약, 서울평가정보, 서원, 서원인텍, 서전기전, 서진시스템, 서진오토모티브, 서한, 서호전기, 서흥, 서희건설, 선광, 선진, 선진뷰티사이언스, 성광벤드, 성도이엔지, 성문전자, 성신양회, 성우전자, 성우테크론, 성우하이텍, 성일하이텍, 성창기업지주, 성창오토텍, 성호전자, 세기상사, 세니젠, 세동, 세림B&G, 세명전기, 세방, 세방우, 세방전지, 세보엠이씨, 세아메카닉스, 세아베스틸지주, 세아특수강, 세아홀딩스, 세운메디칼, 세원물산, 세원정공, 세이브존I&C, 세중, 세진중공업, 세진티에스, 세코닉스, 세화피앤씨, 센서뷰, 센코, 셀레스트라, 셀리드, 셀바스AI, 셀바스헬스케어, 셀바이오휴먼텍, 셀비온, 셀트리온, 셀트리온제약, 소노스퀘어, 소룩스, 소마젠, 소프트센, 소프트센우, 소프트캠프, 손오공, 솔루스첨단소재, 솔본, 솔브레인, 솔브레인홀딩스, 솔트룩스, 솔트웨어, 송원산업, 쇼박스, 수산인더스트리, 수젠텍, 슈어소프트테크, 슈프리마, 슈프리마에이치큐, 슈피겐코리아, 스카이라이프, 스타플렉스, 스톤브릿지벤처스, 스톰테크, 스튜디오드래곤, 스튜디오미르, 스튜디오삼익, 스틱인베스트먼트, 스피어, 승일, 시노펙스, 시디즈, 시선AI, 시지트로닉스, 시큐레터, 시큐브, 신대양제지, 신도리코, 신라교역, 신라섬유, 신라젠, 신성델타테크, 신성에스티, 신성이엔지, 신성통상, 신세계, 신세계 I&C, 신세계인터내셔날, 신세계푸드, 신송홀딩스, 신시웨이, 신신제약, 신영와코루, 신영증권, 신원, 신일제약, 신진에스엠, 신테카바이오, 신풍, 신풍제약, 신한서부티엔디리츠, 신한지주, 신화인터텍, 신화콘텍, 실리콘투, 심텍, 심텍홀딩스, 심플랫폼, 싸이맥스, 쎄니트, 쎄트렉아이, 쏘닉스, 쏠리드, 쓰리빌리언, 씨메스, 씨씨에스, 씨앤지하이테크, 씨앤투스, 씨어스테크놀로지, 씨에스베어링, 씨에스윈드, 씨엑스아이, 씨엔알리서치, 씨엔플러스, 씨유메디칼, 씨유테크, 씨이랩, 씨젠, 씨케이솔루션, 씨큐브, 씨티알모빌리티, 씨티케이, 아난티, 아남전자, 아모그린텍, 아모레퍼시픽, 아모레퍼시픽우, 아모레퍼시픽홀딩스, 아모레퍼시픽홀딩스3우C, 아모레퍼시픽홀딩스우, 아모센스, 아모텍, 아미노로직스, 아미코젠, 아비코전자, 아세아, 아세아시멘트, 아세아제지, 아세아텍, 아스타, 아스테라시스, 아스트, 아시아나IDT, 아시아나항공, 아시아종묘, 아우딘퓨쳐스, 아이디스홀딩스, 아이디피, 아이마켓코리아, 아이센스, 아이스크림미디어, 아이쓰리시스템, 아이씨디, 아이씨티케이, 아이언디바이스, 아이에스동서, 아이에스티이, 아이에이, 아이지넷, 아이퀘스트, 아이큐어, 아이크래프트, 아이텍, 아이톡시, 아이티센씨티에스, 아이티센엔텍, 아이티센피엔에스, 아이티아이즈, 아이티엠반도체, 아주IB투자, 아주스틸, 아진전자부품, 안국약품, 알로이스, 알루코, 알에스오토메이션, 알체라, 알테오젠, 알톤, 알파녹스, 알피바이오, 압타머사이언스, 압타바이오, 애경산업, 애경케미칼, 애니플러스, 애드바이오텍, 애머릿지, 액토즈소프트, 앤씨앤, 앱클론, 어보브반도체, 에너토크, 에브리봇, 에스넷, 에스디바이오센서, 에스비비테크, 에스아이리소스, 에스앤디, 에스앤에스텍, 에스에너지, 에스에스알, 에스에이엠티, 에스에프에이, 에스엘에스바이오, 에스엠, 에스엠벡셀, 에스엠씨지, 에스오에스랩, 에스와이스틸텍, 에스원, 에스지헬스케어, 에스코넥, 에스텍, 에스트래픽, 에스티오, 에스티큐브, 에스티팜, 에스퓨얼셀, 에스피소프트, 에스피시스템스, 에스피지, 에어레인, 에어부산, 에이디테크놀로지, 에이럭스, 에이블씨엔씨, 에이비엘바이오, 에이스침대, 에이스테크, 에이스토리, 에이에프더블류, 에이직랜드, 에이치브이엠, 에이치엘사이언스, 에이치와이티씨, 에이치케이, 에이치피오, 에이테크솔루션, 에이티넘인베스트, 에이팩트, 에이프로, 에이프릴바이오, 에이플러스에셋, 에이피알, 에코마케팅, 에코바이오, 에코볼트, 에코아이, 에코프로, 에코프로비엠, 에코프로에이치엔, 에코플라스틱, 에프알텍, 에프앤가이드, 에프엔씨엔터, 에프엔에스테크, 엑세스바이오, 엑셈, 엑스게이트, 엑스페릭스, 엔브이에이치코리아, 엔비티, 엔시스, 엔씨소프트, 엔에이치스팩30호, 엔에프씨, 엔젠바이오, 엔젤로보틱스, 엔텔스, 엔피케이, 엘브이엠씨홀딩스, 엘앤씨바이오, 엘오티베큠, 엘티씨, 엠게임, 엠디바이스, 엠로, 엠브레인, 엠씨넥스, 엠아이큐브솔루션, 엠앤씨솔루션, 엠에스씨, 엠에스오토텍, 엠케이전자, 엠투엔, 엠플러스, 영림원소프트랩, 영원무역, 영원무역홀딩스, 영진약품, 영풍, 영풍제지, 영화테크, 영흥, 예림당, 예선테크, 예스24, 예스티, 오가닉티코스메틱, 오공, 오늘이엔엠, 오디텍, 오로라, 오리엔탈정공, 오리온홀딩스, 오비고, 오상자이엘, 오상헬스케어, 오성첨단소재, 오션인더블유, 오에스피, 오이솔루션, 오킨스전자, 오픈베이스, 오픈엣지테크놀로지, 오하임앤컴퍼니, 온코닉테라퓨틱스, 온타이드, 옵트론텍, 옵티시스, 와이랩, 와이바이오로직스, 와이솔, 와이씨켐, 와이어블, 와이엔텍, 와이엠, 와이엠씨, 와이엠티, 와이제이링크, 와이즈넛, 와이즈버즈, 와이지-원, 와이지엔터테인먼트, 와이투솔루션, 우듬지팜, 우리금융지주, 우리기술투자, 우리넷, 우리로, 우리바이오, 우리산업, 우리산업홀딩스, 우리손에프앤지, 우리엔터프라이즈, 우리이앤엘, 우림피티에스, 우성, 우수AMS, 우신시스템, 우원개발, 우정바이오, 우주일렉트로, 우진, 우진비앤지, 우진아이엔에스, 우진엔텍, 웅진, 웅진씽크빅, 워트, 원림, 원익, 원익IPS, 원익QnC, 원익머트리얼즈, 원익피앤이, 원익홀딩스, 원일특강, 원준, 원텍, 원풍, 월덱스, 웨이비스, 웰크론한텍, 웹스, 웹젠, 웹케시, 위닉스, 위더스제약, 위드텍, 위메이드, 위메이드맥스, 위메이드플레이, 위지트, 위츠, 윈스테크넷, 유나이티드제약, 유니드, 유니드비티플러스, 유니셈, 유니슨, 유니온바이오메트릭스, 유니퀘스트, 유니크, 유니테스트, 유니테크노, 유니트론텍, 유라클, 유바이오로직스, 유비벨록스, 유비케어, 유비쿼스, 유성기업, 유성티엔에스, 유수홀딩스, 유신, 유안타증권, 유안타증권우, 유에스티, 유엔젤, 유유제약, 유유제약1우, 유유제약2우B, 유일로보틱스, 유진기업, 유진로봇, 유진스팩10호, 유진테크, 유진투자증권, 유티아이, 유틸렉스, 유화증권, 유화증권우, 율촌, 율촌화학, 이건산업, 이건홀딩스, 이구산업, 이글루, 이노뎁, 이노룰스, 이노션, 이노시뮬레이션, 이노와이어리스, 이노진, 이녹스첨단소재, 이니텍, 이랜시스, 이랜텍, 이루온, 이삭엔지니어링, 이상네트웍스, 이수스페셜티케미컬, 이수앱지스, 이수페타시스, 이수화학, 이스트소프트, 이스트아시아홀딩스, 이스트에이드, 이엔에프테크놀로지, 이엘씨, 이엘피, 이엠넷, 이엠코리아, 이연제약, 이오테크닉스, 이월드, 이지스밸류플러스리츠, 이지케어텍, 이지홀딩스, 이크레더블, 이퓨쳐, 이화산업, 인디에프, 인바디, 인바이오, 인바이오젠, 인베니아, 인벤티지랩, 인산가, 인선이엔티, 인성정보, 인스웨이브, 인스코비, 인지디스플레, 인지소프트, 인지컨트롤스, 인천도시가스, 인카금융서비스, 인크로스, 인탑스, 인터지스, 인터플렉스, 인텔리안테크, 인팩, 인포바인, 인포뱅크, 인피니트헬스케어, 일동제약, 일동홀딩스, 일성아이에스, 일신바이오, 일신방직, 일신석재, 일양약품, 일양약품우, 일지테크, 일진다이아, 일진전기, 일진파워, 일진하이솔루스, 일진홀딩스, 잇츠한불, 잉글우드랩, 자람테크놀로지, 자이글, 자이언트스텝, 자이에스앤디, 자화전자, 재영솔루텍, 저스템, 전방, 전진건설로봇, 전진바이오팜, 정다운, 정상제이엘에스, 정원엔시스, 제넥신, 제노레이, 제노코, 제놀루션, 제닉, 제룡산업, 제룡전기, 제이브이엠, 제이스코홀딩스, 제이씨케미칼, 제이씨현시스템, 제이아이테크, 제이앤티씨, 제이에스링크, 제이에스코퍼레이션, 제이에스티나, 제이엔비, 제이엠아이, 제이엠티, 제이준코스메틱, 제이티, 제일기획, 제일약품, 제일연마, 제일일렉트릭, 제일테크노스, 제일파마홀딩스, 제주반도체, 제주은행, 제주항공, 젠큐릭스, 젬백스, 조광피혁, 조비, 조선내화, 조선선재, 조아제약, 조이시티, 종근당, 종근당홀딩스, 좋은사람들, 주연테크, 중앙백신, 중앙에너비스, 지놈앤컴퍼니, 지니너스, 지니언스, 지니틱스, 지란지교시큐리티, 지씨셀, 지아이이노베이션, 지앤비에스 에코, 지어소프트, 지에스이, 지에프씨생명과학, 지엔씨에너지, 지엘팜텍, 지엠비코리아, 지역난방공사, 지투파워, 진도, 진로발효, 진매트릭스, 진바이오텍, 진성티이씨, 진양제약, 진양홀딩스, 진에어, 진원생명과학, 진흥기업, 진흥기업우B, 차바이오텍, 차백신연구소, 참엔지니어링, 참좋은여행, 창해에탄올, 천보, 천일고속, 청담글로벌, 초록뱀미디어, 칩스앤미디어, 카카오, 카카오게임즈, 카카오뱅크, 카티스, 카페24, 캐프, 캔버스엔, 캠시스, 캡스톤파트너스, 컴투스, 컴투스홀딩스, 컴퍼니케이, 케스피온, 케어랩스, 케어젠, 케이디켐, 케이사인, 케이쓰리아이, 케이씨, 케이씨에스, 케이씨티, 케이아이엔엑스, 케이알엠, 케이에스피, 케이엔더블유, 케이엔솔, 케이엔알시스템, 케이엔에스, 케이엔제이, 케이엘넷, 케이엠, 케이엠더블유, 케이옥션, 케이웨더, 케이카, 케이탑리츠, 케이티알파, 케이프, 케이피에프, 케이피엠테크, 케이피티유, 켄코아에어로스페이스, 켐트로닉스, 켐트로스, 코나아이, 코난테크놀로지, 코닉오토메이션, 코데즈컴바인, 코디, 코람코더원리츠, 코렌텍, 코리아나, 코리아써우, 코리아써키트, 코리아써키트2우B, 코리아에셋투자증권, 코리아에프티, 코리안리, 코메론, 코미코, 코세스, 코셈, 코스맥스, 코스맥스비티아이, 코스맥스엔비티, 코스메카코리아, 코스모화학, 코스텍시스, 코아시아, 코아시아씨엠, 코어라인소프트, 코오롱, 코오롱ENP, 코오롱글로벌, 코오롱글로벌우, 코오롱모빌리티그룹, 코오롱모빌리티그룹우, 코오롱생명과학, 코오롱우, 코오롱인더, 코오롱인더우, 코오롱티슈진, 코웨이, 코웰패션, 코위버, 코츠테크놀로지, 코칩, 코콤, 코퍼스코리아, 콘텐트리중앙, 콜마비앤에이치, 콜마홀딩스, 쿠콘, 쿠쿠홀딩스, 쿠쿠홈시스, 퀄리타스반도체, 큐렉소, 큐로셀, 큐로홀딩스, 큐리언트, 큐리옥스바이오시스템즈, 큐알티, 큐에스아이, 큐캐피탈, 크라우드웍스, 크라운제과, 크라운제과우, 크라운해태홀딩스, 크라운해태홀딩스우, 크레버스, 크레오에스지, 크리스에프앤씨, 클래시스, 클로봇, 키네마스터, 키다리스튜디오, 키움제11호스팩, 키움증권, 키이스트, 킵스파마, 타이거일렉, 태경비케이, 태경산업, 태광, 태광산업, 태림포장, 태성, 태양, 태영건설, 태웅, 태웅로직스, 태원물산, 테고사이언스, 테라젠이텍스, 테스, 테이팩스, 텔레칩스, 텔코웨어, 텔콘RF제약, 토니모리, 토마토시스템, 토모큐브, 톱텍, 트루엔, 트윔, 특수건설, 티로보틱스, 티사이언티픽, 티쓰리, 티씨케이, 티앤알바이오팹, 티에프이, 티엔엔터테인먼트, 티엘비, 티와이홀딩스, 티와이홀딩스우, 티움바이오, 티웨이홀딩스, 티이엠씨씨엔에스, 티케이지애강, 티케이케미칼, 파두, 파라다이스, 파루, 파마리서치, 파세코, 파수, 파워넷, 파워로직스, 파이오링크, 파인디지털, 파인엠텍, 파크시스템스, 판타지오, 팜스빌, 팜스코, 팜스토리, 팜젠사이언스, 패션플랫폼, 팬엔터테인먼트, 팬오션, 팬젠, 팸텍, 퍼스텍, 펄어비스, 펌텍코리아, 펨트론, 펩트론, 포니링크, 포스뱅크, 포스코DX, 포스코스틸리온, 포스코퓨처엠, 포시에스, 포인트모바일, 포커스에이아이, 폰드그룹, 폴라리스AI, 폴라리스AI파마, 폴라리스세원, 폴라리스오피스, 폴라리스우노, 푸드나무, 푸드웰, 푸른기술, 푸른저축은행, 풍강, 풍국주정, 풍산, 풍산홀딩스, 퓨런티어, 퓨릿, 프로텍, 프리시젼바이오, 플라즈맵, 플래티어, 플레이그램, 플루토스, 플리토, 피아이이, 피앤씨테크, 피앤에스로보틱스, 피에스케이, 피에스텍, 피에이치에이, 피엔케이피부임상연구센타, 피제이메탈, 피제이전자, 피코그램, 픽셀플러스, 핀텔, 필옵틱스, 핑거, 핑거스토리, 하나30호스팩, 하나금융지주, 하나기술, 하나마이크론, 하나제약, 하나투어, 하림지주, 하이록코리아, 하이브, 하이젠알앤엠, 하이즈항공, 하이텍팜, 하이트진로, 하이트진로2우B, 하이트진로홀딩스, 하이트진로홀딩스우, 한국가구, 한국가스공사, 한국공항, 한국금융지주, 한국금융지주우, 한국기업평가, 한국내화, 한국단자, 한국맥널티, 한국무브넥스, 한국비엔씨, 한국석유, 한국수출포장, 한국쉘석유, 한국알콜, 한국앤컴퍼니, 한국자산신탁, 한국전력, 한국전자인증, 한국전자홀딩스, 한국정보공학, 한국정보인증, 한국정보통신, 한국제15호스팩, 한국주강, 한국주철관, 한국철강, 한국카본, 한국캐피탈, 한국컴퓨터, 한국콜마, 한국큐빅, 한국토지신탁, 한국파마, 한국팩키지, 한국항공우주, 한국화장품, 한국화장품제조, 한글과컴퓨터, 한네트, 한농화성, 한독, 한독크린텍, 한라IMS, 한미글로벌, 한미반도체, 한미사이언스, 한미약품, 한빛소프트, 한샘, 한선엔지니어링, 한섬, 한성기업, 한성크린텍, 한세예스24홀딩스, 한솔PNS, 한솔로지스틱스, 한솔아이원스, 한솔제지, 한솔케미칼, 한솔테크닉스, 한솔홀딩스, 한스바이오메드, 한신공영, 한신기계, 한싹, 한양이엔지, 한양증권, 한양증권우, 한울앤제주, 한일사료, 한일시멘트, 한일철강, 한일현대시멘트, 한일홀딩스, 한전KPS, 한전기술, 한전산업, 한주에이알티, 한중엔시에스, 한진, 한진중공업홀딩스, 한진칼, 한진칼우, 한창산업, 한컴라이프케어, 한컴위드, 한텍, 한화, 한화3우B, 한화갤러리아, 한화갤러리아우, 한화리츠, 한화생명, 한화손해보험, 한화솔루션, 한화솔루션우, 한화시스템, 한화에어로스페이스, 한화엔진, 한화오션, 한화투자증권, 한화투자증권우, 한화플러스제4호스팩, 해성디에스, 해성산업, 해성산업1우, 해태제과식품, 핸디소프트, 핸즈코퍼레이션, 헝셩그룹, 헥토이노베이션, 헬릭스미스, 현대건설, 현대건설우, 현대그린푸드, 현대글로비스, 현대로템, 현대리바트, 현대모비스, 현대무벡스, 현대바이오랜드, 현대백화점, 현대비앤지스틸, 현대약품, 현대에버다임, 현대에이치티, 현대엘리베이터, 현대오토에버, 현대위아, 현대이지웰, 현대제철, 현대지에프홀딩스, 현대차, 현대차2우B, 현대차3우B, 현대차우, 현대차증권, 현대코퍼레이션, 현대코퍼레이션홀딩스, 현대퓨처넷, 현대해상, 현대홈쇼핑, 현대힘스, 형지엘리트, 혜인, 호전실업, 호텔신라, 호텔신라우, 화성밸브, 화승알앤에이, 화승코퍼레이션, 화신, 화인써키트, 화일약품, 화천기계, 화천기공, 환인제약, 황금에스티, 효성, 효성ITX, 효성오앤비, 효성중공업, 효성티앤씨, 후성, 휴네시온, 휴니드, 휴럼, 휴림로봇, 휴먼테크놀로지, 휴메딕스, 휴비스, 휴비츠, 휴온스, 휴젤, 흥구석유, 흥국, 흥국에프엔비, 흥국화재, 흥아해운, 희림
============================================================
Q: 2024-07-18에 RSI가 25 이하인 과매도 종목을 알려줘

✅ 공통 종목:
서울식품우, 씨티알모빌리티, 에이치브이엠, 엠투아이, 케이알엠, 콘텐트리중앙, 하이젠알앤엠, 한빛소프트

❌ expected에만 있는 종목:
BF랩스, 국일제지, 디에이테크놀로지, 시프트업, 이노스페이스, 초록뱀미디어, 하스

⚠️ actual에만 있는 종목:
BYC우, ES큐브, HB솔루션, KC코트렐, KSS해운, KX하이텍, MDS테크, SJG세종, SK디앤디, SK케미칼우, SNT모티브, STX그린로지스, TCC스틸, 강스템바이오텍, 경농, 경인전자, 고려산업, 골드앤에스, 광주신세계, 구영테크, 그래디언트, 그리드위즈, 그린리소스, 금양, 금호타이어, 나노팀, 나래나노텍, 나이스디앤비, 나이스정보통신, 네오크레마, 네온테크, 네패스아크, 넥센, 노바텍, 노브랜드, 농심홀딩스, 대구백화점, 대성창투, 대성하이텍, 대성홀딩스, 대원강업, 대원전선우, 대한유화, 대한해운, 대한화섬, 더바이오메드, 더테크놀로지, 덕산하이메탈, 덴티움, 도이치모터스, 동국S&C, 동국산업, 동성케미컬, 동양, 동양이엔피, 동양철관, 동우팜투테이블, 동원금속, 동일금속, 동화기업, 두올, 디바이스, 디아이, 디아이씨, 디아이티, 디와이피엔에프, 디젠스, 디지털대성, 라메디텍, 라온시큐어, 레이저쎌, 레이크머티리얼즈, 로체시스템즈, 롯데에너지머티리얼즈, 리드코프, 리튬포어스, 마니커에프앤지, 마이크로투나노, 메가터치, 메타케어, 모두투어, 모아데이타, 미디어젠, 미래나노텍, 미래산업, 미스터블루, 배럴, 백산, 범한퓨얼셀, 브이엠, 브이원텍, 비비씨, 비엘팜텍, 빅텍, 빌리언스, 삼기, 삼보모터스, 삼성공조, 삼익악기, 삼현, 삼화전기, 상지건설, 새빗켐, 서연, 서연이화, 서진오토모티브, 서흥, 성안머티리얼스, 성우테크론, 성우하이텍, 성일하이텍, 성창기업지주, 성창오토텍, 세보엠이씨, 세아홀딩스, 세원정공, 소니드, 손오공, 슈피겐코리아, 스카이라이프, 스타코링크, 스페코, 승일, 신대양제지, 신라젠, 신송홀딩스, 신흥에스이씨, 싸이맥스, 쏠리드, 씨싸이트, 씨앤투스, 씨엔알리서치, 아모센스, 아바코, 아바텍, 아센디오, 아이씨디, 아이앤씨, 아이엠, 아이엠티, 아이윈플러스, 아이즈비전, 아이컴포넌트, 아이텍, 아이티엠반도체, 아주스틸, 아진산업, 아진전자부품, 알비더블유, 앱트뉴로사이언스, 야스, 에스에이티, 에스엘, 에스엠, 에스오에스랩, 에스퓨얼셀, 에스피소프트, 에쎈테크, 에이엘티, 에이치와이티씨, 에이팩트, 에이피알, 에코아이, 에코앤드림, 에코캡, 에코플라스틱, 에프에스티, 에프엔씨엔터, 엔브이에이치코리아, 엔젠바이오, 엔젤로보틱스, 엔케이, 엔켐, 엔텔스, 엘엠에스, 엘오티베큠, 엘티씨, 엠아이텍, 엠에스씨, 엠케이전자, 영우디에스피, 영화금속, 예스24, 오리엔트정공, 오상자이엘, 옵티시스, 와이랩, 와이엠티, 와이지엔터테인먼트, 와토스코리아, 우리로, 우리이앤엘, 우성, 우양, 웅진씽크빅, 워트, 원익, 원준, 원텍, 위닉스, 위즈코프, 윈스테크넷, 유니크, 유니테스트, 유비벨록스, 유에스티, 유일에너테크, 이녹스, 이녹스첨단소재, 이수스페셜티케미컬, 이수페타시스, 이스트아시아홀딩스, 이엔플러스, 이지트로닉스, 인바디, 인스웨이브, 인지소프트, 인탑스, 인터지스, 인텍플러스, 인포바인, 일지테크, 일진다이아, 자람테크놀로지, 자비스, 정다운, 제이오, 제이준코스메틱, 주성엔지니어링, 중앙에너비스, 지더블유바이텍, 지란지교시큐리티, 지엔씨에너지, 지엠비코리아, 청담글로벌, 체리부로, 카스, 카페24, 캐리, 캐프, 컬러레이, 케스피온, 케이엔더블유, 켐트로스, 코리아나, 코세스, 코스모화학, 코스텍시스, 코오롱모빌리티그룹우, 코칩, 콜마홀딩스, 큐리옥스바이오시스템즈, 큐브엔터, 탑코미디어, 태성, 태웅로직스, 테스, 테이팩스, 토비스, 트루엔, 티로보틱스, 티에스이, 티에이치엔, 티이엠씨씨엔에스, 티케이케미칼, 파라다이스, 팬엔터테인먼트, 팬오션, 펨트론, 포스코DX, 프로텍, 프리시젼바이오, 플레이그램, 피에이치에이, 피엔에이치테크, 피엔케이피부임상연구센타, 피엔티, 필에너지, 핑거스토리, 하나기술, 하나머티리얼즈, 하이브, 한국무브넥스, 한국유니온제약, 한국전자홀딩스, 한국콜마, 한국타이어앤테크놀로지, 한국특강, 한농화성, 한성크린텍, 한솔로지스틱스, 한솔제지, 한양이엔지, 한일사료, 한주라이트메탈, 한진중공업홀딩스, 한컴라이프케어, 핸디소프트, 헬릭스미스, 현대공업, 현대모비스, 현대차3우B, 현대차우, 현대홈쇼핑, 호텔신라우, 화신, 황금에스티, 흥국에프엔비, 흥아해운
============================================================
Q: 2024-10-07에 볼린저 밴드 하단에 터치한 종목을 알려줘

✅ 공통 종목:
넥써쓰, 더존비즈온, 삼보산업, 삼호개발, 엑스페릭스, 코아스, 클리오, 테고사이언스, 포인트엔지니어링, 피에스텍

❌ expected에만 있는 종목:
(없음)

⚠️ actual에만 있는 종목:
BF랩스, BGF리테일, HLB바이오스텝, KB제25호스팩, KH 건설, KH 미래물산, KH 필룩스, 경보제약, 국보, 국일제지, 나노, 노블엠앤비, 대동전자, 대산F&B, 대유, 더라미, 두산퓨얼셀2우B, 디에이테크놀로지, 롯데손해보험, 버킷스튜디오, 부산주공, 비덴트, 비유테크놀러지, 사조오양, 선도전기, 선샤인푸드, 세원이앤씨, 세종메디칼, 세토피아, 셀피글로벌, 솔디펜스, 스튜디오산타클로스, 시스웍, 시큐레터, 쌍방울, 아스타, 알에프세미, 알파칩스, 에스디생명공학, 에스유앤피, 에이디칩스, 에이리츠, 에코글로우, 엑스플러스, 엔에이치스팩30호, 엔지스테크널러지, 엔케이맥스, 엔투텍, 웰바이오텍, 위니아에이드, 유비쿼스홀딩스, 유안타제12호스팩, 이아이디, 이트론, 이화전기, 인바이오젠, 인터로조, 인트로메딕, 일월지엠엘, 장원테크, 제이알글로벌리츠, 제일바이오, 조광ILI, 주성코퍼레이션, 진로발효, 초록뱀미디어, 카프로, 케이피티유, 코다코, 코맥스, 코스나인, 태영건설, 태영건설우, 테라사이언스, 티엔엔터테인먼트, 파멥신, 푸른소나무, 퓨처코어, 플래스크, 피씨엘, 피엔티엠에스, 한국피아이엠, 한일홀딩스, 한창, 핸즈코퍼레이션, 현대사료
============================================================
Q: 2024-08-30에 RSI가 80 이상인 과매수 종목을 알려줘

✅ 공통 종목:
신풍, 에프앤가이드, 제닉, 플랜티넷

❌ expected에만 있는 종목:
KH 건설, KH 미래물산, 넥스트바이오메디컬, 소니드, 이엔셀, 카프로, 코다코, 태영건설, 태영건설우

⚠️ actual에만 있는 종목:
LG이노텍, LG화학우, NPC우, S&K폴리텍, SK바이오팜, 강원랜드, 골프존홀딩스, 국보디자인, 나이스디앤비, 네오위즈, 네오위즈홀딩스, 대륙제관, 대신증권2우B, 대웅, 대한방직, 도이치모터스, 동아쏘시오홀딩스, 동일산업, 디앤디플랫폼리츠, 롯데정밀화학, 맵스리얼티1, 모다이노칩, 부스타, 삼성FN리츠, 삼지전자, 삼화왕관, 상아프론테크, 샌즈랩, 세아베스틸지주, 아시아경제, 아이디피, 아진전자부품, 아티스트컴퍼니, 에스원, 에스폴리텍, 에스피지, 엔시스, 위드텍, 유한양행, 유한양행우, 인탑스, 인팩, 자비스, 지누스, 지아이이노베이션, 진로발효, 컴투스, 케일럼, 코람코더원리츠, 코리아에프티, 콘텐트리중앙, 쿠콘, 티웨이항공, 포인트엔지니어링, 푸른저축은행, 풍산, 프롬바이오, 피에스텍, 필에너지, 하이트진로2우B, 한국토지신탁, 한빛소프트, 한진, 한창산업, 한화갤러리아, 현대차3우B, 효성, 후성
============================================================
Q: 2024-07-12에 거래량이 20일 평균 대비 200% 이상 급증한 종목을 알려줘

✅ 공통 종목:
GH신소재, TS인베스트먼트, 대동금속, 대동기어, 대한뉴팜, 두산밥캣, 라파스, 비비씨, 스타플렉스, 아이디스홀딩스, 아이컴포넌트, 에스제이그룹, 에스피시스템스, 우리엔터프라이즈, 우진아이엔에스, 이상네트웍스, 코오롱, 코오롱생명과학, 코오롱우, 코오롱티슈진

❌ expected에만 있는 종목:
(없음)

⚠️ actual에만 있는 종목:
CR홀딩스, GS건설, HDC현대산업개발, SAMG엔터, SJM홀딩스, 나노실리칸첨단소재, 네오크레마, 대동, 대원제약, 두산, 두산2우B, 두산로보틱스, 두산우, 디어유, 디와이디, 디티앤씨알오, 레몬, 모비릭스, 바이온, 범양건영, 뷰노, 브이씨, 샤페론, 서전기전, 셀트리온제약, 신테카바이오, 신풍제약, 씨유테크, 아이엠비디엑스, 아즈텍WB, 아크솔루션스, 알에스오토메이션, 알체라, 에너토크, 에스디바이오센서, 에프앤가이드, 엑스큐어, 엔젤로보틱스, 엔피, 엠젠솔루션, 엠플러스, 오토앤, 와이엠, 우리바이오, 원익큐브, 원준, 웰크론한텍, 윈하이텍, 윙스풋, 유한양행, 유한양행우, 중앙첨단소재, 지니너스, 지니틱스, 캔버스엔, 케이옥션, 코나아이, 코아시아씨엠, 코어라인소프트, 코오롱ENP, 코오롱모빌리티그룹, 큐리언트, 티사이언티픽, 티쓰리, 티엔엔터테인먼트, 파이오링크, 포커스에이아이, 프리엠스, 플래티어, 하이즈항공, 한국정보인증, 한농화성, 한솔홀딩스, 한싹, 한양증권, 한양증권우, 한올바이오파마, 한울앤제주, 한전기술, 한컴위드, 휴림로봇, 휴림에이텍
============================================================
Q: 2024-11-21에 RSI가 25 이하인 과매도 종목을 알려줘

✅ 공통 종목:
대호특수강, 우리산업, 인팩, 일양약품우, 코디, 코스텍시스, 크린앤사이언스, 태영건설, 한켐

❌ expected에만 있는 종목:
국일제지, 닷밀, 더라미, 에어레인, 초록뱀미디어, 한국피아이엠

⚠️ actual에만 있는 종목:
AK홀딩스, CMG제약, DB금융스팩12호, F&F홀딩스, HB솔루션, HB인베스트먼트, HB테크놀러지, HS효성, HS효성첨단소재, IBKS제21호스팩, IBKS제23호스팩, JW중외제약, JW중외제약우, KB오토시스, KB제25호스팩, KCC글라스, KISCO홀딩스, KPX홀딩스, KSS해운, KS인더스트리, KZ정밀, LB세미콘, LB인베스트먼트, LS마린솔루션, LS머트리얼즈, LX하우시스, NHN벅스, NICE인프라, OCI홀딩스, PS일렉트로닉스, SB성보, SK아이이테크놀로지, SK케미칼, SK케미칼우, TCC스틸, TJ미디어, TS인베스트먼트, 감성코퍼레이션, 계양전기우, 고려제약, 고스트스튜디오, 고영, 골프존홀딩스, 광무, 광진실업, 교보15호스팩, 그린리소스, 그린생명과학, 그린케미칼, 금비, 금양, 금호석유화학, 금호석유화학우, 금화피에스시, 기가비스, 깨끗한나라우, 나노신소재, 나노실리칸첨단소재, 나노씨엠에스, 나노엔텍, 나노팀, 나이벡, 남양유업, 남양유업우, 내츄럴엔도텍, 네온테크, 네패스, 네패스아크, 넥스트아이, 넥스틴, 노을, 녹십자웰빙, 녹십자홀딩스, 누보, 뉴온, 뉴트리, 다산솔루에타, 다이나믹디자인, 대성하이텍, 대성홀딩스, 대신밸런스제16호스팩, 대신밸런스제17호스팩, 대신정보통신, 대웅, 대한광통신, 대한뉴팜, 대호특수강우, 대화제약, 더블유씨피, 덕산테코피아, 덕산하이메탈, 덴티움, 동성케미컬, 동신건설, 동아에스티, 동아엘텍, 동원개발, 동원금속, 동원수산, 동인기연, 동일금속, 동화기업, 동화약품, 드림씨아이에스, 드림어스컴퍼니, 디아이, 디아이티, 디알젬, 디이엔티, 디젠스, 디지틀조선, 디케이앤디, 디티앤씨, 딜리, 딥마인드, 라온피플, 램테크놀러지, 랩지노믹스, 레몬, 레이, 레이저쎌, 레이크머티리얼즈, 로스웰, 로체시스템즈, 롯데손해보험, 롯데에너지머티리얼즈, 롯데정밀화학, 롯데지주우, 마이크로투나노, 메가터치, 메디톡스, 메타바이오메드, 모나리자, 모나용평, 모베이스전자, 모헨즈, 미래나노텍, 미래반도체, 미래산업, 미래에셋맵스리츠, 미래에셋비전스팩3호, 미원홀딩스, 민테크, 바이오니아, 바이오스마트, 바이오에프디엔씨, 바이오인프라, 바이오톡스텍, 바텍, 버넥트, 벨로크, 본느, 뷰티스킨, 브레인즈컴퍼니, 블루엠텍, 비나텍, 비씨엔씨, 사조산업, 사조씨푸드, 삼륭물산, 삼보판지, 삼성SDI우, 삼아제약, 삼양케이씨아이, 삼영, 삼일씨엔에스, 삼화콘덴서, 상보, 상신브레이크, 상신이디피, 새빗켐, 샘씨엔에스, 서울반도체, 서울제약, 서울평가정보, 서진오토모티브, 서플러스글로벌, 서흥, 석경에이티, 선광, 성문전자, 성창오토텍, 성호전자, 세동, 세종텔레콤, 센서뷰, 센코, 셀바이오휴먼텍, 소노스퀘어, 소프트센, 솔루스첨단소재, 솔루스첨단소재1우, 솔루스첨단소재2우B, 솔브레인홀딩스, 수산아이앤티, 수성웹툰, 슈프리마, 스코넥, 스타코링크, 스튜디오미르, 시그네틱스, 시지트로닉스, 시프트업, 신도리코, 신성이엔지, 신세계, 신세계 I&C, 신세계인터내셔날, 신세계푸드, 신영스팩9호, 신영증권, 신화인터텍, 신흥에스이씨, 심텍, 심텍홀딩스, 싸이맥스, 쎄노텍, 씨앤씨인터내셔널, 씨앤지하이테크, 씨에스베어링, 씨에스윈드, 씨유메디칼, 씨피시스템, 아모텍, 아미노로직스, 아미코젠, 아바코, 아바텍, 아세아, 아스플로, 아시아종묘, 아이로보틱스, 아이씨티케이, 아이에이, 아이엠비디엑스, 아이티센피엔에스, 아이티엠반도체, 알서포트, 알톤, 알티캐스트, 알파녹스, 알피바이오, 압타바이오, 애경케미칼, 액트로, 양지사, 에스디시스템, 에스에너지, 에스에이엠티, 에스엘에스바이오, 에스티아이, 에스폴리텍, 에이디테크놀로지, 에이스테크, 에이에프더블류, 에이엘티, 에이직랜드, 에이치시티, 에이치와이티씨, 에이치케이, 에이텍, 에이텍모빌리티, 에이팩트, 에이프로, 에코볼트, 에코앤드림, 에프앤가이드, 에프엔씨엔터, 엑셀세라퓨틱스, 엔바이오니아, 엔브이에이치코리아, 엔피케이, 엘앤케이바이오, 엘오티베큠, 엠에스오토텍, 엠케이전자, 엠플러스, 영우디에스피, 영진약품, 영화테크, 예스24, 예스티, 오리엔트정공, 오브젠, 오상헬스케어, 오킨스전자, 와이바이오로직스, 와이씨켐, 와이엠, 와이투솔루션, 우리산업홀딩스, 우리이앤엘, 우양, 우주일렉트로, 워트, 원림, 원익, 원익IPS, 원익머트리얼즈, 원익피앤이, 원텍, 원티드랩, 웰크론한텍, 웰킵스하이텍, 웹젠, 위닉스, 위드텍, 윈팩, 윌비스, 유니드비티플러스, 유니슨, 유니테크노, 유비케어, 유비쿼스, 유안타제11호스팩, 유안타제14호스팩, 유에스티, 유진테크, 유투바이오, 유한양행, 율촌화학, 이녹스, 이닉스, 이미지스, 이수앱지스, 이수페타시스, 이스타코, 이오테크닉스, 이지트로닉스, 인스웨이브, 인콘, 인터지스, 인터플렉스, 인텍플러스, 일동제약, 일동홀딩스, 일양약품, 일진디스플, 일진하이솔루스, 잉글우드랩, 잉크테크, 자비스, 자이에스앤디, 저스템, 전방, 제넥신, 제놀루션, 제우스, 제이스텍, 제이아이테크, 제이에스코퍼레이션, 제이엔비, 제이준코스메틱, 제이투케이바이오, 제이티, 제일약품, 제일엠앤에스, 제주반도체, 젝시믹스, 젠큐릭스, 조아제약, 조이시티, 지니너스, 지씨셀, 지아이이노베이션, 지엔코, 진영, 진흥기업2우B, 천일고속, 청담글로벌, 카이노스메드, 카티스, 케어랩스, 케이비아이동국실업, 케이엔에스, 케이엔제이, 케이웨더, 케이이엠텍, 케이피티유, 케일럼, 켐트로닉스, 켐트로스, 코렌텍, 코리아써키트, 코미코, 코스메카코리아, 코스모신소재, 코오롱모빌리티그룹우, 코이즈, 코칩, 코퍼스코리아, 퀄리타스반도체, 큐라티스, 큐로홀딩스, 큐리옥스바이오시스템즈, 크라운제과우, 크라운해태홀딩스우, 크레오에스지, 클리오, 키움제8호스팩, 킵스파마, 타이거일렉, 탑런토탈솔루션, 태영건설우, 테크엘, 토니모리, 토마토시스템, 토비스, 토탈소프트, 톱텍, 툴젠, 티씨케이, 티앤알바이오팹, 티와이홀딩스, 티웨이홀딩스, 티케이지애강, 파인테크닉스, 판타지오, 팜스빌, 팸텍, 평화산업, 포스코DX, 포스코퓨처엠, 포시에스, 포인트모바일, 포커스에이아이, 폴라리스세원, 풍산, 프레스티지바이오로직스, 프로텍, 프롬바이오, 프리시젼바이오, 플라즈맵, 플레이위드, 플루토스, 피노, 피씨디렉트, 피씨엘, 피에스케이, 피에스케이홀딩스, 피엠티, 피플바이오, 하나26호스팩, 하나31호스팩, 하나32호스팩, 하나기술, 하나머티리얼즈, 하이딥, 하이즈항공, 한국정보공학, 한국제12호스팩, 한국콜마, 한국화장품제조, 한미반도체, 한섬, 한세엠케이, 한세예스24홀딩스, 한솔로지스틱스, 한양디지텍, 한일화학, 한주에이알티, 한중엔시에스, 한진칼우, 한화갤러리아우, 한화솔루션, 한화솔루션우, 해성산업, 해성옵틱스, 헬릭스미스, 현대바이오랜드, 현대백화점, 현대제철, 형지글로벌, 형지엘리트, 호텔신라우, 화승알앤에이, 화승코퍼레이션, 화신, 화신정공, 환인제약, 효성화학, 휴맥스, 휴비츠, 흥국화재우, 힘스
============================================================
Q: 2025-06-04에 종가가 5일 이동평균보다 10% 이상 높은 종목을 알려줘

✅ 공통 종목:
녹십자홀딩스2우, 솔트룩스, 시선AI, 신풍제약우, 원익, 웹케시, 위니아에이드, 유라클, 전진바이오팜, 지엔코, 코나아이, 코난테크놀로지, 쿠콘, 파루, 한일철강

❌ expected에만 있는 종목:
(없음)

⚠️ actual에만 있는 종목:
DSC인베스트먼트, HD현대에너지솔루션, HS효성, LB인베스트먼트, SK증권, SK증권우, SNT홀딩스, 대성산업, 대웅, 로보티즈, 마음AI, 미래에셋벤처투자, 미래에셋증권, 미래에셋증권2우B, 미래에셋증권우, 미스터블루, 부국증권, 블리츠웨이엔터테인먼트, 비상교육, 비아이매트릭스, 비큐AI, 비트맥스, 삼양홀딩스, 삼양홀딩스우, 상상인증권, 세원정공, 솔브레인홀딩스, 심플랫폼, 아모센스, 알테오젠, 에이티넘인베스트, 에코아이, 오리온홀딩스, 오하임앤컴퍼니, 와이엠티, 와이즈넛, 인스코비, 케이엠더블유, 크라우드웍스, 킵스파마, 태웅, 하이트진로홀딩스, 한화, 한화3우B
============================================================
Q: 2025-05-08에 RSI가 25 이하인 과매도 종목을 알려줘

✅ 공통 종목:
본느, 브릿지바이오테라퓨틱스, 빙그레

❌ expected에만 있는 종목:
BF랩스, KG모빌리티, 광림, 국일제지, 디에이테크놀로지, 삼부토건, 삼영이엔씨, 스튜디오산타클로스, 쌍방울, 에스디생명공학, 엔지스테크널러지, 현대사료

⚠️ actual에만 있는 종목:
CJ씨푸드1우, 교촌에프앤비, 넥스틸, 노을, 대동스틸, 대상홀딩스, 대상홀딩스우, 덕성, 덕성우, 데이원컴퍼니, 디와이디, 마이크로디지탈, 마크로젠, 메디콕스, 모코엠시스, 미트박스, 밸로프, 벡트, 비츠로시스, 사람인, 상보, 성안머티리얼스, 세아제강, 세원물산, 셀비온, 소니드, 솔루스첨단소재2우B, 스맥, 써니전자, 썸에이지, 쎄노텍, 아스타, 아우딘퓨쳐스, 아이진, 안랩, 알리코제약, 알서포트, 에쎈테크, 에코글로우, 엔젯, 엔켐, 엠젠솔루션, 영화금속, 오름테라퓨틱, 오스코텍, 오파스넷, 우리이앤엘, 위메이드맥스, 위즈코프, 윙입푸드, 유니온머티리얼, 유유제약1우, 유유제약2우B, 이노메트리, 이니텍, 이씨에스, 이엠텍, 중앙첨단소재, 진양화학, 체리부로, 케어젠, 코오롱티슈진, 퀀타매트릭스, 크라운해태홀딩스우, 크린앤사이언스, 티비씨, 티엔엔터테인먼트, 포스코인터내셔널, 피아이이, 하이스틸, 한세엠케이, 한솔홈데코, 한텍, 해성디에스, 화신정공, 휴스틸
============================================================
Q: 2024-10-30에 RSI가 70 이상인 과매수 종목을 알려줘

✅ 공통 종목:
DH오토웨어, HD현대마린솔루션, 남양유업, 네이처셀, 다산솔루에타, 드래곤플라이, 피플바이오, 한일단조

❌ expected에만 있는 종목:
광림, 선샤인푸드, 쌍방울, 카프로, 코다코, 태영건설, 태영건설우

⚠️ actual에만 있는 종목:
GS우, HLB제넥스, JB금융지주, JW중외제약2우B, KB제30호스팩, NH투자증권우, PN풍년, SBI핀테크솔루션즈, SK가스, 강원랜드, 국순당, 국영지앤엠, 글로벌텍스프리, 남화산업, 네오위즈홀딩스, 네오크레마, 넥스틴, 대교, 대신밸런스제18호스팩, 대신증권2우B, 대신증권우, 대한항공, 대한항공우, 더존비즈온, 동서, 동아지질, 동운아나텍, 두산, 두산2우B, 두산에너빌리티, 두산우, 듀켐바이오, 디어유, 디에이피, 디와이디, 디와이씨, 디지틀조선, 라이온켐텍, 레몬, 롯데쇼핑, 메디포스트, 메지온, 모나리자, 미래에셋드림스팩1호, 미래에셋증권, 미래에셋증권2우B, 미래에셋증권우, 미원에스씨, 바이오솔루션, 비에이치아이, 삼성스팩8호, 삼익악기, 서전기전, 서호전기, 세보엠이씨, 셀바이오휴먼텍, 쇼박스, 수산세보틱스, 수산인더스트리, 스톤브릿지벤처스, 신원, 싸이토젠, 아시아나IDT, 안랩, 알로이스, 에스원, 엑스게이트, 엑스페릭스, 예스티, 오리온홀딩스, 오파스넷, 올리패스, 우리기술투자, 우리손에프앤지, 우신시스템, 우진엔텍, 위지트, 유바이오로직스, 이마트, 이미지스, 이연제약, 인크로스, 일진홀딩스, 재영솔루텍, 전진건설로봇, 제노코, 제이씨현시스템, 제이에스코퍼레이션, 지누스, 지투파워, 진에어, 진흥기업2우B, 카이노스메드, 코리안리, 코위버, 큐리옥스바이오시스템즈, 태양금속우, 토비스, 파두, 파마리서치, 퍼스텍, 펨트론, 프레스티지바이오파마, 프리엠스, 플레이그램, 하이트진로홀딩스, 한국전력, 한국항공우주, 한미사이언스, 한일홀딩스, 한전KPS, 한화투자증권, 현대모비스, 현대에이치티, 현대엘리베이터, 현대이지웰, 화승인더, 효성중공업, 휴마시스
============================================================
Q: 2025-03-31부터 2025-04-30까지 데드크로스가 발생한 종목을 알려줘

✅ 공통 종목:
CG인바이츠, CJ씨푸드, CJ씨푸드1우

❌ expected에만 있는 종목:
AJ네트웍스, APS, AP시스템, AP헬스케어, BGF, BGF리테일, BYC, CJ, CJ ENM, CJ4우, CJ우, CJ제일제당, CJ제일제당 우, CJ프레시웨이, CNT85, CS, DB손해보험

⚠️ actual에만 있는 종목:
CJ대한통운, DB하이텍, DI동일, DSR제강, HD현대마린솔루션, HD현대일렉트릭, JW신약, MH에탄올, PS일렉트로닉스, SK리츠, SK텔레콤, STX그린로지스, YBM넷, 갤럭시아머니트리, 경남스틸, 깨끗한나라우, 네이처셀, 넥스틸, 노바텍, 농심, 대교우B, 대동스틸, 대주산업, 대창, 대현, 더라미, 데이원컴퍼니, 동방메디컬, 듀오백, 드림인사이트, 디지캡, 레이크머티리얼즈, 로지시스, 린드먼아시아, 링크드, 마니커에프앤지, 마음AI, 마이크로디지탈, 멀티캠퍼스, 메가엠디, 모나리자, 모코엠시스, 모티브링크, 미트박스, 바이젠셀, 보로노이, 보해양조, 비스토스, 빌리언스, 빙그레, 삐아, 사조씨푸드, 삼성출판사, 삼양엔씨켐, 삼익악기, 샘표식품, 선익시스템, 성창오토텍, 셀레스트라, 셀비온, 솔트룩스, 스맥, 스틱인베스트먼트, 시너지이노베이션, 시디즈, 신송홀딩스, 씨어스테크놀로지, 아가방컴퍼니, 아세아, 아세아제지, 아이비김영, 아주스틸, 안트로젠, 알서포트, 알테오젠, 알티캐스트, 압타바이오, 액트로, 에르코스, 에스씨디, 에스에스알, 에스엠코어, 에스코넥, 에어레인, 에이스토리, 에이치시티, 에이치씨보광산업, 에이치씨홈센타, 에이팩트, 에이프로젠, 엑셀세라퓨틱스, 엠아이큐브솔루션, 영보화학, 영화금속, 오늘이엔엠, 오픈놀, 온코닉테라퓨틱스, 와이즈넛, 우양에이치씨, 우원개발, 원익큐브, 원티드랩, 웹스, 윌비스, 유디엠텍, 유라클, 이노룰스, 이노진, 이렘, 이스트소프트, 이스트에이드, 이엔에프테크놀로지, 인스웨이브, 인터엠, 인터지스, 일신석재, 일진디스플, 전진바이오팜, 정원엔시스, 제로투세븐, 주성엔지니어링, 지에프씨생명과학, 진도, 진시스템, 카티스, 케일럼, 코스메카코리아, 코오롱생명과학, 코오롱티슈진, 코퍼스코리아, 쿠콘, 큐로셀, 크라우드웍스, 크라운해태홀딩스우, 클로봇, 태양금속, 태양금속우, 티엑스알로보틱스, 티피씨글로벌, 파라텍, 페이퍼코리아, 펨트론, 포스코인터내셔널, 푸드웰, 풀무원, 프로이천, 플랜티넷, 피씨디렉트, 피엠티, 필옵틱스, 하이스틸, 한국종합기술, 한주에이알티, 한텍, 휴림에이텍, 휴맥스, 휴맥스홀딩스, 휴스틸, 흥국화재우
============================================================
Q: 2024-11-06에 거래량이 20일 평균 대비 100% 이상 급증한 종목을 알려줘

✅ 공통 종목:
가온그룹, 남광토건, 뉴인텍, 동방아그로, 동일고무벨트, 리튬포어스, 마음AI, 삼부토건, 솔트룩스, 아난티, 아티스트컴퍼니, 와이솔, 위즈코프, 이노뎁, 자이글, 코난테크놀로지, 하이드로리튬, 혜인

❌ expected에만 있는 종목:
BYC, SKAI

⚠️ actual에만 있는 종목:
AP위성, CJ 바이오사이언스, DL우, HD현대건설기계, HD현대에너지솔루션, HD현대인프라코어, HS화성, HS효성첨단소재, KC그린홀딩스, KC코트렐, KR모터스, KSS해운, KT나스미디어, LIG넥스원, LS증권, MDS테크, SH에너지화학, SK디스커버리우, SK이터닉스, SNT다이내믹스, SNT에너지, 갤럭시아머니트리, 갤럭시아에스엠, 경남제약, 경농, 경방, 경인전자, 고영, 교촌에프앤비, 국보디자인, 국일신동, 금강공업, 금양그린파워, 금호건설우, 나노신소재, 나노캠텍, 네오리진, 네오위즈, 넥스틸, 넵튠, 노루홀딩스우, 다보링크, 다스코, 대명에너지, 대모, 대아티아이, 대원미디어, 대원전선, 대원전선우, 대창단조, 더존비즈온, 덕신이피씨, 데브시스터즈, 덱스터, 도화엔지니어링, 동방, 동성화인텍, 동양우, 동일기연, 동일스틸럭스, 동진쎄미켐, 두산2우B, 디와이디, 디와이파워, 라온테크, 롯데렌탈, 마이크로디지탈, 메디포스트, 멕아이씨에스, 명신산업, 모나용평, 문배철강, 미래에셋드림스팩1호, 미래에셋비전스팩3호, 바이브컴퍼니, 바이온, 백산, 부국증권, 부국증권우, 부국철강, 부산산업, 브리지텍, 비상교육, 비씨월드제약, 비큐AI, 빛과전자, 사람인, 사조산업, 사조씨푸드, 산돌, 산일전기, 삼성SDI, 삼성SDI우, 삼성스팩8호, 삼양홀딩스우, 삼영전자, 삼진엘앤디, 삼천리자전거, 삼현, 상신이디피, 상아프론테크, 새빗켐, 서암기계공업, 서연탑메탈, 서울식품우, 성광벤드, 세아제강, 세이브존I&C, 센서뷰, 셀루메드, 셀리드, 셀바스AI, 소프트센우, 손오공, 수산세보틱스, 스카이라이프, 스코넥, 시디즈, 신대양제지, 신라교역, 신원, 신원종합개발, 신풍제약, 신흥, 써니전자, 쎄트렉아이, 씨아이에스, 씨에스베어링, 씨에스윈드, 아스플로, 아이로보틱스, 아이비젼웍스, 아이스크림미디어, 아티스트스튜디오, 에스와이, 에스와이스틸텍, 에스케이증권제12호스팩, 에이에프더블류, 에이치브이엠, 에이텀, 에이피알, 에코프로, 에코프로비엠, 엔에이치스팩27호, 엔에이치스팩29호, 엘브이엠씨홀딩스, 엠로, 엠씨넥스, 오리온, 오성첨단소재, 오스테오닉, 올리패스, 우리기술투자, 우리바이오, 우림피티에스, 우양, 원익홀딩스, 웹스, 위메이드, 위메이드맥스, 위메이드플레이, 위지윅스튜디오, 위지트, 윈스테크넷, 윙스풋, 유니온, 유니온머티리얼, 유바이오로직스, 유신, 유안타제14호스팩, 유일에너테크, 이브이첨단소재, 이스트소프트, 이엠앤아이, 이지홀딩스, 인디에프, 인터지스, 인포뱅크, 일성건설, 일신석재, 일양약품우, 일진전기, 잉크테크, 자람테크놀로지, 전진건설로봇, 정다운, 제노코, 제룡전기, 제이씨케미칼, 제이에스코퍼레이션, 제이에스티나, 제이엘케이, 제이준코스메틱, 조비, 조이시티, 지니언스, 지엔코, 지엠비코리아, 지투파워, 진바이오텍, 진성티이씨, 진시스템, 진양제약, 진양폴리, 창해에탄올, 칩스앤미디어, 카카오게임즈, 컴투스홀딩스, 케이비아이동국실업, 케이아이엔엑스, 케이엔알시스템, 케이피티유, 코스모신소재, 코아시아씨엠, 코오롱글로벌, 큐라클, 큐로홀딩스, 큐알티, 크라우드웍스, 크래프톤, 크레오에스지, 크리스에프앤씨, 타이거일렉, 탑엔지니어링, 태양, 태원물산, 테이팩스, 토비스, 티사이언티픽, 팬스타엔터프라이즈, 팬젠, 펄어비스, 포스코퓨처엠, 폴라리스AI, 폴라리스세원, 푸른기술, 퓨런티어, 플라즈맵, 플레이그램, 플리토, 피엔티, 하나26호스팩, 하나30호스팩, 하나32호스팩, 하나기술, 하림지주, 하이록코리아, 하이스틸, 한국경제TV, 한국주강, 한미글로벌, 한샘, 한창산업, 한화솔루션, 한화솔루션우, 한화시스템, 한화에어로스페이스, 한화투자증권, 한화투자증권우, 해성산업1우, 현대건설, 현대약품, 현대에버다임, 현대엘리베이터, 현대지에프홀딩스, 현대차, 현대코퍼레이션, 호텔신라, 화일약품, 효성중공업, 휴스틸, 휴젤, 흥국, 희림
============================================================
Q: 2024-12-10에 볼린저 밴드 상단에 터치한 종목을 알려줘

✅ 공통 종목:
수산아이앤티, 오리엔트바이오, 오리엔트정공, 이스타코, 일성건설, 카스, 코이즈, 형지I&C, 형지엘리트

❌ expected에만 있는 종목:
CS

⚠️ actual에만 있는 종목:
BF랩스, CJ씨푸드1우, DH오토넥스, KH 필룩스, LS에코에너지, PN풍년, SK디스커버리, TS트릴리온, YBM넷, 가비아, 경남스틸, 경보제약, 광림, 국보, 국일제지, 꿈비, 나노, 나노실리칸첨단소재, 나우IB, 네이블, 넥스트아이, 노블엠앤비, 대동전자, 대산F&B, 대상홀딩스, 대신정보통신, 대영포장, 대유, 덕성, 동신건설, 디에이테크놀로지, 디젠스, 디티앤씨알오, 메디앙스, 메디톡스, 모코엠시스, 모헨즈, 미디어젠, 바이젠셀, 버킷스튜디오, 보라티알, 부방, 부산주공, 브이티, 비덴트, 비비안, 비유테크놀러지, 비츠로시스, 사람인, 삼보모터스, 삼성전기, 삼성출판사, 삼양식품, 삼일, 서린바이오, 선도전기, 선샤인푸드, 세우글로벌, 세원이앤씨, 세종메디칼, 세토피아, 셀피글로벌, 소노스퀘어, 소프트캠프, 솔디펜스, 슈프리마에이치큐, 스튜디오산타클로스, 시너지이노베이션, 시스웍, 시큐레터, 신라에스지, 신원, 쌍방울, 써니전자, 아가방컴퍼니, 아남전자, 아이디피, 아이앤씨, 안랩, 알에프세미, 알파칩스, 양지사, 에스디생명공학, 에스앤디, 에스유앤피, 에이루트, 에이리츠, 에이치씨보광산업, 에이텍, 에이텍모빌리티, 엔에프씨, 엔지스테크널러지, 엔케이맥스, 엘앤씨바이오, 영화금속, 오스테오닉, 오파스넷, 오픈놀, 오픈베이스, 와토스코리아, 원티드랩, 웰바이오텍, 위니아에이드, 윌비스, 유니온바이오메트릭스, 유라테크, 이건산업, 이노룰스, 이아이디, 이지바이오, 이트론, 이화전기, 인바이오젠, 인터로조, 인터지스, 인트로메딕, 일월지엠엘, 제닉, 제로투세븐, 제일바이오, 제일연마, 조광ILI, 조비, 주성코퍼레이션, 지니너스, 지더블유바이텍, 지엔씨에너지, 지오엘리먼트, 진양산업, 진흥기업, 초록뱀미디어, 카프로, 코나아이, 코다코, 코맥스, 코스나인, 코스맥스, 키네마스터, 테라사이언스, 토박스코리아, 토탈소프트, 티비씨, 티피씨글로벌, 파마리서치, 파멥신, 파미셀, 포메탈, 푸른소나무, 퓨처코어, 프리엠스, 플래스크, 플랜티넷, 핑거스토리, 하츠, 한국비티비, 한국선재, 한국유니온제약, 한국정보공학, 한국종합기술, 한국첨단소재, 한섬, 한창, 한창제지, 현대사료, 현대제철, 형지글로벌, 화승인더, 화천기계, 흥국
============================================================
Q: 2025-03-12에 RSI가 80 이상인 과매수 종목을 알려줘

✅ 공통 종목:
대원산업, 빛샘전자, 알엔투테크놀로지, 이니텍, 이원컴포텍, 코오롱생명과학

❌ expected에만 있는 종목:
광림, 선샤인푸드, 세토피아, 쌍방울, 에스유앤피, 에이디칩스, 인터로조, 카프로, 코다코

⚠️ actual에만 있는 종목:
넥스틸, 세아제강, 셀바이오휴먼텍, 애경산업, 에이치엠넥스, 에이치엠씨제7호스팩, 엔에이치스팩31호, 영풍, 와이솔, 유안타제17호스팩, 유화증권, 이지스레지던스리츠, 전방, 코람코더원리츠, 코아스, 태영건설우, 포스코인터내셔널, 하림, 한국경제TV, 한국기업평가, 한화리츠, 휴스틸
============================================================
Q: 2024-11-18에 볼린저 밴드 하단에 터치한 종목을 알려줘

✅ 공통 종목:
뉴트리, 대한광통신, 동신건설, 씨피시스템, 에이텍, 에이텍모빌리티, 유일에너테크, 태웅, 툴젠, 파커스

❌ expected에만 있는 종목:
(없음)

⚠️ actual에만 있는 종목:
AK홀딩스, BF랩스, BGF에코머티리얼즈, DB금융스팩12호, DH오토넥스, HDC현대EP, KB오토시스, KB제29호스팩, KCC건설, KH 필룩스, LS마린솔루션, LS에코에너지, LS증권, S-Oil우, SB성보, SK텔레콤, SK하이닉스, TJ미디어, TS인베스트먼트, TS트릴리온, 경보제약, 광림, 교보16호스팩, 국보, 국일신동, 국일제지, 금비, 금양, 금화피에스시, 기가비스, 까뮤이앤씨, 나노, 나이스정보통신, 넥스트아이, 넥스틴, 노블엠앤비, 녹십자, 누보, 다원넥스뷰, 다이나믹디자인, 대구백화점, 대동전자, 대산F&B, 대신밸런스제16호스팩, 대신밸런스제17호스팩, 대웅제약, 대유, 대호특수강, 대호특수강우, 더코디, 동부건설우, 동아에스티, 동원개발, 동원수산, 동인기연, 동일금속, 동일스틸럭스, 듀오백, 듀켐바이오, 디앤디파마텍, 디에이테크놀로지, 디에이피, 디엔에프, 디젠스, 딜리, 롯데쇼핑, 롯데지주, 롯데지주우, 롯데케미칼, 리가켐바이오, 린드먼아시아, 메가터치, 메타랩스, 미디어젠, 미래에셋비전스팩3호, 미원상사, 미원화학, 바이넥스, 밸로프, 버킷스튜디오, 부국증권, 부산주공, 브이엠, 비나텍, 비덴트, 비씨월드제약, 비유테크놀러지, 삼성바이오로직스, 삼아제약, 삼양케이씨아이, 삼호개발, 상상인제4호스팩, 상신브레이크, 새로닉스, 서울전자통신, 서진오토모티브, 석경에이티, 선도전기, 선샤인푸드, 세아메카닉스, 세원이앤씨, 세종메디칼, 세종텔레콤, 세중, 세토피아, 셀피글로벌, 솔디펜스, 솔루스첨단소재1우, 수산아이앤티, 스카이라이프, 스튜디오산타클로스, 시스웍, 시지메드텍, 시큐레터, 신라에스지, 신영스팩9호, 실리콘투, 싸이맥스, 쌍방울, 쎄니트, 씨유메디칼, 씨티케이, 아세아제지, 아스트, 아이로보틱스, 아이티센글로벌, 아이티센씨티에스, 아이티아이즈, 아이티엠반도체, 알에프세미, 알파칩스, 양지사, 에스디생명공학, 에스바이오메딕스, 에스앤더블류, 에스에이엠티, 에스유앤피, 에스제이그룹, 에스케이증권제11호스팩, 에스케이증권제13호스팩, 에스케이증권제9호스팩, 에스티팜, 에스폴리텍, 에이디칩스, 에이리츠, 에이비엘바이오, 에이비프로바이오, 에이스침대, 에이엘티, 에이치엠씨제6호스팩, 에이치와이티씨, 에이치케이, 에이프로젠바이오로직스, 에코글로우, 에코프로머티, 에프엔씨엔터, 엑시온그룹, 엔시트론, 엔에이치스팩30호, 엔지스테크널러지, 엔케이맥스, 엠아이텍, 엠젠솔루션, 예선테크, 오늘이엔엠, 오디텍, 오리엔트정공, 오상헬스케어, 오션인더블유, 오스테오닉, 오에스피, 와이바이오로직스, 와이어블, 와이엠, 와이투솔루션, 우리넷, 우리엔터프라이즈, 우정바이오, 우주일렉트로, 원준, 원텍, 월덱스, 웰바이오텍, 위니아에이드, 윌비스, 유성기업, 유성티엔에스, 유안타제14호스팩, 유안타제16호스팩, 유에스티, 유엔젤, 유진테크, 육일씨엔에쓰, 이니텍, 이닉스, 이미지스, 이수스페셜티케미컬, 이스타코, 이아이디, 이연제약, 이오테크닉스, 이트론, 이화전기, 인바이오젠, 인베니아, 인터로조, 인터지스, 인텔리안테크, 인트로메딕, 인팩, 일양약품, 일월지엠엘, 일진홀딩스, 잉크테크, 자화전자, 정원엔시스, 제이엠아이, 제일바이오, 조광ILI, 주성코퍼레이션, 지더블유바이텍, 지아이이노베이션, 지에프씨생명과학, 지엔코, 진로발효, 천일고속, 초록뱀미디어, 카스, 카프로, 케이비아이동국실업, 케이엔제이, 케이엘넷, 케이피에프, 케이피엠테크, 케일럼, 코다코, 코리아에셋투자증권, 코맥스, 코미코, 코스나인, 코스맥스비티아이, 코아스템켐온, 코오롱모빌리티그룹우, 코이즈, 큐캐피탈, 크라운해태홀딩스우, 키움제8호스팩, 타이거일렉, 테라사이언스, 테크윙, 토탈소프트, 티에스넥스젠, 티엔엔터테인먼트, 티피씨글로벌, 파멥신, 파버나인, 파인엠텍, 파인테크닉스, 파크시스템스, 포스코퓨처엠, 폴라리스세원, 푸른소나무, 퓨처코어, 프로텍, 프로티아, 프리엠스, 플래스크, 플루토스, 플리토, 하나30호스팩, 하나32호스팩, 하나기술, 하이제8호스팩, 하이즈항공, 한국비티비, 한국유니온제약, 한국정밀기계, 한국제12호스팩, 한국제15호스팩, 한국주강, 한국큐빅, 한국화장품제조, 한미약품, 한양디지텍, 한중엔시에스, 한창, 한탑, 현대바이오, 현대사료, 형지I&C, 형지엘리트, 화신정공, 화인써키트, 휴네시온, 휴맥스
============================================================
Q: 2024-07-18에 종가가 60일 이동평균보다 1% 이상 높은 종목을 알려줘

✅ 공통 종목:
레몬, 보로노이, 삼아제약, 샤페론, 압타바이오, 에스와이스틸텍, 엑스큐어, 엔에스이엔엠, 오늘이엔엠, 코아스, 태영건설, 펩트론, 포커스에이아이, 피노, 한전산업

❌ expected에만 있는 종목:
(없음)

⚠️ actual에만 있는 종목:
AP헬스케어, BNK금융지주, CJ제일제당, CJ제일제당 우, CMG제약, CR홀딩스, CS홀딩스, DB증권, DB하이텍, DH오토리드, DI동일, DL우, DL이앤씨, DN오토모티브, DSR제강, ESR켄달스퀘어리츠, F&F홀딩스, GH신소재, GS건설, GS글로벌, GS리테일, GS우, HDC현대산업개발, HD한국조선해양, HD현대, HD현대건설기계, HD현대마린엔진, HD현대미포, HD현대인프라코어, HD현대일렉트릭, HD현대중공업, HJ중공업, HK이노엔, HLB글로벌, HLB제약, HLB파나진, IBKS제24호스팩, JB금융지주, JW신약, JW중외제약, JW중외제약우, JW홀딩스, KB금융, KB스타리츠, KB제25호스팩, KCC건설, KCC글라스, KG모빌리티, KG스틸, KPX케미칼, KS인더스트리, KT나스미디어, LG디스플레이, LG유플러스, LG이노텍, LG전자, LG전자우, LIG넥스원, LK삼양, LS마린솔루션, LS티라유텍, LX세미콘, LX인터내셔널, LX하우시스, LX하우시스우, NHN벅스, NH올원리츠, NH투자증권, NH투자증권우, NH프라임리츠, PI첨단소재, PN풍년, RF머트리얼즈, SBI인베스트먼트, SG글로벌, SK가스, SK리츠, SK바이오사이언스, SK바이오팜, SK이노베이션, SK이노베이션우, SK텔레콤, SK하이닉스, SNT다이내믹스, SNT에너지, STX그린로지스, STX엔진, 강남제비스코, 강동씨앤엘, 갤럭시아머니트리, 갤럭시아에스엠, 경농, 경동인베스트, 경동제약, 경인양행, 계룡건설, 고려아연, 고바이오랩, 골프존홀딩스, 광동제약, 교보증권, 교촌에프앤비, 국도화학, 국보디자인, 국순당, 국제약품, 글로벌에스엠, 금강공업우, 금호석유화학, 금호석유화학우, 기업은행, 깨끗한나라, 나우IB, 나이벡, 남광토건, 남양유업, 네오셈, 네오티스, 네이블, 넥센, 넥센우, 넥스트아이, 넥스틸, 넥슨게임즈, 넷마블, 노루홀딩스, 노바렉스, 녹십자, 녹십자엠에스, 녹십자홀딩스, 누리플랜, 대덕, 대덕1우, 대동스틸, 대동전자, 대모, 대봉엘에스, 대상, 대상홀딩스, 대신증권, 대신증권2우B, 대신증권우, 대우건설, 대웅, 대웅제약, 대원전선, 대원제약, 대한뉴팜, 대한항공, 대호에이엘, 대화제약, 더블유게임즈, 더존비즈온, 동구바이오제약, 동국씨엠, 동국제약, 동국홀딩스, 동방, 동방선기, 동성화인텍, 동아쏘시오홀딩스, 동아에스티, 동양생명, 동양철관, 동양파일, 동운아나텍, 동원F&B, 동원개발, 동일고무벨트, 동일스틸럭스, 두산, 두산2우B, 두산로보틱스, 두산에너빌리티, 두산우, 듀켐바이오, 드림씨아이에스, 디모아, 디씨엠, 디알텍, 디어유, 디에스케이, 디와이파워, 디케이앤디, 디케이티, 딥마인드, 라온테크, 라이콤, 레이저옵텍, 롯데관광개발, 롯데렌탈, 롯데리츠, 롯데웰푸드, 롯데정밀화학, 롯데칠성, 리가켐바이오, 리파인, 마이크로디지탈, 맵스리얼티1, 메디콕스, 메디톡스, 메디포스트, 메리츠금융지주, 메타바이오메드, 모나용평, 모베이스, 모토닉, 무림P&P, 무학, 미래에셋드림스팩1호, 미래에셋맵스리츠, 미래에셋비전스팩2호, 미래에셋생명, 미래에셋증권, 미래에셋증권2우B, 미래에셋증권우, 미스토홀딩스, 미원상사, 미원화학, 미창석유, 바디텍메드, 바이넥스, 바이오니아, 바이오다인, 바이오에프디엔씨, 바이오포트, 바이오플러스, 바이온, 방림, 범양건영, 보락, 보령, 부국증권, 부국증권우, 부산산업, 뷰노, 브릿지바이오테라퓨틱스, 브이티, 블루엠텍, 비보존 제약, 비에이치, 비엔케이제2호스팩, 비츠로시스, 비투엔, 사람인, 사조대림, 사조산업, 사조씨푸드, 사조오양, 삼륭물산, 삼목에스폼, 삼부토건, 삼성E&A, 삼성공조, 삼성물산, 삼성물산우B, 삼성바이오로직스, 삼성생명, 삼성스팩8호, 삼성전기, 삼성전기우, 삼성전자, 삼성전자우, 삼성중공업, 삼성증권, 삼성카드, 삼성화재, 삼성화재우, 삼양식품, 삼양패키징, 삼영, 삼영엠텍, 삼일씨엔에스, 삼정펄프, 삼진엘앤디, 삼천당제약, 삼표시멘트, 삼호개발, 삼화네트웍스, 삼화전자, 삼화콘덴서, 서암기계공업, 서연탑메탈, 서울리거, 서울바이오시스, 서울반도체, 서울제약, 서전기전, 서진시스템, 성광벤드, 성신양회, 성우전자, 세명전기, 세방, 세아제강, 세진중공업, 셀루메드, 셀트리온, 소노스퀘어, 소룩스, 스타플렉스, 시공테크, 시노펙스, 시디즈, 신라교역, 신성에스티, 신성통상, 신세계푸드, 신신제약, 신영증권, 신원, 신일제약, 신풍, 신한알파리츠, 신한제12호스팩, 신한제13호스팩, 신한지주, 실리콘투, 쎌바이오텍, 씨앤씨인터내셔널, 씨엔플러스, 씨젠, 아나패스, 아난티, 아모레퍼시픽우, 아세아, 아세아시멘트, 아우딘퓨쳐스, 아이마켓코리아, 아이센스, 아이엠비디엑스, 아이큐어, 아이톡시, 아이티센글로벌, 아주IB투자, 안국약품, 알테오젠, 알파녹스, 압타머사이언스, 애니플러스, 애드바이오텍, 애머릿지, 앤디포스, 어보브반도체, 에너토크, 에넥스, 에스아이리소스, 에스앤더블류, 에스앤디, 에스엘, 에스엘에스바이오, 에스와이, 에스텍, 에스티팜, 에이비엘바이오, 에이에프더블류, 에이치엔에스하이텍, 에이프로젠, 에이프릴바이오, 에코글로우, 에프앤가이드, 에프엔에스테크, 엑스플러스, 엑시온그룹, 엑시콘, 엔에이치스팩30호, 엔피, 엠게임, 엠플러스, 영원무역, 영진약품, 예스티, 오로스테크놀로지, 오리엔탈정공, 오리온홀딩스, 오상헬스케어, 오스코텍, 오스테오닉, 오킨스전자, 옵투스제약, 와이바이오로직스, 와이엔텍, 와이엠, 와이엠텍, 와이지-원, 우리금융지주, 우리기술, 우리기술투자, 우리바이오, 우림피티에스, 우수AMS, 우정바이오, 우진, 워트, 원익IPS, 원익큐브, 원풍, 웨이버스, 웨이브일렉트로, 위더스제약, 윈스테크넷, 윈팩, 윈하이텍, 윙입푸드, 유니온머티리얼, 유니테크노, 유신, 유아이디, 유아이엘, 유안타증권, 유안타증권우, 유유제약, 유유제약1우, 유유제약2우B, 유진기업, 유진스팩10호, 유진투자증권, 유틸렉스, 유한양행, 유한양행우, 이건산업, 이글벳, 이니텍, 이리츠코크렙, 이연제약, 이오플로우, 이원컴포텍, 이지스레지던스리츠, 이지스밸류플러스리츠, 인디에프, 인벤티지랩, 인선이엔티, 인크레더블버즈, 인트론바이오, 인화정공, 일성건설, 일승, 일신석재, 일진디스플, 일진전기, 잉글우드랩, 자이에스앤디, 제룡산업, 제룡전기, 제이앤티씨, 제이에스링크, 제이에스티나, 제일테크노스, 젝시믹스, 조광페인트, 조광피혁, 조비, 종근당, 중앙첨단소재, 지놈앤컴퍼니, 지누스, 지니틱스, 지아이이노베이션, 지어소프트, 지에프씨생명과학, 진로발효, 진시스템, 진양산업, 진양제약, 진양폴리, 진양화학, 진흥기업, 진흥기업우B, 참엔지니어링, 창해에탄올, 천일고속, 카페24, 케어젠, 케이디켐, 케이씨텍, 케이엔에스, 케이이엠텍, 케이프, 케이피에프, 켄코아에어로스페이스, 코다코, 코디, 코람코더원리츠, 코람코라이프인프라리츠, 코리아에셋투자증권, 코리안리, 코메론, 코스나인, 코스메카코리아, 코아스템켐온, 코아시아, 코아시아씨엠, 코오롱글로벌, 코오롱글로벌우, 코오롱생명과학, 코오롱티슈진, 코웨이, 코츠테크놀로지, 콜마비앤에이치, 쿠쿠홀딩스, 큐캐피탈, 크라운제과, 크래프톤, 클래시스, 키움제8호스팩, 키움증권, 킵스파마, 태광, 태양금속, 태양금속우, 태영건설우, 테라젠이텍스, 테크윙, 툴젠, 티쓰리, 티와이홀딩스, 티와이홀딩스우, 티웨이항공, 티웨이홀딩스, 티플랙스, 파마리서치, 파인디앤씨, 파인디지털, 파인텍, 퍼시스, 펄어비스, 펌텍코리아, 포스코인터내셔널, 푸드나무, 푸드웰, 풀무원, 풍원정밀, 퓨쳐켐, 프레스티지바이오로직스, 프레스티지바이오파마, 프로티아, 플라즈맵, 피제이전자, 피코그램, 피플바이오, 하나31호스팩, 하나금융지주, 하이로닉, 하이텍팜, 하이트진로홀딩스우, 하이퍼코퍼레이션, 한국ANKOR유전, 한국가스공사, 한국공항, 한국금융지주, 한국금융지주우, 한국비엔씨, 한국석유, 한국쉘석유, 한국앤컴퍼니, 한국자산신탁, 한국제12호스팩, 한국제지, 한국주강, 한국주철관, 한국첨단소재, 한국카본, 한국토지신탁, 한국피아이엠, 한국화장품제조, 한독, 한라IMS, 한미글로벌, 한미약품, 한샘, 한선엔지니어링, 한신공영, 한양증권, 한양증권우, 한올바이오파마, 한일시멘트, 한일홀딩스, 한전KPS, 한전기술, 한진칼, 한화, 한화3우B, 한화리츠, 한화생명, 한화손해보험, 한화시스템, 한화에어로스페이스, 한화엔진, 한화투자증권, 한화투자증권우, 해성산업, 해성산업1우, 해성에어로보틱스, 해성옵틱스, 해태제과식품, 헝셩그룹, 헥토파이낸셜, 현대ADM, 현대글로비스, 현대로템, 현대리바트, 현대무벡스, 현대에버다임, 현대엘리베이터, 현대오토에버, 현대차2우B, 현대차3우B, 현대차우, 현대차증권, 현대코퍼레이션, 현대퓨처넷, 현대해상, 협진, 혜인, 홈캐스트, 화성밸브, 화승알앤에이, 화승인더, 화승코퍼레이션, 환인제약, 효성ITX, 휴럼, 휴스틸, 휴온스글로벌, 휴젤, 흥국화재, 희림
============================================================
Q: 2024-07-30에 거래량이 20일 평균 대비 100% 이상 급증한 종목을 알려줘

✅ 공통 종목:
남광토건, 동아지질, 동양고속, 삼표시멘트, 쏘닉스, 아이컴포넌트, 아톤, 에쓰씨엔지니어링, 오브젠, 옵티코어, 우원개발, 이건홀딩스, 이루온, 이씨에스, 이화공영, 인베니아, 진원생명과학, 특수건설, 한솔로지스틱스, 한솔인티큐브

❌ expected에만 있는 종목:
(없음)

⚠️ actual에만 있는 종목:
BNK금융지주, BYC우, CS홀딩스, HS효성첨단소재, IBKS제23호스팩, KG이니시스, LG유플러스, LX홀딩스, PI첨단소재, SBI핀테크솔루션즈, STX그린로지스, iM금융지주, 강동씨앤엘, 계양전기우, 글로본, 기신정기, 나노씨엠에스, 남화토건, 넥센우, 녹십자, 다스코, 대모, 대양금속, 대영포장, 대현, 덴티스, 도이치모터스, 동남합성, 동방, 동운아나텍, 동일금속, 드림인사이트, 디에이치엑스컴퍼니, 디에이피, 디와이피엔에프, 딜리, 리메드, 모비데이즈, 모헨즈, 방림, 범양건영, 부광약품, 부국철강, 비보존 제약, 비엘팜텍, 비케이홀딩스, 비큐AI, 비투엔, 삼성스팩8호, 삼호개발, 상상인, 서울식품우, 서울전자통신, 서울평가정보, 셀리드, 셀바스헬스케어, 스톰테크, 신라교역, 신신제약, 싸이버원, 쎄니트, 씨유메디칼, 아이로보틱스, 아이윈, 아이진, 아이티아이즈, 알에프텍, 알테오젠, 압타머사이언스, 앱트뉴로사이언스, 에넥스, 에스아이리소스, 에스앤에스텍, 에스엘에스바이오, 에이스테크, 에이치시티, 에이치씨보광산업, 에이치씨홈센타, 에치에프알, 에프엔씨엔터, 엔젠바이오, 엠아이큐브솔루션, 예스24, 오하임앤컴퍼니, 와이즈버즈, 와이투솔루션, 우리금융지주, 우리바이오, 우리엔터프라이즈, 웅진, 웹스, 웹젠, 위닉스, 위지트, 윈스테크넷, 유니온바이오메트릭스, 유니켐, 유니테크노, 유수홀딩스, 유엔젤, 유화증권, 이건산업, 이엠넷, 이월드, 이지트로닉스, 이크레더블, 이화산업, 인산가, 인터지스, 자람테크놀로지, 자연과환경, 전진바이오팜, 제넥신, 제닉, 제일엠앤에스, 좋은사람들, 지니언스, 진매트릭스, 진양화학, 진흥기업2우B, 진흥기업우B, 차바이오텍, 천일고속, 케스피온, 케이바이오, 코리안리, 코스텍시스, 코어라인소프트, 코콤, 퀀타매트릭스, 텔콘RF제약, 팜스빌, 포인트엔지니어링, 푸드나무, 프롬바이오, 플레이디, 하나31호스팩, 하이퍼코퍼레이션, 한국유니온제약, 한국종합기술, 한국타이어앤테크놀로지, 한국항공우주, 한선엔지니어링, 한신공영, 한익스프레스, 한일홀딩스, 한화갤러리아, 한화시스템, 해성디에스, 현대코퍼레이션, 환인제약, 효성, 효성티앤씨
============================================================
Q: 2025-04-18에 종가가 60일 이동평균보다 10% 이상 높은 종목을 알려줘

✅ 공통 종목:
DSC인베스트먼트, TS인베스트먼트, 경남스틸, 계룡건설, 동양철관, 상지건설, 셀레스트라, 시지트로닉스, 아이스크림에듀, 엑스페릭스, 엑시온그룹, 펩트론, 포바이포, 형지글로벌

❌ expected에만 있는 종목:
THE CUBE&

⚠️ actual에만 있는 종목:
CJ4우(전환), CJ씨푸드1우, CMG제약, CSA 코스믹, DN오토모티브, ES큐브, HB인베스트먼트, HDC현대산업개발, HD현대마린솔루션, HD현대마린엔진, HD현대미포, HD현대중공업, HJ중공업, HS효성, JW신약, KCC건설, KR모터스, LB인베스트먼트, LG유플러스, SAMG엔터, SK디스커버리, SK디앤디, SNT다이내믹스, SNT에너지, SPC삼립, SV인베스트먼트, YBM넷, 가비아, 감성코퍼레이션, 강스템바이오텍, 갤럭시아에스엠, 경인양행, 고바이오랩, 골프존홀딩스, 광무, 광진실업, 그리드위즈, 그린케미칼, 글로벌텍스프리, 금강공업, 금호건설, 금호전기, 깨끗한나라, 깨끗한나라우, 꿈비, 나우IB, 나이벡, 나인테크, 내츄럴엔도텍, 네오위즈, 네오위즈홀딩스, 네오크레마, 네오펙트, 네이처셀, 넥스트아이, 넥스틸, 넵튠, 노머스, 노바렉스, 노바텍, 누리플랜, 뉴보텍, 다올투자증권, 대덕, 대덕1우, 대동스틸, 대명에너지, 대상홀딩스, 대성창투, 대성하이텍, 대아티아이, 대양금속, 대원, 대원산업, 대주산업, 대한제당, 대한제당우, 대호에이엘, 대화제약, 더라미, 동방, 동방선기, 동양생명, 동양우, 동원F&B, 동원산업, 두산2우B, 드림인사이트, 디모아, 디앤디파마텍, 디에이치엑스컴퍼니, 디오, 딥노이드, 레이저옵텍, 로보로보, 롯데관광개발, 린드먼아시아, 링크드, 마이크로컨텍솔, 멀티캠퍼스, 메가스터디교육, 메가엠디, 메디아나, 메디톡스, 메이슨캐피탈, 메지온, 메카로, 메타바이오메드, 모두투어, 모코엠시스, 모헨즈, 무학, 미래아이앤지, 미스터블루, 바이오플러스, 바이젠셀, 벡트, 벽산, 부방, 부산산업, 브이엠, 블루엠텍, 비비안, 비상교육, 비스토스, 비아이매트릭스, 비큐AI, 비트맥스, 비트컴퓨터, 삐아, 사조씨푸드, 산돌, 삼보산업, 삼성출판사, 삼양식품, 삼일, 삼화전자, 상상인, 서울리거, 서울식품, 서울식품우, 서호전기, 서희건설, 선진뷰티사이언스, 성신양회, 성신양회우, 세명전기, 세아제강, 세우글로벌, 셀바이오휴먼텍, 소프트캠프, 솔루스첨단소재2우B, 솔트룩스, 솔트웨어, 슈프리마, 스코넥, 스튜디오미르, 스틱인베스트먼트, 스피어, 시너지이노베이션, 시디즈, 시선AI, 신대양제지, 신라섬유, 신세계, 신신제약, 신원, 신테카바이오, 실리콘투, 싸이버원, 쎄노텍, 쎄니트, 쓰리빌리언, 씨아이테크, 씨이랩, 아가방컴퍼니, 아난티, 아모텍, 아센디오, 아셈스, 아이로보틱스, 아이비김영, 아이스크림미디어, 아이씨티케이, 아이진, 아이티센씨티에스, 아이티센엔텍, 아이티아이즈, 아티스트스튜디오, 알서포트, 알엔투테크놀로지, 알체라, 애니플러스, 에넥스, 에스디시스템, 에스아이리소스, 에스앤더블류, 에스앤디, 에스에너지, 에스엠, 에스유앤피, 에스지헬스케어, 에스폴리텍, 에쓰씨엔지니어링, 에어레인, 에이루트, 에이비엘바이오, 에이비온, 에이치씨보광산업, 에이치씨홈센타, 에이치이엠파마, 에이피알, 에코글로우, 에코바이오, 에코아이, 에코캡, 에프엔씨엔터, 엑사이엔씨, 엑스플러스, 엠아이큐브솔루션, 엠앤씨솔루션, 엠오티, 엠젠솔루션, 영보화학, 예선테크, 오리엔트정공, 오리온, 오브젠, 오픈놀, 온코닉테라퓨틱스, 온코크로스, 올릭스, 옴니시스템, 옵티코어, 와이랩, 와이솔, 와이엠, 와이즈버즈, 와이지엔터테인먼트, 우듬지팜, 우원개발, 우주일렉트로, 웅진, 원텍, 원티드랩, 웨이브일렉트로, 웹스, 웹케시, 위세아이텍, 위즈코프, 윌비스, 유니드비티플러스, 유니슨, 유니켐, 유니크, 유니트론텍, 유디엠텍, 유라클, 유라테크, 유비온, 유비케어, 유일로보틱스, 육일씨엔에쓰, 이건홀딩스, 이노룰스, 이노진, 이니텍, 이마트, 이스트에이드, 이엔에프테크놀로지, 이지홀딩스, 인디에프, 인바이오, 인벤티지랩, 인성정보, 인카금융서비스, 인크레더블버즈, 인터지스, 인피니트헬스케어, 인화정공, 일신석재, 잉글우드랩, 자연과환경, 재영솔루텍, 전방, 제로투세븐, 제이에스링크, 제이준코스메틱, 제일약품, 제주은행, 젬백스, 좋은사람들, 지놈앤컴퍼니, 지니언스, 지아이이노베이션, 지아이텍, 지에프씨생명과학, 지엔씨에너지, 지역난방공사, 카티스, 캐리, 캔버스엔, 캡스톤파트너스, 컴퍼니케이, 케어랩스, 케이엔더블유, 케이옥션, 케일럼, 코나아이, 코난테크놀로지, 코데즈컴바인, 코미코, 코미팜, 코셈, 코스맥스비티아이, 코스텍시스, 코오롱, 코오롱티슈진, 코퍼스코리아, 콜마홀딩스, 쿠콘, 큐리언트, 큐리옥스바이오시스템즈, 큐브엔터, 크라우드웍스, 크라운해태홀딩스우, 크래프톤, 크리스탈신소재, 클래시스, 키다리스튜디오, 킵스파마, 태양금속, 태양금속우, 토니모리, 토마토시스템, 토박스코리아, 특수건설, 티앤알바이오팹, 티움바이오, 파라다이스, 파마리서치, 파세코, 팬스타엔터프라이즈, 펌텍코리아, 평화산업, 평화홀딩스, 포스뱅크, 프럼파스트, 플래티어, 플랜티넷, 플루토스, 핑거, 핑거스토리, 하이딥, 하이스틸, 한국선재, 한국전력, 한국종합기술, 한국주철관, 한국카본, 한국콜마, 한국항공우주, 한솔PNS, 한솔인티큐브, 한신공영, 한일현대시멘트, 한진중공업홀딩스, 한창제지, 한화비전, 한화시스템, 한화에어로스페이스, 한화오션, 해태제과식품, 핸디소프트, 현대건설, 현대그린푸드, 현대로템, 현대에이치티, 현대엘리베이터, 협진, 형지I&C, 형지엘리트, 홈캐스트, 화천기계, 휴맥스, 휴맥스홀딩스, 휴온스글로벌, 휴젤, 흥국화재우
[경고] 블록 48의 줄 수가 부족합니다. 건너뜀.
============================================================
Q: 2025-02-24부터 2025-03-26까지 데드크로스가 발생한 종목을 알려줘

✅ 공통 종목:
BNK금융지주

❌ expected에만 있는 종목:
3S, AJ네트웍스, APS, AP시스템, AP위성, AP헬스케어, BGF, BGF에코머티리얼즈, BYC우, CG인바이츠, CJ CGV, CJ ENM, CJ씨푸드, CJ씨푸드1우, CJ제일제당, CJ프레시웨이, CMG제약, CS, DB

⚠️ actual에만 있는 종목:
DB증권, DL이앤씨2우(전환), DSC인베스트먼트, HD현대인프라코어, HD현대일렉트릭, KBI메탈, KG스틸, LB인베스트먼트, LG우, LS티라유텍, MDS테크, NH올원리츠, NI스틸, S-Oil우, SNT다이내믹스, TBH글로벌, 경농, 골드앤에스, 그린플러스, 나노실리칸첨단소재, 나라셀라, 나무기술, 네오셈, 넵튠, 노을, 대성미생물, 대성파인텍, 대신증권, 대신증권2우B, 대신증권우, 대주산업, 대한유화, 동국제강, 동남합성, 동방선기, 동부건설, 동성화인텍, 동양에스텍, 동일기연, 디앤디파마텍, 디와이, 디와이피엔에프, 디지털대성, 디케이락, 라닉스, 라온테크, 로보티즈, 롯데칠성우, 리노공업, 마이크로투나노, 메가터치, 모비데이즈, 미래반도체, 미원홀딩스, 미투온, 미트박스, 바이오플러스, 범한퓨얼셀, 베뉴지, 부국철강, 비씨엔씨, 비엔케이제2호스팩, 비츠로셀, 비츠로시스, 삼성공조, 삼성중공업, 삼성카드, 삼성화재, 삼성화재우, 삼양식품, 삼영엠텍, 삼일기업공사, 삼일제약, 샌즈랩, 샘표, 서산, 성도이엔지, 성문전자우, 성신양회우, 세림B&G, 셀트리온제약, 슈프리마, 슈피겐코리아, 시공테크, 신라에스지, 신스틸, 신시웨이, 신일제약, 신한제12호스팩, 싸이버원, 써니전자, 쏘카, 씨엔알리서치, 아모텍, 아세아제지, 아이티센씨티에스, 아주스틸, 아진엑스텍, 알루코, 알테오젠, 알톤, 애니플러스, 에스비비테크, 에스에너지, 에스케이증권제11호스팩, 에이디테크놀로지, 에이에스텍, 에이치시티, 에이치엠씨제7호스팩, 에코글로우, 에프에스티, 엑스게이트, 엑스페릭스, 엔에이치스팩31호, 엔젤로보틱스, 엘티씨, 오리엔탈정공, 오스코텍, 온코크로스, 와이랩, 와이엠티, 원림, 원익홀딩스, 웨이브일렉트로, 웰킵스하이텍, 위닉스, 위드텍, 유라테크, 유일로보틱스, 유한양행, 이글벳, 이노션, 이마트, 이지케어텍, 이지트로닉스, 인터엠, 인텔리안테크, 일양약품우, 일진전기, 제이투케이바이오, 젝시믹스, 지니너스, 지엔씨에너지, 진도, 진바이오텍, 진시스템, 카카오페이, 캐리소프트, 케이알엠, 케이피티유, 코디, 코셈, 코스텍시스, 코아스, 코오롱글로벌우, 코오롱생명과학, 코위버, 코칩, 쿠콘, 큐에스아이, 크라운해태홀딩스우, 크린앤사이언스, 클로봇, 타이거일렉, 탑코미디어, 태양, 태웅로직스, 티쓰리, 팬엔터테인먼트, 퍼스텍, 펩트론, 포스코엠텍, 포스코인터내셔널, 퓨쳐켐, 하이딥, 하이즈항공, 하이텍팜, 한국내화, 한국정밀기계, 한국주철관, 한국컴퓨터, 한빛레이저, 한선엔지니어링, 한싹, 한양증권, 한일단조, 한일사료, 한일홀딩스, 한진, 한진중공업홀딩스, 한진칼, 한탑, 한화, 한화3우B, 한화생명, 한화솔루션우, 한화에어로스페이스, 한화엔진, 한화오션, 형지I&C, 황금에스티, 휴스틸, 흥구석유
============================================================
Q: 2024-08-09에 종가가 60일 이동평균보다 3% 이상 높은 종목을 알려줘

✅ 공통 종목:
비투엔, 셀리드, 소니드, 수젠텍, 스피어, 에스엘에스바이오, 엑스큐어, 우리바이오, 젝시믹스, 진매트릭스, 진원생명과학, 퀀타매트릭스, 피씨엘, 한양증권우

❌ expected에만 있는 종목:
SG

⚠️ actual에만 있는 종목:
BNK금융지주, CMG제약, DI동일, DN오토모티브, GH신소재, GS건설, GS글로벌, GS우, HDC현대산업개발, HD한국조선해양, HD현대, HD현대마린엔진, HD현대미포, HD현대중공업, HK이노엔, HLB글로벌, HLB생명과학, HLB제약, HLB테라퓨틱스, HLB파나진, JW홀딩스, KB제25호스팩, KG모빌리티, KSS해운, LIG넥스원, NH올원리츠, NH투자증권, SAMG엔터, SGC에너지, SG글로벌, SG세계물산, SK리츠, SK바이오사이언스, SK바이오팜, SK텔레콤, SNT다이내믹스, STX그린로지스, 갤럭시아머니트리, 경남제약, 경동나비엔, 계룡건설, 고바이오랩, 국영지앤엠, 국제약품, 그린생명과학, 글로벌텍스프리, 나노씨엠에스, 나노엔텍, 남광토건, 네오크레마, 네이처셀, 넥스트아이, 넥슨게임즈, 넷마블, 녹십자, 녹십자엠에스, 녹십자홀딩스, 녹십자홀딩스2우, 다스코, 대모, 대봉엘에스, 대성에너지, 대성하이텍, 대양금속, 대우건설, 대웅, 대웅제약, 대원제약, 대한뉴팜, 더바이오메드, 동남합성, 동방, 동방선기, 동성화인텍, 동아쏘시오홀딩스, 동아에스티, 동아지질, 동양생명, 동일스틸럭스, 듀켐바이오, 드림씨아이에스, 디씨엠, 디케이앤디, 라파스, 랩지노믹스, 레몬, 롯데리츠, 롯데칠성, 리가켐바이오, 리메드, 마이크로디지탈, 메디톡스, 메리츠금융지주, 멕아이씨에스, 명문제약, 무학, 미래에셋비전스팩2호, 미래에셋증권, 미래에셋증권2우B, 미스토홀딩스, 미창석유, 바디텍메드, 바이넥스, 바이오노트, 바이오니아, 바이오다인, 바이오에프디엔씨, 바이오포트, 바이오플러스, 바이젠셀, 방림, 벽산, 보령, 보로노이, 부국증권, 뷰노, 브릿지바이오테라퓨틱스, 브이티, 블루엠텍, 블루콤, 비보존 제약, 빅텍, 사조산업, 사조씨푸드, 사조오양, 삼성E&A, 삼성바이오로직스, 삼성제약, 삼성중공업, 삼성증권, 삼성카드, 삼아제약, 삼양패키징, 삼영엠텍, 삼일제약, 삼천당제약, 삼표시멘트, 샤페론, 서연탑메탈, 서울바이오시스, 서울제약, 서울평가정보, 성광벤드, 성우전자, 셀레믹스, 셀루메드, 셀바스헬스케어, 셀트리온, 소노스퀘어, 소룩스, 소마젠, 쇼박스, 스페코, 신성통상, 신신제약, 신영증권, 신원종합개발, 신일제약, 신풍, 신풍제약, 신풍제약우, 신한알파리츠, 신한지주, 실리콘투, 씨앤씨인터내셔널, 씨에스윈드, 씨엔플러스, 씨젠, 아세아시멘트, 아이디피, 아이로보틱스, 아이엠비디엑스, 아이진, 아이큐어, 아이티아이즈, 알리코제약, 알테오젠, 압타머사이언스, 압타바이오, 애드바이오텍, 애머릿지, 양지사, 에넥스, 에스디바이오센서, 에스아이리소스, 에스앤디, 에스와이스틸텍, 에스티오, 에이비엘바이오, 에이치시티, 에이치엠넥스, 에이프로젠, 에이프릴바이오, 에프앤가이드, 엑세스바이오, 엑시온그룹, 엔바이오니아, 엔에스이엔엠, 엘컴텍, 영원무역, 영진약품, 예스24, 오늘이엔엠, 오리엔탈정공, 오브젠, 오상자이엘, 오상헬스케어, 오성첨단소재, 오스코텍, 오스테오닉, 오하임앤컴퍼니, 올리패스, 올릭스, 옵티코어, 우리엔터프라이즈, 우원개발, 우정바이오, 원풍, 웰크론, 웹젠, 위더스제약, 윈팩, 유니테크노, 유안타증권우, 유유제약, 유투바이오, 유틸렉스, 유한양행, 유한양행우, 이건홀딩스, 이리츠코크렙, 이화공영, 인벤티지랩, 인크레더블버즈, 인트론바이오, 인화정공, 일동제약, 일동홀딩스, 일성건설, 일승, 일신바이오, 일신석재, 일양약품, 자이에스앤디, 제넥신, 제이에스링크, 조광페인트, 조광피혁, 종근당, 종근당바이오, 중앙에너비스, 중앙첨단소재, 지놈앤컴퍼니, 지누스, 지에스이, 지에프씨생명과학, 진시스템, 진양제약, 카페24, 캐스텍코리아, 케이바이오, 케이에스피, 케이엠, 케이엠제약, 케이프, 코디, 코스메카코리아, 코아스, 코오롱생명과학, 코오롱티슈진, 큐리언트, 크래프톤, 태광, 태성, 태양금속, 태영건설, 태영건설우, 툴젠, 티웨이홀딩스, 파마리서치, 파크시스템스, 팜젠사이언스, 펩트론, 포커스에이아이, 푸드나무, 퓨쳐켐, 프레스티지바이오로직스, 프레스티지바이오파마, 피노, 피플바이오, 하이텍팜, 하츠, 한국ANKOR유전, 한국금융지주우, 한국비엔씨, 한국석유, 한국쉘석유, 한국앤컴퍼니, 한국유니온제약, 한국카본, 한국콜마, 한국화장품제조, 한라IMS, 한선엔지니어링, 한신공영, 한양증권, 한올바이오파마, 한일시멘트, 한전KPS, 한전산업, 한화, 한화손해보험, 한화에어로스페이스, 헬릭스미스, 현대로템, 현대바이오, 현대바이오랜드, 현대약품, 현대에버다임, 화성밸브, 화일약품, 휴니드, 휴마시스, 휴메딕스, 휴젤, 흥구석유, 흥아해운
[경고] 블록 51의 줄 수가 부족합니다. 건너뜀.
